ARM GAS  C:\Users\Riccardo\AppData\Local\Temp\ccnUADDu.s 			page 1


   1              		.syntax unified
   2              		.cpu cortex-m3
   3              		.fpu softvfp
   4              		.eabi_attribute 20, 1
   5              		.eabi_attribute 21, 1
   6              		.eabi_attribute 23, 3
   7              		.eabi_attribute 24, 1
   8              		.eabi_attribute 25, 1
   9              		.eabi_attribute 26, 1
  10              		.eabi_attribute 30, 1
  11              		.eabi_attribute 34, 1
  12              		.eabi_attribute 18, 4
  13              		.thumb
  14              		.syntax unified
  15              		.file	"cymetadata.c"
  16              		.text
  17              	.Ltext0:
  18              		.cfi_sections	.debug_frame
  19              		.global	cy_metadata
  20              		.global	cy_meta_flashprotect
  21              		.global	cy_meta_wonvl
  22              		.global	cy_meta_custnvl
  23              		.global	cy_meta_configecc
  24              		.section	.cyconfigecc,"a",%progbits
  25              		.align	2
  26              		.type	cy_meta_configecc, %object
  27              		.size	cy_meta_configecc, 1972
  28              	cy_meta_configecc:
  29 0000 02       		.byte	2
  30 0001 4F       		.byte	79
  31 0002 00       		.byte	0
  32 0003 40       		.byte	64
  33 0004 03       		.byte	3
  34 0005 52       		.byte	82
  35 0006 00       		.byte	0
  36 0007 40       		.byte	64
  37 0008 03       		.byte	3
  38 0009 64       		.byte	100
  39 000a 00       		.byte	0
  40 000b 40       		.byte	64
  41 000c 03       		.byte	3
  42 000d 65       		.byte	101
  43 000e 00       		.byte	0
  44 000f 40       		.byte	64
  45 0010 0D       		.byte	13
  46 0011 02       		.byte	2
  47 0012 01       		.byte	1
  48 0013 40       		.byte	64
  49 0014 39       		.byte	57
  50 0015 03       		.byte	3
  51 0016 01       		.byte	1
  52 0017 40       		.byte	64
  53 0018 57       		.byte	87
  54 0019 04       		.byte	4
  55 001a 01       		.byte	1
  56 001b 40       		.byte	64
  57 001c 45       		.byte	69
ARM GAS  C:\Users\Riccardo\AppData\Local\Temp\ccnUADDu.s 			page 2


  58 001d 05       		.byte	5
  59 001e 01       		.byte	1
  60 001f 40       		.byte	64
  61 0020 0A       		.byte	10
  62 0021 07       		.byte	7
  63 0022 01       		.byte	1
  64 0023 40       		.byte	64
  65 0024 4B       		.byte	75
  66 0025 08       		.byte	8
  67 0026 01       		.byte	1
  68 0027 40       		.byte	64
  69 0028 3C       		.byte	60
  70 0029 09       		.byte	9
  71 002a 01       		.byte	1
  72 002b 40       		.byte	64
  73 002c 05       		.byte	5
  74 002d 0B       		.byte	11
  75 002e 01       		.byte	1
  76 002f 40       		.byte	64
  77 0030 04       		.byte	4
  78 0031 0C       		.byte	12
  79 0032 01       		.byte	1
  80 0033 40       		.byte	64
  81 0034 03       		.byte	3
  82 0035 0D       		.byte	13
  83 0036 01       		.byte	1
  84 0037 40       		.byte	64
  85 0038 08       		.byte	8
  86 0039 15       		.byte	21
  87 003a 01       		.byte	1
  88 003b 40       		.byte	64
  89 003c 06       		.byte	6
  90 003d 17       		.byte	23
  91 003e 01       		.byte	1
  92 003f 40       		.byte	64
  93 0040 09       		.byte	9
  94 0041 18       		.byte	24
  95 0042 01       		.byte	1
  96 0043 40       		.byte	64
  97 0044 3F       		.byte	63
  98 0045 19       		.byte	25
  99 0046 01       		.byte	1
 100 0047 40       		.byte	64
 101 0048 68       		.byte	104
 102 0049 1A       		.byte	26
 103 004a 01       		.byte	1
 104 004b 40       		.byte	64
 105 004c 4F       		.byte	79
 106 004d 1B       		.byte	27
 107 004e 01       		.byte	1
 108 004f 40       		.byte	64
 109 0050 02       		.byte	2
 110 0051 40       		.byte	64
 111 0052 01       		.byte	1
 112 0053 40       		.byte	64
 113 0054 06       		.byte	6
 114 0055 41       		.byte	65
ARM GAS  C:\Users\Riccardo\AppData\Local\Temp\ccnUADDu.s 			page 3


 115 0056 01       		.byte	1
 116 0057 40       		.byte	64
 117 0058 0C       		.byte	12
 118 0059 42       		.byte	66
 119 005a 01       		.byte	1
 120 005b 40       		.byte	64
 121 005c 01       		.byte	1
 122 005d 43       		.byte	67
 123 005e 01       		.byte	1
 124 005f 40       		.byte	64
 125 0060 04       		.byte	4
 126 0061 44       		.byte	68
 127 0062 01       		.byte	1
 128 0063 40       		.byte	64
 129 0064 06       		.byte	6
 130 0065 45       		.byte	69
 131 0066 01       		.byte	1
 132 0067 40       		.byte	64
 133 0068 07       		.byte	7
 134 0069 46       		.byte	70
 135 006a 01       		.byte	1
 136 006b 40       		.byte	64
 137 006c 04       		.byte	4
 138 006d 47       		.byte	71
 139 006e 01       		.byte	1
 140 006f 40       		.byte	64
 141 0070 06       		.byte	6
 142 0071 48       		.byte	72
 143 0072 01       		.byte	1
 144 0073 40       		.byte	64
 145 0074 0F       		.byte	15
 146 0075 49       		.byte	73
 147 0076 01       		.byte	1
 148 0077 40       		.byte	64
 149 0078 09       		.byte	9
 150 0079 4C       		.byte	76
 151 007a 01       		.byte	1
 152 007b 40       		.byte	64
 153 007c 0E       		.byte	14
 154 007d 4D       		.byte	77
 155 007e 01       		.byte	1
 156 007f 40       		.byte	64
 157 0080 06       		.byte	6
 158 0081 50       		.byte	80
 159 0082 01       		.byte	1
 160 0083 40       		.byte	64
 161 0084 02       		.byte	2
 162 0085 51       		.byte	81
 163 0086 01       		.byte	1
 164 0087 40       		.byte	64
 165 0088 01       		.byte	1
 166 0089 30       		.byte	48
 167 008a 0A       		.byte	10
 168 008b 4B       		.byte	75
 169 008c 00       		.byte	0
 170 008d 60       		.byte	96
 171 008e 01       		.byte	1
ARM GAS  C:\Users\Riccardo\AppData\Local\Temp\ccnUADDu.s 			page 4


 172 008f 40       		.byte	64
 173 0090 11       		.byte	17
 174 0091 02       		.byte	2
 175 0092 83       		.byte	-125
 176 0093 0F       		.byte	15
 177 0094 88       		.byte	-120
 178 0095 0F       		.byte	15
 179 0096 89       		.byte	-119
 180 0097 38       		.byte	56
 181 0098 88       		.byte	-120
 182 0099 0F       		.byte	15
 183 009a 89       		.byte	-119
 184 009b 72       		.byte	114
 185 009c 8B       		.byte	-117
 186 009d 0F       		.byte	15
 187 009e 0E       		.byte	14
 188 009f 01       		.byte	1
 189 00a0 11       		.byte	17
 190 00a1 01       		.byte	1
 191 00a2 15       		.byte	21
 192 00a3 01       		.byte	1
 193 00a4 1E       		.byte	30
 194 00a5 01       		.byte	1
 195 00a6 21       		.byte	33
 196 00a7 01       		.byte	1
 197 00a8 28       		.byte	40
 198 00a9 01       		.byte	1
 199 00aa 30       		.byte	48
 200 00ab 01       		.byte	1
 201 00ac 31       		.byte	49
 202 00ad 01       		.byte	1
 203 00ae 3E       		.byte	62
 204 00af 01       		.byte	1
 205 00b0 3F       		.byte	63
 206 00b1 01       		.byte	1
 207 00b2 58       		.byte	88
 208 00b3 04       		.byte	4
 209 00b4 59       		.byte	89
 210 00b5 04       		.byte	4
 211 00b6 5F       		.byte	95
 212 00b7 01       		.byte	1
 213 00b8 00       		.byte	0
 214 00b9 90       		.byte	-112
 215 00ba 02       		.byte	2
 216 00bb 10       		.byte	16
 217 00bc 03       		.byte	3
 218 00bd 80       		.byte	-128
 219 00be 05       		.byte	5
 220 00bf 40       		.byte	64
 221 00c0 06       		.byte	6
 222 00c1 81       		.byte	-127
 223 00c2 07       		.byte	7
 224 00c3 80       		.byte	-128
 225 00c4 08       		.byte	8
 226 00c5 40       		.byte	64
 227 00c6 0A       		.byte	10
 228 00c7 80       		.byte	-128
ARM GAS  C:\Users\Riccardo\AppData\Local\Temp\ccnUADDu.s 			page 5


 229 00c8 0B       		.byte	11
 230 00c9 10       		.byte	16
 231 00ca 0C       		.byte	12
 232 00cb 40       		.byte	64
 233 00cc 0D       		.byte	13
 234 00cd 40       		.byte	64
 235 00ce 0E       		.byte	14
 236 00cf 02       		.byte	2
 237 00d0 10       		.byte	16
 238 00d1 A8       		.byte	-88
 239 00d2 12       		.byte	18
 240 00d3 02       		.byte	2
 241 00d4 17       		.byte	23
 242 00d5 20       		.byte	32
 243 00d6 18       		.byte	24
 244 00d7 14       		.byte	20
 245 00d8 1B       		.byte	27
 246 00d9 10       		.byte	16
 247 00da 1E       		.byte	30
 248 00db 40       		.byte	64
 249 00dc 21       		.byte	33
 250 00dd 40       		.byte	64
 251 00de 22       		.byte	34
 252 00df 0E       		.byte	14
 253 00e0 23       		.byte	35
 254 00e1 30       		.byte	48
 255 00e2 27       		.byte	39
 256 00e3 80       		.byte	-128
 257 00e4 29       		.byte	41
 258 00e5 20       		.byte	32
 259 00e6 2A       		.byte	42
 260 00e7 41       		.byte	65
 261 00e8 2B       		.byte	43
 262 00e9 80       		.byte	-128
 263 00ea 2F       		.byte	47
 264 00eb 80       		.byte	-128
 265 00ec 32       		.byte	50
 266 00ed 46       		.byte	70
 267 00ee 36       		.byte	54
 268 00ef 09       		.byte	9
 269 00f0 39       		.byte	57
 270 00f1 94       		.byte	-108
 271 00f2 3A       		.byte	58
 272 00f3 02       		.byte	2
 273 00f4 40       		.byte	64
 274 00f5 84       		.byte	-124
 275 00f6 41       		.byte	65
 276 00f7 40       		.byte	64
 277 00f8 49       		.byte	73
 278 00f9 40       		.byte	64
 279 00fa 4A       		.byte	74
 280 00fb 08       		.byte	8
 281 00fc 4B       		.byte	75
 282 00fd 06       		.byte	6
 283 00fe 51       		.byte	81
 284 00ff 08       		.byte	8
 285 0100 52       		.byte	82
ARM GAS  C:\Users\Riccardo\AppData\Local\Temp\ccnUADDu.s 			page 6


 286 0101 50       		.byte	80
 287 0102 60       		.byte	96
 288 0103 40       		.byte	64
 289 0104 68       		.byte	104
 290 0105 68       		.byte	104
 291 0106 69       		.byte	105
 292 0107 16       		.byte	22
 293 0108 6A       		.byte	106
 294 0109 80       		.byte	-128
 295 010a 70       		.byte	112
 296 010b 80       		.byte	-128
 297 010c 72       		.byte	114
 298 010d 03       		.byte	3
 299 010e 83       		.byte	-125
 300 010f 12       		.byte	18
 301 0110 84       		.byte	-124
 302 0111 10       		.byte	16
 303 0112 85       		.byte	-123
 304 0113 21       		.byte	33
 305 0114 86       		.byte	-122
 306 0115 01       		.byte	1
 307 0116 C0       		.byte	-64
 308 0117 8F       		.byte	-113
 309 0118 C2       		.byte	-62
 310 0119 8D       		.byte	-115
 311 011a C4       		.byte	-60
 312 011b 4F       		.byte	79
 313 011c CA       		.byte	-54
 314 011d 8D       		.byte	-115
 315 011e CC       		.byte	-52
 316 011f CB       		.byte	-53
 317 0120 CE       		.byte	-50
 318 0121 0F       		.byte	15
 319 0122 D0       		.byte	-48
 320 0123 0D       		.byte	13
 321 0124 D2       		.byte	-46
 322 0125 0C       		.byte	12
 323 0126 D8       		.byte	-40
 324 0127 01       		.byte	1
 325 0128 EE       		.byte	-18
 326 0129 01       		.byte	1
 327 012a 00       		.byte	0
 328 012b 04       		.byte	4
 329 012c 04       		.byte	4
 330 012d 10       		.byte	16
 331 012e 06       		.byte	6
 332 012f 68       		.byte	104
 333 0130 08       		.byte	8
 334 0131 E8       		.byte	-24
 335 0132 0C       		.byte	12
 336 0133 E8       		.byte	-24
 337 0134 0F       		.byte	15
 338 0135 01       		.byte	1
 339 0136 10       		.byte	16
 340 0137 68       		.byte	104
 341 0138 12       		.byte	18
 342 0139 80       		.byte	-128
ARM GAS  C:\Users\Riccardo\AppData\Local\Temp\ccnUADDu.s 			page 7


 343 013a 16       		.byte	22
 344 013b 80       		.byte	-128
 345 013c 17       		.byte	23
 346 013d 02       		.byte	2
 347 013e 18       		.byte	24
 348 013f 16       		.byte	22
 349 0140 1A       		.byte	26
 350 0141 21       		.byte	33
 351 0142 1C       		.byte	28
 352 0143 14       		.byte	20
 353 0144 1E       		.byte	30
 354 0145 40       		.byte	64
 355 0146 23       		.byte	35
 356 0147 04       		.byte	4
 357 0148 24       		.byte	36
 358 0149 E8       		.byte	-24
 359 014a 28       		.byte	40
 360 014b E8       		.byte	-24
 361 014c 2B       		.byte	43
 362 014d 04       		.byte	4
 363 014e 2C       		.byte	44
 364 014f 09       		.byte	9
 365 0150 2E       		.byte	46
 366 0151 12       		.byte	18
 367 0152 2F       		.byte	47
 368 0153 01       		.byte	1
 369 0154 31       		.byte	49
 370 0155 04       		.byte	4
 371 0156 32       		.byte	50
 372 0157 78       		.byte	120
 373 0158 33       		.byte	51
 374 0159 01       		.byte	1
 375 015a 34       		.byte	52
 376 015b 80       		.byte	-128
 377 015c 36       		.byte	54
 378 015d 07       		.byte	7
 379 015e 37       		.byte	55
 380 015f 02       		.byte	2
 381 0160 3A       		.byte	58
 382 0161 88       		.byte	-120
 383 0162 3E       		.byte	62
 384 0163 10       		.byte	16
 385 0164 3F       		.byte	63
 386 0165 05       		.byte	5
 387 0166 40       		.byte	64
 388 0167 10       		.byte	16
 389 0168 41       		.byte	65
 390 0169 05       		.byte	5
 391 016a 45       		.byte	69
 392 016b 10       		.byte	16
 393 016c 46       		.byte	70
 394 016d D2       		.byte	-46
 395 016e 47       		.byte	71
 396 016f 05       		.byte	5
 397 0170 48       		.byte	72
 398 0171 1E       		.byte	30
 399 0172 49       		.byte	73
ARM GAS  C:\Users\Riccardo\AppData\Local\Temp\ccnUADDu.s 			page 8


 400 0173 FF       		.byte	-1
 401 0174 4A       		.byte	74
 402 0175 FF       		.byte	-1
 403 0176 4B       		.byte	75
 404 0177 FF       		.byte	-1
 405 0178 4D       		.byte	77
 406 0179 A0       		.byte	-96
 407 017a 4F       		.byte	79
 408 017b 04       		.byte	4
 409 017c 50       		.byte	80
 410 017d 18       		.byte	24
 411 017e 54       		.byte	84
 412 017f 40       		.byte	64
 413 0180 58       		.byte	88
 414 0181 04       		.byte	4
 415 0182 59       		.byte	89
 416 0183 04       		.byte	4
 417 0184 5A       		.byte	90
 418 0185 04       		.byte	4
 419 0186 5B       		.byte	91
 420 0187 04       		.byte	4
 421 0188 5C       		.byte	92
 422 0189 41       		.byte	65
 423 018a 5D       		.byte	93
 424 018b 14       		.byte	20
 425 018c 5F       		.byte	95
 426 018d 01       		.byte	1
 427 018e 60       		.byte	96
 428 018f 40       		.byte	64
 429 0190 62       		.byte	98
 430 0191 C0       		.byte	-64
 431 0192 64       		.byte	100
 432 0193 40       		.byte	64
 433 0194 65       		.byte	101
 434 0195 40       		.byte	64
 435 0196 66       		.byte	102
 436 0197 C0       		.byte	-64
 437 0198 68       		.byte	104
 438 0199 C0       		.byte	-64
 439 019a 6A       		.byte	106
 440 019b C0       		.byte	-64
 441 019c 6C       		.byte	108
 442 019d C0       		.byte	-64
 443 019e 6E       		.byte	110
 444 019f C0       		.byte	-64
 445 01a0 84       		.byte	-124
 446 01a1 05       		.byte	5
 447 01a2 86       		.byte	-122
 448 01a3 3A       		.byte	58
 449 01a4 8C       		.byte	-116
 450 01a5 04       		.byte	4
 451 01a6 8E       		.byte	-114
 452 01a7 39       		.byte	57
 453 01a8 91       		.byte	-111
 454 01a9 03       		.byte	3
 455 01aa 93       		.byte	-109
 456 01ab 0C       		.byte	12
ARM GAS  C:\Users\Riccardo\AppData\Local\Temp\ccnUADDu.s 			page 9


 457 01ac 96       		.byte	-106
 458 01ad 10       		.byte	16
 459 01ae 98       		.byte	-104
 460 01af 0E       		.byte	14
 461 01b0 99       		.byte	-103
 462 01b1 05       		.byte	5
 463 01b2 9B       		.byte	-101
 464 01b3 0A       		.byte	10
 465 01b4 9C       		.byte	-100
 466 01b5 23       		.byte	35
 467 01b6 9D       		.byte	-99
 468 01b7 02       		.byte	2
 469 01b8 9E       		.byte	-98
 470 01b9 04       		.byte	4
 471 01ba 9F       		.byte	-97
 472 01bb 0D       		.byte	13
 473 01bc AD       		.byte	-83
 474 01bd 09       		.byte	9
 475 01be AF       		.byte	-81
 476 01bf 06       		.byte	6
 477 01c0 B1       		.byte	-79
 478 01c1 0F       		.byte	15
 479 01c2 B2       		.byte	-78
 480 01c3 30       		.byte	48
 481 01c4 B4       		.byte	-76
 482 01c5 0F       		.byte	15
 483 01c6 B8       		.byte	-72
 484 01c7 20       		.byte	32
 485 01c8 BB       		.byte	-69
 486 01c9 02       		.byte	2
 487 01ca D4       		.byte	-44
 488 01cb 09       		.byte	9
 489 01cc D8       		.byte	-40
 490 01cd 04       		.byte	4
 491 01ce D9       		.byte	-39
 492 01cf 04       		.byte	4
 493 01d0 DB       		.byte	-37
 494 01d1 04       		.byte	4
 495 01d2 DC       		.byte	-36
 496 01d3 11       		.byte	17
 497 01d4 DD       		.byte	-35
 498 01d5 10       		.byte	16
 499 01d6 DF       		.byte	-33
 500 01d7 01       		.byte	1
 501 01d8 00       		.byte	0
 502 01d9 A0       		.byte	-96
 503 01da 01       		.byte	1
 504 01db 08       		.byte	8
 505 01dc 02       		.byte	2
 506 01dd 40       		.byte	64
 507 01de 05       		.byte	5
 508 01df 80       		.byte	-128
 509 01e0 07       		.byte	7
 510 01e1 20       		.byte	32
 511 01e2 08       		.byte	8
 512 01e3 08       		.byte	8
 513 01e4 09       		.byte	9
ARM GAS  C:\Users\Riccardo\AppData\Local\Temp\ccnUADDu.s 			page 10


 514 01e5 08       		.byte	8
 515 01e6 0A       		.byte	10
 516 01e7 89       		.byte	-119
 517 01e8 0E       		.byte	14
 518 01e9 16       		.byte	22
 519 01ea 10       		.byte	16
 520 01eb 09       		.byte	9
 521 01ec 11       		.byte	17
 522 01ed 04       		.byte	4
 523 01ee 19       		.byte	25
 524 01ef C8       		.byte	-56
 525 01f0 1A       		.byte	26
 526 01f1 01       		.byte	1
 527 01f2 1B       		.byte	27
 528 01f3 10       		.byte	16
 529 01f4 1E       		.byte	30
 530 01f5 14       		.byte	20
 531 01f6 22       		.byte	34
 532 01f7 8A       		.byte	-118
 533 01f8 24       		.byte	36
 534 01f9 40       		.byte	64
 535 01fa 27       		.byte	39
 536 01fb 80       		.byte	-128
 537 01fc 28       		.byte	40
 538 01fd 02       		.byte	2
 539 01fe 29       		.byte	41
 540 01ff 20       		.byte	32
 541 0200 2A       		.byte	42
 542 0201 01       		.byte	1
 543 0202 2D       		.byte	45
 544 0203 80       		.byte	-128
 545 0204 33       		.byte	51
 546 0205 08       		.byte	8
 547 0206 34       		.byte	52
 548 0207 01       		.byte	1
 549 0208 36       		.byte	54
 550 0209 01       		.byte	1
 551 020a 37       		.byte	55
 552 020b A0       		.byte	-96
 553 020c 38       		.byte	56
 554 020d 80       		.byte	-128
 555 020e 40       		.byte	64
 556 020f 02       		.byte	2
 557 0210 49       		.byte	73
 558 0211 01       		.byte	1
 559 0212 4B       		.byte	75
 560 0213 80       		.byte	-128
 561 0214 50       		.byte	80
 562 0215 40       		.byte	64
 563 0216 52       		.byte	82
 564 0217 20       		.byte	32
 565 0218 53       		.byte	83
 566 0219 48       		.byte	72
 567 021a 5E       		.byte	94
 568 021b 40       		.byte	64
 569 021c 5F       		.byte	95
 570 021d 16       		.byte	22
ARM GAS  C:\Users\Riccardo\AppData\Local\Temp\ccnUADDu.s 			page 11


 571 021e 61       		.byte	97
 572 021f 10       		.byte	16
 573 0220 63       		.byte	99
 574 0221 22       		.byte	34
 575 0222 66       		.byte	102
 576 0223 80       		.byte	-128
 577 0224 81       		.byte	-127
 578 0225 01       		.byte	1
 579 0226 82       		.byte	-126
 580 0227 10       		.byte	16
 581 0228 87       		.byte	-121
 582 0229 08       		.byte	8
 583 022a 91       		.byte	-111
 584 022b 04       		.byte	4
 585 022c 92       		.byte	-110
 586 022d C8       		.byte	-56
 587 022e 93       		.byte	-109
 588 022f 04       		.byte	4
 589 0230 94       		.byte	-108
 590 0231 40       		.byte	64
 591 0232 99       		.byte	-103
 592 0233 10       		.byte	16
 593 0234 9A       		.byte	-102
 594 0235 C0       		.byte	-64
 595 0236 9B       		.byte	-101
 596 0237 22       		.byte	34
 597 0238 9D       		.byte	-99
 598 0239 40       		.byte	64
 599 023a A0       		.byte	-96
 600 023b 58       		.byte	88
 601 023c A1       		.byte	-95
 602 023d 08       		.byte	8
 603 023e A2       		.byte	-94
 604 023f 01       		.byte	1
 605 0240 A8       		.byte	-88
 606 0241 10       		.byte	16
 607 0242 A9       		.byte	-87
 608 0243 10       		.byte	16
 609 0244 AB       		.byte	-85
 610 0245 01       		.byte	1
 611 0246 B0       		.byte	-80
 612 0247 80       		.byte	-128
 613 0248 C0       		.byte	-64
 614 0249 AF       		.byte	-81
 615 024a C2       		.byte	-62
 616 024b EF       		.byte	-17
 617 024c C4       		.byte	-60
 618 024d 07       		.byte	7
 619 024e CA       		.byte	-54
 620 024f 1D       		.byte	29
 621 0250 CC       		.byte	-52
 622 0251 B2       		.byte	-78
 623 0252 CE       		.byte	-50
 624 0253 08       		.byte	8
 625 0254 D0       		.byte	-48
 626 0255 08       		.byte	8
 627 0256 D2       		.byte	-46
ARM GAS  C:\Users\Riccardo\AppData\Local\Temp\ccnUADDu.s 			page 12


 628 0257 08       		.byte	8
 629 0258 D6       		.byte	-42
 630 0259 F0       		.byte	-16
 631 025a D8       		.byte	-40
 632 025b 1E       		.byte	30
 633 025c E0       		.byte	-32
 634 025d 04       		.byte	4
 635 025e E4       		.byte	-28
 636 025f 02       		.byte	2
 637 0260 EA       		.byte	-22
 638 0261 08       		.byte	8
 639 0262 82       		.byte	-126
 640 0263 01       		.byte	1
 641 0264 9C       		.byte	-100
 642 0265 02       		.byte	2
 643 0266 9D       		.byte	-99
 644 0267 20       		.byte	32
 645 0268 9E       		.byte	-98
 646 0269 01       		.byte	1
 647 026a A2       		.byte	-94
 648 026b 28       		.byte	40
 649 026c B0       		.byte	-80
 650 026d 08       		.byte	8
 651 026e B2       		.byte	-78
 652 026f 42       		.byte	66
 653 0270 B3       		.byte	-77
 654 0271 11       		.byte	17
 655 0272 B6       		.byte	-74
 656 0273 80       		.byte	-128
 657 0274 E2       		.byte	-30
 658 0275 04       		.byte	4
 659 0276 0E       		.byte	14
 660 0277 01       		.byte	1
 661 0278 0F       		.byte	15
 662 0279 06       		.byte	6
 663 027a 13       		.byte	19
 664 027b 08       		.byte	8
 665 027c 15       		.byte	21
 666 027d 04       		.byte	4
 667 027e 19       		.byte	25
 668 027f 01       		.byte	1
 669 0280 1A       		.byte	26
 670 0281 07       		.byte	7
 671 0282 1C       		.byte	28
 672 0283 04       		.byte	4
 673 0284 1F       		.byte	31
 674 0285 01       		.byte	1
 675 0286 31       		.byte	49
 676 0287 04       		.byte	4
 677 0288 32       		.byte	50
 678 0289 04       		.byte	4
 679 028a 33       		.byte	51
 680 028b 01       		.byte	1
 681 028c 34       		.byte	52
 682 028d 01       		.byte	1
 683 028e 35       		.byte	53
 684 028f 02       		.byte	2
ARM GAS  C:\Users\Riccardo\AppData\Local\Temp\ccnUADDu.s 			page 13


 685 0290 36       		.byte	54
 686 0291 02       		.byte	2
 687 0292 37       		.byte	55
 688 0293 08       		.byte	8
 689 0294 40       		.byte	64
 690 0295 50       		.byte	80
 691 0296 41       		.byte	65
 692 0297 04       		.byte	4
 693 0298 45       		.byte	69
 694 0299 D5       		.byte	-43
 695 029a 46       		.byte	70
 696 029b 01       		.byte	1
 697 029c 47       		.byte	71
 698 029d 20       		.byte	32
 699 029e 48       		.byte	72
 700 029f 27       		.byte	39
 701 02a0 49       		.byte	73
 702 02a1 FF       		.byte	-1
 703 02a2 4A       		.byte	74
 704 02a3 FF       		.byte	-1
 705 02a4 4B       		.byte	75
 706 02a5 FF       		.byte	-1
 707 02a6 4D       		.byte	77
 708 02a7 A0       		.byte	-96
 709 02a8 4F       		.byte	79
 710 02a9 04       		.byte	4
 711 02aa 50       		.byte	80
 712 02ab 18       		.byte	24
 713 02ac 52       		.byte	82
 714 02ad 80       		.byte	-128
 715 02ae 54       		.byte	84
 716 02af 07       		.byte	7
 717 02b0 58       		.byte	88
 718 02b1 04       		.byte	4
 719 02b2 59       		.byte	89
 720 02b3 04       		.byte	4
 721 02b4 5A       		.byte	90
 722 02b5 04       		.byte	4
 723 02b6 5B       		.byte	91
 724 02b7 04       		.byte	4
 725 02b8 5C       		.byte	92
 726 02b9 44       		.byte	68
 727 02ba 5D       		.byte	93
 728 02bb 44       		.byte	68
 729 02bc 5F       		.byte	95
 730 02bd 01       		.byte	1
 731 02be 60       		.byte	96
 732 02bf 40       		.byte	64
 733 02c0 62       		.byte	98
 734 02c1 C0       		.byte	-64
 735 02c2 64       		.byte	100
 736 02c3 40       		.byte	64
 737 02c4 65       		.byte	101
 738 02c5 40       		.byte	64
 739 02c6 66       		.byte	102
 740 02c7 C0       		.byte	-64
 741 02c8 68       		.byte	104
ARM GAS  C:\Users\Riccardo\AppData\Local\Temp\ccnUADDu.s 			page 14


 742 02c9 C0       		.byte	-64
 743 02ca 6A       		.byte	106
 744 02cb C0       		.byte	-64
 745 02cc 6C       		.byte	108
 746 02cd C0       		.byte	-64
 747 02ce 6E       		.byte	110
 748 02cf C0       		.byte	-64
 749 02d0 84       		.byte	-124
 750 02d1 01       		.byte	1
 751 02d2 88       		.byte	-120
 752 02d3 01       		.byte	1
 753 02d4 8C       		.byte	-116
 754 02d5 04       		.byte	4
 755 02d6 94       		.byte	-108
 756 02d7 04       		.byte	4
 757 02d8 95       		.byte	-107
 758 02d9 01       		.byte	1
 759 02da 9A       		.byte	-102
 760 02db 01       		.byte	1
 761 02dc 9E       		.byte	-98
 762 02dd 01       		.byte	1
 763 02de 9F       		.byte	-97
 764 02df 02       		.byte	2
 765 02e0 A2       		.byte	-94
 766 02e1 02       		.byte	2
 767 02e2 A3       		.byte	-93
 768 02e3 05       		.byte	5
 769 02e4 A4       		.byte	-92
 770 02e5 04       		.byte	4
 771 02e6 AA       		.byte	-86
 772 02e7 02       		.byte	2
 773 02e8 AF       		.byte	-81
 774 02e9 02       		.byte	2
 775 02ea B0       		.byte	-80
 776 02eb 02       		.byte	2
 777 02ec B1       		.byte	-79
 778 02ed 01       		.byte	1
 779 02ee B3       		.byte	-77
 780 02ef 04       		.byte	4
 781 02f0 B4       		.byte	-76
 782 02f1 04       		.byte	4
 783 02f2 B5       		.byte	-75
 784 02f3 02       		.byte	2
 785 02f4 B6       		.byte	-74
 786 02f5 01       		.byte	1
 787 02f6 B8       		.byte	-72
 788 02f7 80       		.byte	-128
 789 02f8 BA       		.byte	-70
 790 02f9 08       		.byte	8
 791 02fa BE       		.byte	-66
 792 02fb 01       		.byte	1
 793 02fc BF       		.byte	-65
 794 02fd 10       		.byte	16
 795 02fe D4       		.byte	-44
 796 02ff 18       		.byte	24
 797 0300 D8       		.byte	-40
 798 0301 04       		.byte	4
ARM GAS  C:\Users\Riccardo\AppData\Local\Temp\ccnUADDu.s 			page 15


 799 0302 D9       		.byte	-39
 800 0303 04       		.byte	4
 801 0304 DB       		.byte	-37
 802 0305 04       		.byte	4
 803 0306 DC       		.byte	-36
 804 0307 42       		.byte	66
 805 0308 DD       		.byte	-35
 806 0309 20       		.byte	32
 807 030a DF       		.byte	-33
 808 030b 01       		.byte	1
 809 030c 01       		.byte	1
 810 030d 28       		.byte	40
 811 030e 03       		.byte	3
 812 030f 01       		.byte	1
 813 0310 05       		.byte	5
 814 0311 80       		.byte	-128
 815 0312 09       		.byte	9
 816 0313 20       		.byte	32
 817 0314 0A       		.byte	10
 818 0315 11       		.byte	17
 819 0316 0D       		.byte	13
 820 0317 80       		.byte	-128
 821 0318 0F       		.byte	15
 822 0319 08       		.byte	8
 823 031a 11       		.byte	17
 824 031b 04       		.byte	4
 825 031c 12       		.byte	18
 826 031d 84       		.byte	-124
 827 031e 19       		.byte	25
 828 031f 5C       		.byte	92
 829 0320 1B       		.byte	27
 830 0321 01       		.byte	1
 831 0322 1D       		.byte	29
 832 0323 80       		.byte	-128
 833 0324 1E       		.byte	30
 834 0325 20       		.byte	32
 835 0326 1F       		.byte	31
 836 0327 10       		.byte	16
 837 0328 20       		.byte	32
 838 0329 04       		.byte	4
 839 032a 22       		.byte	34
 840 032b 08       		.byte	8
 841 032c 23       		.byte	35
 842 032d 80       		.byte	-128
 843 032e 24       		.byte	36
 844 032f 40       		.byte	64
 845 0330 27       		.byte	39
 846 0331 26       		.byte	38
 847 0332 2A       		.byte	42
 848 0333 40       		.byte	64
 849 0334 2B       		.byte	43
 850 0335 80       		.byte	-128
 851 0336 31       		.byte	49
 852 0337 40       		.byte	64
 853 0338 32       		.byte	50
 854 0339 08       		.byte	8
 855 033a 34       		.byte	52
ARM GAS  C:\Users\Riccardo\AppData\Local\Temp\ccnUADDu.s 			page 16


 856 033b 20       		.byte	32
 857 033c 35       		.byte	53
 858 033d 02       		.byte	2
 859 033e 36       		.byte	54
 860 033f 40       		.byte	64
 861 0340 37       		.byte	55
 862 0341 04       		.byte	4
 863 0342 3F       		.byte	63
 864 0343 80       		.byte	-128
 865 0344 45       		.byte	69
 866 0345 01       		.byte	1
 867 0346 4D       		.byte	77
 868 0347 81       		.byte	-127
 869 0348 4F       		.byte	79
 870 0349 48       		.byte	72
 871 034a 55       		.byte	85
 872 034b 01       		.byte	1
 873 034c 57       		.byte	87
 874 034d 82       		.byte	-126
 875 034e 5A       		.byte	90
 876 034f 02       		.byte	2
 877 0350 5D       		.byte	93
 878 0351 01       		.byte	1
 879 0352 5E       		.byte	94
 880 0353 24       		.byte	36
 881 0354 5F       		.byte	95
 882 0355 80       		.byte	-128
 883 0356 60       		.byte	96
 884 0357 04       		.byte	4
 885 0358 63       		.byte	99
 886 0359 02       		.byte	2
 887 035a 75       		.byte	117
 888 035b 02       		.byte	2
 889 035c 83       		.byte	-125
 890 035d 02       		.byte	2
 891 035e 8B       		.byte	-117
 892 035f 10       		.byte	16
 893 0360 92       		.byte	-110
 894 0361 04       		.byte	4
 895 0362 98       		.byte	-104
 896 0363 20       		.byte	32
 897 0364 A2       		.byte	-94
 898 0365 40       		.byte	64
 899 0366 A3       		.byte	-93
 900 0367 40       		.byte	64
 901 0368 B2       		.byte	-78
 902 0369 04       		.byte	4
 903 036a B4       		.byte	-76
 904 036b 20       		.byte	32
 905 036c C0       		.byte	-64
 906 036d 87       		.byte	-121
 907 036e C2       		.byte	-62
 908 036f C7       		.byte	-57
 909 0370 C4       		.byte	-60
 910 0371 0E       		.byte	14
 911 0372 CA       		.byte	-54
 912 0373 09       		.byte	9
ARM GAS  C:\Users\Riccardo\AppData\Local\Temp\ccnUADDu.s 			page 17


 913 0374 CC       		.byte	-52
 914 0375 FA       		.byte	-6
 915 0376 CE       		.byte	-50
 916 0377 10       		.byte	16
 917 0378 D0       		.byte	-48
 918 0379 80       		.byte	-128
 919 037a D2       		.byte	-46
 920 037b 10       		.byte	16
 921 037c D6       		.byte	-42
 922 037d F1       		.byte	-15
 923 037e D8       		.byte	-40
 924 037f 0C       		.byte	12
 925 0380 E8       		.byte	-24
 926 0381 40       		.byte	64
 927 0382 EC       		.byte	-20
 928 0383 20       		.byte	32
 929 0384 83       		.byte	-125
 930 0385 40       		.byte	64
 931 0386 86       		.byte	-122
 932 0387 40       		.byte	64
 933 0388 AF       		.byte	-81
 934 0389 40       		.byte	64
 935 038a B4       		.byte	-76
 936 038b 40       		.byte	64
 937 038c EA       		.byte	-22
 938 038d 20       		.byte	32
 939 038e 38       		.byte	56
 940 038f 82       		.byte	-126
 941 0390 3E       		.byte	62
 942 0391 41       		.byte	65
 943 0392 58       		.byte	88
 944 0393 04       		.byte	4
 945 0394 5F       		.byte	95
 946 0395 01       		.byte	1
 947 0396 1C       		.byte	28
 948 0397 40       		.byte	64
 949 0398 1F       		.byte	31
 950 0399 40       		.byte	64
 951 039a EE       		.byte	-18
 952 039b 01       		.byte	1
 953 039c AD       		.byte	-83
 954 039d 20       		.byte	32
 955 039e B2       		.byte	-78
 956 039f 20       		.byte	32
 957 03a0 B6       		.byte	-74
 958 03a1 08       		.byte	8
 959 03a2 E0       		.byte	-32
 960 03a3 08       		.byte	8
 961 03a4 E4       		.byte	-28
 962 03a5 01       		.byte	1
 963 03a6 EA       		.byte	-22
 964 03a7 01       		.byte	1
 965 03a8 EC       		.byte	-20
 966 03a9 10       		.byte	16
 967 03aa EE       		.byte	-18
 968 03ab 02       		.byte	2
 969 03ac 9D       		.byte	-99
ARM GAS  C:\Users\Riccardo\AppData\Local\Temp\ccnUADDu.s 			page 18


 970 03ad 20       		.byte	32
 971 03ae A2       		.byte	-94
 972 03af 28       		.byte	40
 973 03b0 AC       		.byte	-84
 974 03b1 02       		.byte	2
 975 03b2 E2       		.byte	-30
 976 03b3 02       		.byte	2
 977 03b4 E6       		.byte	-26
 978 03b5 02       		.byte	2
 979 03b6 EE       		.byte	-18
 980 03b7 02       		.byte	2
 981 03b8 2E       		.byte	46
 982 03b9 01       		.byte	1
 983 03ba 32       		.byte	50
 984 03bb 01       		.byte	1
 985 03bc 52       		.byte	82
 986 03bd 80       		.byte	-128
 987 03be 54       		.byte	84
 988 03bf 07       		.byte	7
 989 03c0 58       		.byte	88
 990 03c1 04       		.byte	4
 991 03c2 5B       		.byte	91
 992 03c3 04       		.byte	4
 993 03c4 5C       		.byte	92
 994 03c5 04       		.byte	4
 995 03c6 5D       		.byte	93
 996 03c7 40       		.byte	64
 997 03c8 5F       		.byte	95
 998 03c9 01       		.byte	1
 999 03ca 00       		.byte	0
 1000 03cb 84       		.byte	-124
 1001 03cc 02       		.byte	2
 1002 03cd 0A       		.byte	10
 1003 03ce 03       		.byte	3
 1004 03cf 80       		.byte	-128
 1005 03d0 08       		.byte	8
 1006 03d1 12       		.byte	18
 1007 03d2 09       		.byte	9
 1008 03d3 08       		.byte	8
 1009 03d4 0A       		.byte	10
 1010 03d5 41       		.byte	65
 1011 03d6 10       		.byte	16
 1012 03d7 A8       		.byte	-88
 1013 03d8 17       		.byte	23
 1014 03d9 40       		.byte	64
 1015 03da 19       		.byte	25
 1016 03db A1       		.byte	-95
 1017 03dc 1A       		.byte	26
 1018 03dd 05       		.byte	5
 1019 03de 1F       		.byte	31
 1020 03df 08       		.byte	8
 1021 03e0 20       		.byte	32
 1022 03e1 06       		.byte	6
 1023 03e2 21       		.byte	33
 1024 03e3 20       		.byte	32
 1025 03e4 22       		.byte	34
 1026 03e5 81       		.byte	-127
ARM GAS  C:\Users\Riccardo\AppData\Local\Temp\ccnUADDu.s 			page 19


 1027 03e6 28       		.byte	40
 1028 03e7 10       		.byte	16
 1029 03e8 29       		.byte	41
 1030 03e9 90       		.byte	-112
 1031 03ea 2A       		.byte	42
 1032 03eb 02       		.byte	2
 1033 03ec 30       		.byte	48
 1034 03ed 80       		.byte	-128
 1035 03ee 31       		.byte	49
 1036 03ef 28       		.byte	40
 1037 03f0 32       		.byte	50
 1038 03f1 02       		.byte	2
 1039 03f2 38       		.byte	56
 1040 03f3 28       		.byte	40
 1041 03f4 39       		.byte	57
 1042 03f5 02       		.byte	2
 1043 03f6 3A       		.byte	58
 1044 03f7 80       		.byte	-128
 1045 03f8 40       		.byte	64
 1046 03f9 01       		.byte	1
 1047 03fa 42       		.byte	66
 1048 03fb C4       		.byte	-60
 1049 03fc 48       		.byte	72
 1050 03fd 01       		.byte	1
 1051 03fe 49       		.byte	73
 1052 03ff 10       		.byte	16
 1053 0400 4A       		.byte	74
 1054 0401 08       		.byte	8
 1055 0402 52       		.byte	82
 1056 0403 44       		.byte	68
 1057 0404 59       		.byte	89
 1058 0405 01       		.byte	1
 1059 0406 5C       		.byte	92
 1060 0407 40       		.byte	64
 1061 0408 5F       		.byte	95
 1062 0409 2A       		.byte	42
 1063 040a 69       		.byte	105
 1064 040b 14       		.byte	20
 1065 040c 6A       		.byte	106
 1066 040d 10       		.byte	16
 1067 040e 6B       		.byte	107
 1068 040f 01       		.byte	1
 1069 0410 70       		.byte	112
 1070 0411 BC       		.byte	-68
 1071 0412 77       		.byte	119
 1072 0413 40       		.byte	64
 1073 0414 90       		.byte	-112
 1074 0415 40       		.byte	64
 1075 0416 95       		.byte	-107
 1076 0417 04       		.byte	4
 1077 0418 96       		.byte	-106
 1078 0419 13       		.byte	19
 1079 041a 97       		.byte	-105
 1080 041b 40       		.byte	64
 1081 041c 98       		.byte	-104
 1082 041d 02       		.byte	2
 1083 041e 99       		.byte	-103
ARM GAS  C:\Users\Riccardo\AppData\Local\Temp\ccnUADDu.s 			page 20


 1084 041f 10       		.byte	16
 1085 0420 9B       		.byte	-101
 1086 0421 20       		.byte	32
 1087 0422 9D       		.byte	-99
 1088 0423 20       		.byte	32
 1089 0424 9E       		.byte	-98
 1090 0425 44       		.byte	68
 1091 0426 9F       		.byte	-97
 1092 0427 01       		.byte	1
 1093 0428 A5       		.byte	-91
 1094 0429 20       		.byte	32
 1095 042a A6       		.byte	-90
 1096 042b 80       		.byte	-128
 1097 042c AF       		.byte	-81
 1098 042d 02       		.byte	2
 1099 042e B4       		.byte	-76
 1100 042f 02       		.byte	2
 1101 0430 B5       		.byte	-75
 1102 0431 04       		.byte	4
 1103 0432 C0       		.byte	-64
 1104 0433 0F       		.byte	15
 1105 0434 C2       		.byte	-62
 1106 0435 0F       		.byte	15
 1107 0436 C4       		.byte	-60
 1108 0437 8E       		.byte	-114
 1109 0438 CA       		.byte	-54
 1110 0439 0F       		.byte	15
 1111 043a CC       		.byte	-52
 1112 043b 0F       		.byte	15
 1113 043c CE       		.byte	-50
 1114 043d 0F       		.byte	15
 1115 043e D0       		.byte	-48
 1116 043f 0D       		.byte	13
 1117 0440 D2       		.byte	-46
 1118 0441 0C       		.byte	12
 1119 0442 D6       		.byte	-42
 1120 0443 F1       		.byte	-15
 1121 0444 E2       		.byte	-30
 1122 0445 02       		.byte	2
 1123 0446 E6       		.byte	-26
 1124 0447 02       		.byte	2
 1125 0448 01       		.byte	1
 1126 0449 42       		.byte	66
 1127 044a 02       		.byte	2
 1128 044b 08       		.byte	8
 1129 044c 03       		.byte	3
 1130 044d B1       		.byte	-79
 1131 044e 05       		.byte	5
 1132 044f C7       		.byte	-57
 1133 0450 09       		.byte	9
 1134 0451 C7       		.byte	-57
 1135 0452 0A       		.byte	10
 1136 0453 1C       		.byte	28
 1137 0454 14       		.byte	20
 1138 0455 5C       		.byte	92
 1139 0456 15       		.byte	21
 1140 0457 84       		.byte	-124
ARM GAS  C:\Users\Riccardo\AppData\Local\Temp\ccnUADDu.s 			page 21


 1141 0458 16       		.byte	22
 1142 0459 03       		.byte	3
 1143 045a 17       		.byte	23
 1144 045b 51       		.byte	81
 1145 045c 18       		.byte	24
 1146 045d 61       		.byte	97
 1147 045e 19       		.byte	25
 1148 045f 01       		.byte	1
 1149 0460 1A       		.byte	26
 1150 0461 0E       		.byte	14
 1151 0462 1B       		.byte	27
 1152 0463 0E       		.byte	14
 1153 0464 20       		.byte	32
 1154 0465 61       		.byte	97
 1155 0466 22       		.byte	34
 1156 0467 16       		.byte	22
 1157 0468 26       		.byte	38
 1158 0469 23       		.byte	35
 1159 046a 30       		.byte	48
 1160 046b 60       		.byte	96
 1161 046c 31       		.byte	49
 1162 046d 20       		.byte	32
 1163 046e 32       		.byte	50
 1164 046f 0F       		.byte	15
 1165 0470 33       		.byte	51
 1166 0471 C0       		.byte	-64
 1167 0472 34       		.byte	52
 1168 0473 1A       		.byte	26
 1169 0474 35       		.byte	53
 1170 0475 07       		.byte	7
 1171 0476 37       		.byte	55
 1172 0477 18       		.byte	24
 1173 0478 38       		.byte	56
 1174 0479 02       		.byte	2
 1175 047a 3A       		.byte	58
 1176 047b 28       		.byte	40
 1177 047c 3E       		.byte	62
 1178 047d 01       		.byte	1
 1179 047e 3F       		.byte	63
 1180 047f 40       		.byte	64
 1181 0480 40       		.byte	64
 1182 0481 04       		.byte	4
 1183 0482 45       		.byte	69
 1184 0483 40       		.byte	64
 1185 0484 49       		.byte	73
 1186 0485 FF       		.byte	-1
 1187 0486 4A       		.byte	74
 1188 0487 07       		.byte	7
 1189 0488 4B       		.byte	75
 1190 0489 FF       		.byte	-1
 1191 048a 4C       		.byte	76
 1192 048b 40       		.byte	64
 1193 048c 4D       		.byte	77
 1194 048d 20       		.byte	32
 1195 048e 4E       		.byte	78
 1196 048f F0       		.byte	-16
 1197 0490 4F       		.byte	79
ARM GAS  C:\Users\Riccardo\AppData\Local\Temp\ccnUADDu.s 			page 22


 1198 0491 05       		.byte	5
 1199 0492 50       		.byte	80
 1200 0493 08       		.byte	8
 1201 0494 58       		.byte	88
 1202 0495 04       		.byte	4
 1203 0496 59       		.byte	89
 1204 0497 04       		.byte	4
 1205 0498 5A       		.byte	90
 1206 0499 04       		.byte	4
 1207 049a 5C       		.byte	92
 1208 049b 22       		.byte	34
 1209 049c 5D       		.byte	93
 1210 049d 02       		.byte	2
 1211 049e 5F       		.byte	95
 1212 049f 01       		.byte	1
 1213 04a0 60       		.byte	96
 1214 04a1 40       		.byte	64
 1215 04a2 61       		.byte	97
 1216 04a3 A8       		.byte	-88
 1217 04a4 62       		.byte	98
 1218 04a5 40       		.byte	64
 1219 04a6 63       		.byte	99
 1220 04a7 20       		.byte	32
 1221 04a8 80       		.byte	-128
 1222 04a9 10       		.byte	16
 1223 04aa 84       		.byte	-124
 1224 04ab 40       		.byte	64
 1225 04ac 85       		.byte	-123
 1226 04ad 13       		.byte	19
 1227 04ae 87       		.byte	-121
 1228 04af 04       		.byte	4
 1229 04b0 88       		.byte	-120
 1230 04b1 2C       		.byte	44
 1231 04b2 89       		.byte	-119
 1232 04b3 0A       		.byte	10
 1233 04b4 8A       		.byte	-118
 1234 04b5 11       		.byte	17
 1235 04b6 8B       		.byte	-117
 1236 04b7 14       		.byte	20
 1237 04b8 8D       		.byte	-115
 1238 04b9 03       		.byte	3
 1239 04ba 8E       		.byte	-114
 1240 04bb 03       		.byte	3
 1241 04bc 8F       		.byte	-113
 1242 04bd 14       		.byte	20
 1243 04be 91       		.byte	-111
 1244 04bf 20       		.byte	32
 1245 04c0 94       		.byte	-108
 1246 04c1 1C       		.byte	28
 1247 04c2 96       		.byte	-106
 1248 04c3 22       		.byte	34
 1249 04c4 9C       		.byte	-100
 1250 04c5 80       		.byte	-128
 1251 04c6 9D       		.byte	-99
 1252 04c7 13       		.byte	19
 1253 04c8 9F       		.byte	-97
 1254 04c9 0C       		.byte	12
ARM GAS  C:\Users\Riccardo\AppData\Local\Temp\ccnUADDu.s 			page 23


 1255 04ca A0       		.byte	-96
 1256 04cb 30       		.byte	48
 1257 04cc A2       		.byte	-94
 1258 04cd 0C       		.byte	12
 1259 04ce A7       		.byte	-89
 1260 04cf 15       		.byte	21
 1261 04d0 A8       		.byte	-88
 1262 04d1 14       		.byte	20
 1263 04d2 AB       		.byte	-85
 1264 04d3 08       		.byte	8
 1265 04d4 AC       		.byte	-84
 1266 04d5 09       		.byte	9
 1267 04d6 AE       		.byte	-82
 1268 04d7 10       		.byte	16
 1269 04d8 B2       		.byte	-78
 1270 04d9 60       		.byte	96
 1271 04da B3       		.byte	-77
 1272 04db 10       		.byte	16
 1273 04dc B4       		.byte	-76
 1274 04dd 80       		.byte	-128
 1275 04de B5       		.byte	-75
 1276 04df 20       		.byte	32
 1277 04e0 B6       		.byte	-74
 1278 04e1 1F       		.byte	31
 1279 04e2 B7       		.byte	-73
 1280 04e3 0F       		.byte	15
 1281 04e4 B8       		.byte	-72
 1282 04e5 08       		.byte	8
 1283 04e6 BB       		.byte	-69
 1284 04e7 80       		.byte	-128
 1285 04e8 BE       		.byte	-66
 1286 04e9 10       		.byte	16
 1287 04ea BF       		.byte	-65
 1288 04eb 14       		.byte	20
 1289 04ec C0       		.byte	-64
 1290 04ed 13       		.byte	19
 1291 04ee C1       		.byte	-63
 1292 04ef 06       		.byte	6
 1293 04f0 C6       		.byte	-58
 1294 04f1 0C       		.byte	12
 1295 04f2 C7       		.byte	-57
 1296 04f3 EB       		.byte	-21
 1297 04f4 C8       		.byte	-56
 1298 04f5 34       		.byte	52
 1299 04f6 C9       		.byte	-55
 1300 04f7 FF       		.byte	-1
 1301 04f8 CA       		.byte	-54
 1302 04f9 FF       		.byte	-1
 1303 04fa CB       		.byte	-53
 1304 04fb FF       		.byte	-1
 1305 04fc CE       		.byte	-50
 1306 04fd F0       		.byte	-16
 1307 04fe CF       		.byte	-49
 1308 04ff 44       		.byte	68
 1309 0500 D0       		.byte	-48
 1310 0501 0C       		.byte	12
 1311 0502 D4       		.byte	-44
ARM GAS  C:\Users\Riccardo\AppData\Local\Temp\ccnUADDu.s 			page 24


 1312 0503 01       		.byte	1
 1313 0504 D8       		.byte	-40
 1314 0505 04       		.byte	4
 1315 0506 D9       		.byte	-39
 1316 0507 04       		.byte	4
 1317 0508 DA       		.byte	-38
 1318 0509 04       		.byte	4
 1319 050a DB       		.byte	-37
 1320 050b 04       		.byte	4
 1321 050c DC       		.byte	-36
 1322 050d 22       		.byte	34
 1323 050e DD       		.byte	-35
 1324 050f 22       		.byte	34
 1325 0510 DF       		.byte	-33
 1326 0511 01       		.byte	1
 1327 0512 E6       		.byte	-26
 1328 0513 C0       		.byte	-64
 1329 0514 EA       		.byte	-22
 1330 0515 40       		.byte	64
 1331 0516 EB       		.byte	-21
 1332 0517 02       		.byte	2
 1333 0518 00       		.byte	0
 1334 0519 20       		.byte	32
 1335 051a 01       		.byte	1
 1336 051b 02       		.byte	2
 1337 051c 05       		.byte	5
 1338 051d 59       		.byte	89
 1339 051e 0A       		.byte	10
 1340 051f 14       		.byte	20
 1341 0520 0E       		.byte	14
 1342 0521 11       		.byte	17
 1343 0522 0F       		.byte	15
 1344 0523 02       		.byte	2
 1345 0524 10       		.byte	16
 1346 0525 20       		.byte	32
 1347 0526 12       		.byte	18
 1348 0527 80       		.byte	-128
 1349 0528 13       		.byte	19
 1350 0529 08       		.byte	8
 1351 052a 14       		.byte	20
 1352 052b 02       		.byte	2
 1353 052c 16       		.byte	22
 1354 052d 08       		.byte	8
 1355 052e 17       		.byte	23
 1356 052f 02       		.byte	2
 1357 0530 18       		.byte	24
 1358 0531 40       		.byte	64
 1359 0532 19       		.byte	25
 1360 0533 10       		.byte	16
 1361 0534 1A       		.byte	26
 1362 0535 1C       		.byte	28
 1363 0536 1C       		.byte	28
 1364 0537 20       		.byte	32
 1365 0538 1D       		.byte	29
 1366 0539 40       		.byte	64
 1367 053a 1E       		.byte	30
 1368 053b 0A       		.byte	10
ARM GAS  C:\Users\Riccardo\AppData\Local\Temp\ccnUADDu.s 			page 25


 1369 053c 1F       		.byte	31
 1370 053d 08       		.byte	8
 1371 053e 20       		.byte	32
 1372 053f 01       		.byte	1
 1373 0540 21       		.byte	33
 1374 0541 29       		.byte	41
 1375 0542 25       		.byte	37
 1376 0543 40       		.byte	64
 1377 0544 26       		.byte	38
 1378 0545 88       		.byte	-120
 1379 0546 27       		.byte	39
 1380 0547 06       		.byte	6
 1381 0548 2C       		.byte	44
 1382 0549 20       		.byte	32
 1383 054a 2F       		.byte	47
 1384 054b 08       		.byte	8
 1385 054c 30       		.byte	48
 1386 054d 10       		.byte	16
 1387 054e 31       		.byte	49
 1388 054f 28       		.byte	40
 1389 0550 36       		.byte	54
 1390 0551 81       		.byte	-127
 1391 0552 38       		.byte	56
 1392 0553 02       		.byte	2
 1393 0554 39       		.byte	57
 1394 0555 14       		.byte	20
 1395 0556 3E       		.byte	62
 1396 0557 14       		.byte	20
 1397 0558 3F       		.byte	63
 1398 0559 80       		.byte	-128
 1399 055a 40       		.byte	64
 1400 055b 40       		.byte	64
 1401 055c 45       		.byte	69
 1402 055d 40       		.byte	64
 1403 055e 47       		.byte	71
 1404 055f 08       		.byte	8
 1405 0560 48       		.byte	72
 1406 0561 20       		.byte	32
 1407 0562 49       		.byte	73
 1408 0563 0B       		.byte	11
 1409 0564 4E       		.byte	78
 1410 0565 04       		.byte	4
 1411 0566 54       		.byte	84
 1412 0567 40       		.byte	64
 1413 0568 56       		.byte	86
 1414 0569 08       		.byte	8
 1415 056a 57       		.byte	87
 1416 056b 41       		.byte	65
 1417 056c 5E       		.byte	94
 1418 056d 49       		.byte	73
 1419 056e 5F       		.byte	95
 1420 056f 20       		.byte	32
 1421 0570 82       		.byte	-126
 1422 0571 48       		.byte	72
 1423 0572 83       		.byte	-125
 1424 0573 04       		.byte	4
 1425 0574 84       		.byte	-124
ARM GAS  C:\Users\Riccardo\AppData\Local\Temp\ccnUADDu.s 			page 26


 1426 0575 02       		.byte	2
 1427 0576 87       		.byte	-121
 1428 0577 08       		.byte	8
 1429 0578 88       		.byte	-120
 1430 0579 40       		.byte	64
 1431 057a 8B       		.byte	-117
 1432 057b 20       		.byte	32
 1433 057c 8C       		.byte	-116
 1434 057d 01       		.byte	1
 1435 057e 8E       		.byte	-114
 1436 057f 02       		.byte	2
 1437 0580 8F       		.byte	-113
 1438 0581 80       		.byte	-128
 1439 0582 91       		.byte	-111
 1440 0583 14       		.byte	20
 1441 0584 94       		.byte	-108
 1442 0585 01       		.byte	1
 1443 0586 95       		.byte	-107
 1444 0587 02       		.byte	2
 1445 0588 9C       		.byte	-100
 1446 0589 10       		.byte	16
 1447 058a 9E       		.byte	-98
 1448 058b 02       		.byte	2
 1449 058c A5       		.byte	-91
 1450 058d 08       		.byte	8
 1451 058e A7       		.byte	-89
 1452 058f 80       		.byte	-128
 1453 0590 AF       		.byte	-81
 1454 0591 48       		.byte	72
 1455 0592 B0       		.byte	-80
 1456 0593 40       		.byte	64
 1457 0594 B2       		.byte	-78
 1458 0595 04       		.byte	4
 1459 0596 B3       		.byte	-77
 1460 0597 02       		.byte	2
 1461 0598 B7       		.byte	-73
 1462 0599 08       		.byte	8
 1463 059a C0       		.byte	-64
 1464 059b FA       		.byte	-6
 1465 059c C2       		.byte	-62
 1466 059d A6       		.byte	-90
 1467 059e C4       		.byte	-60
 1468 059f DC       		.byte	-36
 1469 05a0 CA       		.byte	-54
 1470 05a1 60       		.byte	96
 1471 05a2 CC       		.byte	-52
 1472 05a3 96       		.byte	-106
 1473 05a4 CE       		.byte	-50
 1474 05a5 77       		.byte	119
 1475 05a6 D0       		.byte	-48
 1476 05a7 51       		.byte	81
 1477 05a8 D2       		.byte	-46
 1478 05a9 20       		.byte	32
 1479 05aa D6       		.byte	-42
 1480 05ab F0       		.byte	-16
 1481 05ac E0       		.byte	-32
 1482 05ad 09       		.byte	9
ARM GAS  C:\Users\Riccardo\AppData\Local\Temp\ccnUADDu.s 			page 27


 1483 05ae E4       		.byte	-28
 1484 05af 01       		.byte	1
 1485 05b0 E8       		.byte	-24
 1486 05b1 20       		.byte	32
 1487 05b2 EA       		.byte	-22
 1488 05b3 01       		.byte	1
 1489 05b4 EC       		.byte	-20
 1490 05b5 50       		.byte	80
 1491 05b6 33       		.byte	51
 1492 05b7 40       		.byte	64
 1493 05b8 CC       		.byte	-52
 1494 05b9 10       		.byte	16
 1495 05ba 5F       		.byte	95
 1496 05bb 01       		.byte	1
 1497 05bc 65       		.byte	101
 1498 05bd 20       		.byte	32
 1499 05be AB       		.byte	-85
 1500 05bf 40       		.byte	64
 1501 05c0 D6       		.byte	-42
 1502 05c1 80       		.byte	-128
 1503 05c2 D8       		.byte	-40
 1504 05c3 80       		.byte	-128
 1505 05c4 EE       		.byte	-18
 1506 05c5 80       		.byte	-128
 1507 05c6 3E       		.byte	62
 1508 05c7 10       		.byte	16
 1509 05c8 5B       		.byte	91
 1510 05c9 08       		.byte	8
 1511 05ca 83       		.byte	-125
 1512 05cb 01       		.byte	1
 1513 05cc 97       		.byte	-105
 1514 05cd 01       		.byte	1
 1515 05ce 9B       		.byte	-101
 1516 05cf 08       		.byte	8
 1517 05d0 A9       		.byte	-87
 1518 05d1 20       		.byte	32
 1519 05d2 AF       		.byte	-81
 1520 05d3 08       		.byte	8
 1521 05d4 CE       		.byte	-50
 1522 05d5 20       		.byte	32
 1523 05d6 D6       		.byte	-42
 1524 05d7 40       		.byte	64
 1525 05d8 E2       		.byte	-30
 1526 05d9 80       		.byte	-128
 1527 05da EA       		.byte	-22
 1528 05db 10       		.byte	16
 1529 05dc EE       		.byte	-18
 1530 05dd 80       		.byte	-128
 1531 05de 96       		.byte	-106
 1532 05df 10       		.byte	16
 1533 05e0 13       		.byte	19
 1534 05e1 02       		.byte	2
 1535 05e2 7C       		.byte	124
 1536 05e3 20       		.byte	32
 1537 05e4 C4       		.byte	-60
 1538 05e5 08       		.byte	8
 1539 05e6 DE       		.byte	-34
ARM GAS  C:\Users\Riccardo\AppData\Local\Temp\ccnUADDu.s 			page 28


 1540 05e7 01       		.byte	1
 1541 05e8 00       		.byte	0
 1542 05e9 08       		.byte	8
 1543 05ea 58       		.byte	88
 1544 05eb 10       		.byte	16
 1545 05ec 9C       		.byte	-100
 1546 05ed 20       		.byte	32
 1547 05ee AB       		.byte	-85
 1548 05ef 02       		.byte	2
 1549 05f0 C0       		.byte	-64
 1550 05f1 08       		.byte	8
 1551 05f2 D4       		.byte	-44
 1552 05f3 01       		.byte	1
 1553 05f4 45       		.byte	69
 1554 05f5 08       		.byte	8
 1555 05f6 9C       		.byte	-100
 1556 05f7 10       		.byte	16
 1557 05f8 B0       		.byte	-80
 1558 05f9 04       		.byte	4
 1559 05fa B4       		.byte	-76
 1560 05fb 20       		.byte	32
 1561 05fc D0       		.byte	-48
 1562 05fd 01       		.byte	1
 1563 05fe E8       		.byte	-24
 1564 05ff 02       		.byte	2
 1565 0600 EA       		.byte	-22
 1566 0601 04       		.byte	4
 1567 0602 88       		.byte	-120
 1568 0603 10       		.byte	16
 1569 0604 9C       		.byte	-100
 1570 0605 10       		.byte	16
 1571 0606 A5       		.byte	-91
 1572 0607 08       		.byte	8
 1573 0608 E0       		.byte	-32
 1574 0609 04       		.byte	4
 1575 060a 25       		.byte	37
 1576 060b 10       		.byte	16
 1577 060c 84       		.byte	-124
 1578 060d 0C       		.byte	12
 1579 060e 96       		.byte	-106
 1580 060f 10       		.byte	16
 1581 0610 C8       		.byte	-56
 1582 0611 20       		.byte	32
 1583 0612 E2       		.byte	-30
 1584 0613 40       		.byte	64
 1585 0614 E6       		.byte	-26
 1586 0615 40       		.byte	64
 1587 0616 12       		.byte	18
 1588 0617 20       		.byte	32
 1589 0618 16       		.byte	22
 1590 0619 40       		.byte	64
 1591 061a 70       		.byte	112
 1592 061b 08       		.byte	8
 1593 061c 74       		.byte	116
 1594 061d 04       		.byte	4
 1595 061e 82       		.byte	-126
 1596 061f 20       		.byte	32
ARM GAS  C:\Users\Riccardo\AppData\Local\Temp\ccnUADDu.s 			page 29


 1597 0620 86       		.byte	-122
 1598 0621 40       		.byte	64
 1599 0622 A0       		.byte	-96
 1600 0623 0C       		.byte	12
 1601 0624 AA       		.byte	-86
 1602 0625 10       		.byte	16
 1603 0626 B5       		.byte	-75
 1604 0627 10       		.byte	16
 1605 0628 C4       		.byte	-60
 1606 0629 30       		.byte	48
 1607 062a DC       		.byte	-36
 1608 062b 80       		.byte	-128
 1609 062c DE       		.byte	-34
 1610 062d 20       		.byte	32
 1611 062e E0       		.byte	-32
 1612 062f 10       		.byte	16
 1613 0630 E4       		.byte	-28
 1614 0631 80       		.byte	-128
 1615 0632 EA       		.byte	-22
 1616 0633 80       		.byte	-128
 1617 0634 13       		.byte	19
 1618 0635 24       		.byte	36
 1619 0636 15       		.byte	21
 1620 0637 04       		.byte	4
 1621 0638 7B       		.byte	123
 1622 0639 10       		.byte	16
 1623 063a 7F       		.byte	127
 1624 063b 40       		.byte	64
 1625 063c 85       		.byte	-123
 1626 063d 04       		.byte	4
 1627 063e 87       		.byte	-121
 1628 063f 04       		.byte	4
 1629 0640 A5       		.byte	-91
 1630 0641 08       		.byte	8
 1631 0642 C4       		.byte	-60
 1632 0643 0E       		.byte	14
 1633 0644 DE       		.byte	-34
 1634 0645 03       		.byte	3
 1635 0646 12       		.byte	18
 1636 0647 80       		.byte	-128
 1637 0648 71       		.byte	113
 1638 0649 02       		.byte	2
 1639 064a 81       		.byte	-127
 1640 064b 02       		.byte	2
 1641 064c 83       		.byte	-125
 1642 064d 10       		.byte	16
 1643 064e 87       		.byte	-121
 1644 064f 40       		.byte	64
 1645 0650 8E       		.byte	-114
 1646 0651 80       		.byte	-128
 1647 0652 97       		.byte	-105
 1648 0653 80       		.byte	-128
 1649 0654 A7       		.byte	-89
 1650 0655 10       		.byte	16
 1651 0656 AB       		.byte	-85
 1652 0657 20       		.byte	32
 1653 0658 B5       		.byte	-75
ARM GAS  C:\Users\Riccardo\AppData\Local\Temp\ccnUADDu.s 			page 30


 1654 0659 08       		.byte	8
 1655 065a C4       		.byte	-60
 1656 065b 08       		.byte	8
 1657 065c DC       		.byte	-36
 1658 065d 01       		.byte	1
 1659 065e E2       		.byte	-30
 1660 065f 02       		.byte	2
 1661 0660 EC       		.byte	-20
 1662 0661 08       		.byte	8
 1663 0662 00       		.byte	0
 1664 0663 16       		.byte	22
 1665 0664 08       		.byte	8
 1666 0665 02       		.byte	2
 1667 0666 0A       		.byte	10
 1668 0667 12       		.byte	18
 1669 0668 0C       		.byte	12
 1670 0669 14       		.byte	20
 1671 066a 10       		.byte	16
 1672 066b 14       		.byte	20
 1673 066c 1C       		.byte	28
 1674 066d 14       		.byte	20
 1675 066e 00       		.byte	0
 1676 066f 03       		.byte	3
 1677 0670 03       		.byte	3
 1678 0671 C0       		.byte	-64
 1679 0672 00       		.byte	0
 1680 0673 00       		.byte	0
 1681 0674 02       		.byte	2
 1682 0675 80       		.byte	-128
 1683 0676 00       		.byte	0
 1684 0677 00       		.byte	0
 1685 0678 43       		.byte	67
 1686 0679 00       		.byte	0
 1687 067a 00       		.byte	0
 1688 067b 00       		.byte	0
 1689 067c 56       		.byte	86
 1690 067d 9A       		.byte	-102
 1691 067e 09       		.byte	9
 1692 067f 00       		.byte	0
 1693 0680 60       		.byte	96
 1694 0681 98       		.byte	-104
 1695 0682 00       		.byte	0
 1696 0683 02       		.byte	2
 1697 0684 01       		.byte	1
 1698 0685 02       		.byte	2
 1699 0686 00       		.byte	0
 1700 0687 98       		.byte	-104
 1701 0688 84       		.byte	-124
 1702 0689 13       		.byte	19
 1703 068a 00       		.byte	0
 1704 068b 64       		.byte	100
 1705 068c 04       		.byte	4
 1706 068d 38       		.byte	56
 1707 068e 80       		.byte	-128
 1708 068f C0       		.byte	-64
 1709 0690 0A       		.byte	10
 1710 0691 21       		.byte	33
ARM GAS  C:\Users\Riccardo\AppData\Local\Temp\ccnUADDu.s 			page 31


 1711 0692 10       		.byte	16
 1712 0693 D8       		.byte	-40
 1713 0694 00       		.byte	0
 1714 0695 00       		.byte	0
 1715 0696 00       		.byte	0
 1716 0697 00       		.byte	0
 1717 0698 07       		.byte	7
 1718 0699 98       		.byte	-104
 1719 069a 38       		.byte	56
 1720 069b 02       		.byte	2
 1721 069c 84       		.byte	-124
 1722 069d FC       		.byte	-4
 1723 069e 00       		.byte	0
 1724 069f 03       		.byte	3
 1725 06a0 84       		.byte	-124
 1726 06a1 00       		.byte	0
 1727 06a2 00       		.byte	0
 1728 06a3 00       		.byte	0
 1729 06a4 80       		.byte	-128
 1730 06a5 9A       		.byte	-102
 1731 06a6 04       		.byte	4
 1732 06a7 00       		.byte	0
 1733 06a8 04       		.byte	4
 1734 06a9 02       		.byte	2
 1735 06aa 00       		.byte	0
 1736 06ab 00       		.byte	0
 1737 06ac 00       		.byte	0
 1738 06ad E0       		.byte	-32
 1739 06ae 7F       		.byte	127
 1740 06af 0F       		.byte	15
 1741 06b0 80       		.byte	-128
 1742 06b1 00       		.byte	0
 1743 06b2 00       		.byte	0
 1744 06b3 13       		.byte	19
 1745 06b4 08       		.byte	8
 1746 06b5 00       		.byte	0
 1747 06b6 00       		.byte	0
 1748 06b7 0A       		.byte	10
 1749 06b8 00       		.byte	0
 1750 06b9 00       		.byte	0
 1751 06ba 10       		.byte	16
 1752 06bb 00       		.byte	0
 1753 06bc 65       		.byte	101
 1754 06bd 01       		.byte	1
 1755 06be 20       		.byte	32
 1756 06bf 00       		.byte	0
 1757 06c0 04       		.byte	4
 1758 06c1 FE       		.byte	-2
 1759 06c2 BC       		.byte	-68
 1760 06c3 0D       		.byte	13
 1761 06c4 1F       		.byte	31
 1762 06c5 FF       		.byte	-1
 1763 06c6 FF       		.byte	-1
 1764 06c7 FF       		.byte	-1
 1765 06c8 22       		.byte	34
 1766 06c9 00       		.byte	0
 1767 06ca F0       		.byte	-16
ARM GAS  C:\Users\Riccardo\AppData\Local\Temp\ccnUADDu.s 			page 32


 1768 06cb 08       		.byte	8
 1769 06cc 04       		.byte	4
 1770 06cd 00       		.byte	0
 1771 06ce 00       		.byte	0
 1772 06cf 00       		.byte	0
 1773 06d0 00       		.byte	0
 1774 06d1 00       		.byte	0
 1775 06d2 02       		.byte	2
 1776 06d3 2C       		.byte	44
 1777 06d4 04       		.byte	4
 1778 06d5 04       		.byte	4
 1779 06d6 04       		.byte	4
 1780 06d7 04       		.byte	4
 1781 06d8 11       		.byte	17
 1782 06d9 11       		.byte	17
 1783 06da 00       		.byte	0
 1784 06db 01       		.byte	1
 1785 06dc 00       		.byte	0
 1786 06dd 00       		.byte	0
 1787 06de C0       		.byte	-64
 1788 06df 00       		.byte	0
 1789 06e0 40       		.byte	64
 1790 06e1 01       		.byte	1
 1791 06e2 10       		.byte	16
 1792 06e3 11       		.byte	17
 1793 06e4 C0       		.byte	-64
 1794 06e5 01       		.byte	1
 1795 06e6 00       		.byte	0
 1796 06e7 11       		.byte	17
 1797 06e8 40       		.byte	64
 1798 06e9 01       		.byte	1
 1799 06ea 40       		.byte	64
 1800 06eb 01       		.byte	1
 1801 06ec 00       		.byte	0
 1802 06ed 00       		.byte	0
 1803 06ee 00       		.byte	0
 1804 06ef 00       		.byte	0
 1805 06f0 00       		.byte	0
 1806 06f1 00       		.byte	0
 1807 06f2 00       		.byte	0
 1808 06f3 00       		.byte	0
 1809 06f4 00       		.byte	0
 1810 06f5 00       		.byte	0
 1811 06f6 00       		.byte	0
 1812 06f7 00       		.byte	0
 1813 06f8 00       		.byte	0
 1814 06f9 00       		.byte	0
 1815 06fa 00       		.byte	0
 1816 06fb 00       		.byte	0
 1817 06fc 01       		.byte	1
 1818 06fd 00       		.byte	0
 1819 06fe 00       		.byte	0
 1820 06ff 04       		.byte	4
 1821 0700 2C       		.byte	44
 1822 0701 18       		.byte	24
 1823 0702 13       		.byte	19
 1824 0703 00       		.byte	0
ARM GAS  C:\Users\Riccardo\AppData\Local\Temp\ccnUADDu.s 			page 33


 1825 0704 00       		.byte	0
 1826 0705 08       		.byte	8
 1827 0706 13       		.byte	19
 1828 0707 00       		.byte	0
 1829 0708 33       		.byte	51
 1830 0709 FF       		.byte	-1
 1831 070a 0C       		.byte	12
 1832 070b 00       		.byte	0
 1833 070c 3F       		.byte	63
 1834 070d E7       		.byte	-25
 1835 070e 00       		.byte	0
 1836 070f 18       		.byte	24
 1837 0710 02       		.byte	2
 1838 0711 80       		.byte	-128
 1839 0712 00       		.byte	0
 1840 0713 00       		.byte	0
 1841 0714 03       		.byte	3
 1842 0715 3C       		.byte	60
 1843 0716 00       		.byte	0
 1844 0717 C2       		.byte	-62
 1845 0718 2F       		.byte	47
 1846 0719 10       		.byte	16
 1847 071a 10       		.byte	16
 1848 071b 00       		.byte	0
 1849 071c 08       		.byte	8
 1850 071d 44       		.byte	68
 1851 071e 00       		.byte	0
 1852 071f 00       		.byte	0
 1853 0720 04       		.byte	4
 1854 0721 C0       		.byte	-64
 1855 0722 00       		.byte	0
 1856 0723 00       		.byte	0
 1857 0724 0C       		.byte	12
 1858 0725 00       		.byte	0
 1859 0726 00       		.byte	0
 1860 0727 E3       		.byte	-29
 1861 0728 00       		.byte	0
 1862 0729 1C       		.byte	28
 1863 072a 00       		.byte	0
 1864 072b E1       		.byte	-31
 1865 072c 20       		.byte	32
 1866 072d C0       		.byte	-64
 1867 072e 00       		.byte	0
 1868 072f 00       		.byte	0
 1869 0730 0F       		.byte	15
 1870 0731 1F       		.byte	31
 1871 0732 1C       		.byte	28
 1872 0733 38       		.byte	56
 1873 0734 00       		.byte	0
 1874 0735 00       		.byte	0
 1875 0736 A0       		.byte	-96
 1876 0737 20       		.byte	32
 1877 0738 00       		.byte	0
 1878 0739 00       		.byte	0
 1879 073a 01       		.byte	1
 1880 073b 00       		.byte	0
 1881 073c 26       		.byte	38
ARM GAS  C:\Users\Riccardo\AppData\Local\Temp\ccnUADDu.s 			page 34


 1882 073d 04       		.byte	4
 1883 073e 05       		.byte	5
 1884 073f 00       		.byte	0
 1885 0740 01       		.byte	1
 1886 0741 00       		.byte	0
 1887 0742 0E       		.byte	14
 1888 0743 0C       		.byte	12
 1889 0744 14       		.byte	20
 1890 0745 FF       		.byte	-1
 1891 0746 FF       		.byte	-1
 1892 0747 FF       		.byte	-1
 1893 0748 62       		.byte	98
 1894 0749 A0       		.byte	-96
 1895 074a F0       		.byte	-16
 1896 074b 41       		.byte	65
 1897 074c 0C       		.byte	12
 1898 074d 00       		.byte	0
 1899 074e 00       		.byte	0
 1900 074f 00       		.byte	0
 1901 0750 00       		.byte	0
 1902 0751 00       		.byte	0
 1903 0752 02       		.byte	2
 1904 0753 13       		.byte	19
 1905 0754 04       		.byte	4
 1906 0755 04       		.byte	4
 1907 0756 04       		.byte	4
 1908 0757 04       		.byte	4
 1909 0758 22       		.byte	34
 1910 0759 22       		.byte	34
 1911 075a 00       		.byte	0
 1912 075b 01       		.byte	1
 1913 075c 00       		.byte	0
 1914 075d 00       		.byte	0
 1915 075e 00       		.byte	0
 1916 075f 00       		.byte	0
 1917 0760 00       		.byte	0
 1918 0761 00       		.byte	0
 1919 0762 40       		.byte	64
 1920 0763 02       		.byte	2
 1921 0764 00       		.byte	0
 1922 0765 10       		.byte	16
 1923 0766 30       		.byte	48
 1924 0767 10       		.byte	16
 1925 0768 00       		.byte	0
 1926 0769 10       		.byte	16
 1927 076a 10       		.byte	16
 1928 076b 12       		.byte	18
 1929 076c 00       		.byte	0
 1930 076d 00       		.byte	0
 1931 076e 00       		.byte	0
 1932 076f 00       		.byte	0
 1933 0770 00       		.byte	0
 1934 0771 00       		.byte	0
 1935 0772 00       		.byte	0
 1936 0773 00       		.byte	0
 1937 0774 00       		.byte	0
 1938 0775 00       		.byte	0
ARM GAS  C:\Users\Riccardo\AppData\Local\Temp\ccnUADDu.s 			page 35


 1939 0776 00       		.byte	0
 1940 0777 00       		.byte	0
 1941 0778 00       		.byte	0
 1942 0779 00       		.byte	0
 1943 077a 00       		.byte	0
 1944 077b 00       		.byte	0
 1945 077c 00       		.byte	0
 1946 077d 60       		.byte	96
 1947 077e 60       		.byte	96
 1948 077f 00       		.byte	0
 1949 0780 60       		.byte	96
 1950 0781 00       		.byte	0
 1951 0782 00       		.byte	0
 1952 0783 00       		.byte	0
 1953 0784 83       		.byte	-125
 1954 0785 00       		.byte	0
 1955 0786 50       		.byte	80
 1956 0787 8C       		.byte	-116
 1957 0788 8F       		.byte	-113
 1958 0789 00       		.byte	0
 1959 078a 83       		.byte	-125
 1960 078b 00       		.byte	0
 1961 078c 00       		.byte	0
 1962 078d 00       		.byte	0
 1963 078e 00       		.byte	0
 1964 078f 00       		.byte	0
 1965 0790 00       		.byte	0
 1966 0791 0B       		.byte	11
 1967 0792 0B       		.byte	11
 1968 0793 00       		.byte	0
 1969 0794 00       		.byte	0
 1970 0795 00       		.byte	0
 1971 0796 00       		.byte	0
 1972 0797 00       		.byte	0
 1973 0798 14       		.byte	20
 1974 0799 00       		.byte	0
 1975 079a 01       		.byte	1
 1976 079b 16       		.byte	22
 1977 079c 12       		.byte	18
 1978 079d 00       		.byte	0
 1979 079e 02       		.byte	2
 1980 079f 00       		.byte	0
 1981 07a0 00       		.byte	0
 1982 07a1 00       		.byte	0
 1983 07a2 00       		.byte	0
 1984 07a3 00       		.byte	0
 1985 07a4 E0       		.byte	-32
 1986 07a5 00       		.byte	0
 1987 07a6 00       		.byte	0
 1988 07a7 E0       		.byte	-32
 1989 07a8 E0       		.byte	-32
 1990 07a9 00       		.byte	0
 1991 07aa 00       		.byte	0
 1992 07ab 00       		.byte	0
 1993 07ac 08       		.byte	8
 1994 07ad 00       		.byte	0
 1995 07ae 00       		.byte	0
ARM GAS  C:\Users\Riccardo\AppData\Local\Temp\ccnUADDu.s 			page 36


 1996 07af 00       		.byte	0
 1997 07b0 25       		.byte	37
 1998 07b1 00       		.byte	0
 1999 07b2 18       		.byte	24
 2000 07b3 01       		.byte	1
 2001              		.section	.cywolatch,"a",%progbits
 2002              		.align	2
 2003              		.type	cy_meta_wonvl, %object
 2004              		.size	cy_meta_wonvl, 4
 2005              	cy_meta_wonvl:
 2006 0000 BC       		.byte	-68
 2007 0001 90       		.byte	-112
 2008 0002 AC       		.byte	-84
 2009 0003 AF       		.byte	-81
 2010              		.section	.cycustnvl,"a",%progbits
 2011              		.align	2
 2012              		.type	cy_meta_custnvl, %object
 2013              		.size	cy_meta_custnvl, 4
 2014              	cy_meta_custnvl:
 2015 0000 00       		.byte	0
 2016 0001 00       		.byte	0
 2017 0002 40       		.byte	64
 2018 0003 05       		.byte	5
 2019              		.section	.cymeta,"a",%progbits
 2020              		.align	2
 2021              		.type	cy_metadata, %object
 2022              		.size	cy_metadata, 12
 2023              	cy_metadata:
 2024 0000 00       		.byte	0
 2025 0001 01       		.byte	1
 2026 0002 2E       		.byte	46
 2027 0003 16       		.byte	22
 2028 0004 10       		.byte	16
 2029 0005 69       		.byte	105
 2030 0006 00       		.byte	0
 2031 0007 01       		.byte	1
 2032 0008 00       		.byte	0
 2033 0009 00       		.byte	0
 2034 000a 00       		.byte	0
 2035 000b 00       		.byte	0
 2036              		.section	.cyflashprotect,"a",%progbits
 2037              		.align	2
 2038              		.type	cy_meta_flashprotect, %object
 2039              		.size	cy_meta_flashprotect, 256
 2040              	cy_meta_flashprotect:
 2041 0000 00000000 		.space	256
 2041      00000000 
 2041      00000000 
 2041      00000000 
 2041      00000000 
 2042              		.text
 2043              	.Letext0:
 2044              		.file 1 "c:\\program files (x86)\\cypress\\psoc creator\\4.3\\psoc creator\\import\\gnu\\arm\\5.4.
 2045              		.file 2 "c:\\program files (x86)\\cypress\\psoc creator\\4.3\\psoc creator\\import\\gnu\\arm\\5.4.
 2046              		.file 3 "Generated_Source\\PSoC5\\cymetadata.c"
 2047              		.section	.debug_info,"",%progbits
 2048              	.Ldebug_info0:
ARM GAS  C:\Users\Riccardo\AppData\Local\Temp\ccnUADDu.s 			page 37


 2049 0000 35010000 		.4byte	0x135
 2050 0004 0400     		.2byte	0x4
 2051 0006 00000000 		.4byte	.Ldebug_abbrev0
 2052 000a 04       		.byte	0x4
 2053 000b 01       		.uleb128 0x1
 2054 000c 6E000000 		.4byte	.LASF17
 2055 0010 0C       		.byte	0xc
 2056 0011 C8010000 		.4byte	.LASF18
 2057 0015 0A000000 		.4byte	.LASF19
 2058 0019 00000000 		.4byte	.Ldebug_line0
 2059 001d 02       		.uleb128 0x2
 2060 001e 01       		.byte	0x1
 2061 001f 06       		.byte	0x6
 2062 0020 BC010000 		.4byte	.LASF0
 2063 0024 03       		.uleb128 0x3
 2064 0025 00000000 		.4byte	.LASF9
 2065 0029 01       		.byte	0x1
 2066 002a 1D       		.byte	0x1d
 2067 002b 2F000000 		.4byte	0x2f
 2068 002f 02       		.uleb128 0x2
 2069 0030 01       		.byte	0x1
 2070 0031 08       		.byte	0x8
 2071 0032 60000000 		.4byte	.LASF1
 2072 0036 02       		.uleb128 0x2
 2073 0037 02       		.byte	0x2
 2074 0038 05       		.byte	0x5
 2075 0039 A9010000 		.4byte	.LASF2
 2076 003d 02       		.uleb128 0x2
 2077 003e 02       		.byte	0x2
 2078 003f 07       		.byte	0x7
 2079 0040 0E010000 		.4byte	.LASF3
 2080 0044 02       		.uleb128 0x2
 2081 0045 04       		.byte	0x4
 2082 0046 05       		.byte	0x5
 2083 0047 B3010000 		.4byte	.LASF4
 2084 004b 02       		.uleb128 0x2
 2085 004c 04       		.byte	0x4
 2086 004d 07       		.byte	0x7
 2087 004e FC000000 		.4byte	.LASF5
 2088 0052 02       		.uleb128 0x2
 2089 0053 08       		.byte	0x8
 2090 0054 05       		.byte	0x5
 2091 0055 9B010000 		.4byte	.LASF6
 2092 0059 02       		.uleb128 0x2
 2093 005a 08       		.byte	0x8
 2094 005b 07       		.byte	0x7
 2095 005c 50010000 		.4byte	.LASF7
 2096 0060 04       		.uleb128 0x4
 2097 0061 04       		.byte	0x4
 2098 0062 05       		.byte	0x5
 2099 0063 696E7400 		.ascii	"int\000"
 2100 0067 02       		.uleb128 0x2
 2101 0068 04       		.byte	0x4
 2102 0069 07       		.byte	0x7
 2103 006a 43010000 		.4byte	.LASF8
 2104 006e 03       		.uleb128 0x3
 2105 006f 67010000 		.4byte	.LASF10
ARM GAS  C:\Users\Riccardo\AppData\Local\Temp\ccnUADDu.s 			page 38


 2106 0073 02       		.byte	0x2
 2107 0074 18       		.byte	0x18
 2108 0075 24000000 		.4byte	0x24
 2109 0079 05       		.uleb128 0x5
 2110 007a 91000000 		.4byte	0x91
 2111 007e 8A000000 		.4byte	0x8a
 2112 0082 06       		.uleb128 0x6
 2113 0083 8A000000 		.4byte	0x8a
 2114 0087 B307     		.2byte	0x7b3
 2115 0089 00       		.byte	0
 2116 008a 02       		.uleb128 0x2
 2117 008b 04       		.byte	0x4
 2118 008c 07       		.byte	0x7
 2119 008d 92010000 		.4byte	.LASF11
 2120 0091 07       		.uleb128 0x7
 2121 0092 6E000000 		.4byte	0x6e
 2122 0096 08       		.uleb128 0x8
 2123 0097 31010000 		.4byte	.LASF12
 2124 009b 03       		.byte	0x3
 2125 009c 1F       		.byte	0x1f
 2126 009d A7000000 		.4byte	0xa7
 2127 00a1 05       		.uleb128 0x5
 2128 00a2 03       		.byte	0x3
 2129 00a3 00000000 		.4byte	cy_meta_configecc
 2130 00a7 07       		.uleb128 0x7
 2131 00a8 79000000 		.4byte	0x79
 2132 00ac 05       		.uleb128 0x5
 2133 00ad 91000000 		.4byte	0x91
 2134 00b1 BC000000 		.4byte	0xbc
 2135 00b5 09       		.uleb128 0x9
 2136 00b6 8A000000 		.4byte	0x8a
 2137 00ba 03       		.byte	0x3
 2138 00bb 00       		.byte	0
 2139 00bc 0A       		.uleb128 0xa
 2140 00bd 21010000 		.4byte	.LASF13
 2141 00c1 03       		.byte	0x3
 2142 00c2 2301     		.2byte	0x123
 2143 00c4 CE000000 		.4byte	0xce
 2144 00c8 05       		.uleb128 0x5
 2145 00c9 03       		.byte	0x3
 2146 00ca 00000000 		.4byte	cy_meta_custnvl
 2147 00ce 07       		.uleb128 0x7
 2148 00cf AC000000 		.4byte	0xac
 2149 00d3 0A       		.uleb128 0xa
 2150 00d4 84010000 		.4byte	.LASF14
 2151 00d8 03       		.byte	0x3
 2152 00d9 3101     		.2byte	0x131
 2153 00db E5000000 		.4byte	0xe5
 2154 00df 05       		.uleb128 0x5
 2155 00e0 03       		.byte	0x3
 2156 00e1 00000000 		.4byte	cy_meta_wonvl
 2157 00e5 07       		.uleb128 0x7
 2158 00e6 AC000000 		.4byte	0xac
 2159 00ea 05       		.uleb128 0x5
 2160 00eb 91000000 		.4byte	0x91
 2161 00ef FA000000 		.4byte	0xfa
 2162 00f3 09       		.uleb128 0x9
ARM GAS  C:\Users\Riccardo\AppData\Local\Temp\ccnUADDu.s 			page 39


 2163 00f4 8A000000 		.4byte	0x8a
 2164 00f8 FF       		.byte	0xff
 2165 00f9 00       		.byte	0
 2166 00fa 0A       		.uleb128 0xa
 2167 00fb 6F010000 		.4byte	.LASF15
 2168 00ff 03       		.byte	0x3
 2169 0100 3F01     		.2byte	0x13f
 2170 0102 0C010000 		.4byte	0x10c
 2171 0106 05       		.uleb128 0x5
 2172 0107 03       		.byte	0x3
 2173 0108 00000000 		.4byte	cy_meta_flashprotect
 2174 010c 07       		.uleb128 0x7
 2175 010d EA000000 		.4byte	0xea
 2176 0111 05       		.uleb128 0x5
 2177 0112 91000000 		.4byte	0x91
 2178 0116 21010000 		.4byte	0x121
 2179 011a 09       		.uleb128 0x9
 2180 011b 8A000000 		.4byte	0x8a
 2181 011f 0B       		.byte	0xb
 2182 0120 00       		.byte	0
 2183 0121 0A       		.uleb128 0xa
 2184 0122 54000000 		.4byte	.LASF16
 2185 0126 03       		.byte	0x3
 2186 0127 6C01     		.2byte	0x16c
 2187 0129 33010000 		.4byte	0x133
 2188 012d 05       		.uleb128 0x5
 2189 012e 03       		.byte	0x3
 2190 012f 00000000 		.4byte	cy_metadata
 2191 0133 07       		.uleb128 0x7
 2192 0134 11010000 		.4byte	0x111
 2193 0138 00       		.byte	0
 2194              		.section	.debug_abbrev,"",%progbits
 2195              	.Ldebug_abbrev0:
 2196 0000 01       		.uleb128 0x1
 2197 0001 11       		.uleb128 0x11
 2198 0002 01       		.byte	0x1
 2199 0003 25       		.uleb128 0x25
 2200 0004 0E       		.uleb128 0xe
 2201 0005 13       		.uleb128 0x13
 2202 0006 0B       		.uleb128 0xb
 2203 0007 03       		.uleb128 0x3
 2204 0008 0E       		.uleb128 0xe
 2205 0009 1B       		.uleb128 0x1b
 2206 000a 0E       		.uleb128 0xe
 2207 000b 10       		.uleb128 0x10
 2208 000c 17       		.uleb128 0x17
 2209 000d 00       		.byte	0
 2210 000e 00       		.byte	0
 2211 000f 02       		.uleb128 0x2
 2212 0010 24       		.uleb128 0x24
 2213 0011 00       		.byte	0
 2214 0012 0B       		.uleb128 0xb
 2215 0013 0B       		.uleb128 0xb
 2216 0014 3E       		.uleb128 0x3e
 2217 0015 0B       		.uleb128 0xb
 2218 0016 03       		.uleb128 0x3
 2219 0017 0E       		.uleb128 0xe
ARM GAS  C:\Users\Riccardo\AppData\Local\Temp\ccnUADDu.s 			page 40


 2220 0018 00       		.byte	0
 2221 0019 00       		.byte	0
 2222 001a 03       		.uleb128 0x3
 2223 001b 16       		.uleb128 0x16
 2224 001c 00       		.byte	0
 2225 001d 03       		.uleb128 0x3
 2226 001e 0E       		.uleb128 0xe
 2227 001f 3A       		.uleb128 0x3a
 2228 0020 0B       		.uleb128 0xb
 2229 0021 3B       		.uleb128 0x3b
 2230 0022 0B       		.uleb128 0xb
 2231 0023 49       		.uleb128 0x49
 2232 0024 13       		.uleb128 0x13
 2233 0025 00       		.byte	0
 2234 0026 00       		.byte	0
 2235 0027 04       		.uleb128 0x4
 2236 0028 24       		.uleb128 0x24
 2237 0029 00       		.byte	0
 2238 002a 0B       		.uleb128 0xb
 2239 002b 0B       		.uleb128 0xb
 2240 002c 3E       		.uleb128 0x3e
 2241 002d 0B       		.uleb128 0xb
 2242 002e 03       		.uleb128 0x3
 2243 002f 08       		.uleb128 0x8
 2244 0030 00       		.byte	0
 2245 0031 00       		.byte	0
 2246 0032 05       		.uleb128 0x5
 2247 0033 01       		.uleb128 0x1
 2248 0034 01       		.byte	0x1
 2249 0035 49       		.uleb128 0x49
 2250 0036 13       		.uleb128 0x13
 2251 0037 01       		.uleb128 0x1
 2252 0038 13       		.uleb128 0x13
 2253 0039 00       		.byte	0
 2254 003a 00       		.byte	0
 2255 003b 06       		.uleb128 0x6
 2256 003c 21       		.uleb128 0x21
 2257 003d 00       		.byte	0
 2258 003e 49       		.uleb128 0x49
 2259 003f 13       		.uleb128 0x13
 2260 0040 2F       		.uleb128 0x2f
 2261 0041 05       		.uleb128 0x5
 2262 0042 00       		.byte	0
 2263 0043 00       		.byte	0
 2264 0044 07       		.uleb128 0x7
 2265 0045 26       		.uleb128 0x26
 2266 0046 00       		.byte	0
 2267 0047 49       		.uleb128 0x49
 2268 0048 13       		.uleb128 0x13
 2269 0049 00       		.byte	0
 2270 004a 00       		.byte	0
 2271 004b 08       		.uleb128 0x8
 2272 004c 34       		.uleb128 0x34
 2273 004d 00       		.byte	0
 2274 004e 03       		.uleb128 0x3
 2275 004f 0E       		.uleb128 0xe
 2276 0050 3A       		.uleb128 0x3a
ARM GAS  C:\Users\Riccardo\AppData\Local\Temp\ccnUADDu.s 			page 41


 2277 0051 0B       		.uleb128 0xb
 2278 0052 3B       		.uleb128 0x3b
 2279 0053 0B       		.uleb128 0xb
 2280 0054 49       		.uleb128 0x49
 2281 0055 13       		.uleb128 0x13
 2282 0056 3F       		.uleb128 0x3f
 2283 0057 19       		.uleb128 0x19
 2284 0058 02       		.uleb128 0x2
 2285 0059 18       		.uleb128 0x18
 2286 005a 00       		.byte	0
 2287 005b 00       		.byte	0
 2288 005c 09       		.uleb128 0x9
 2289 005d 21       		.uleb128 0x21
 2290 005e 00       		.byte	0
 2291 005f 49       		.uleb128 0x49
 2292 0060 13       		.uleb128 0x13
 2293 0061 2F       		.uleb128 0x2f
 2294 0062 0B       		.uleb128 0xb
 2295 0063 00       		.byte	0
 2296 0064 00       		.byte	0
 2297 0065 0A       		.uleb128 0xa
 2298 0066 34       		.uleb128 0x34
 2299 0067 00       		.byte	0
 2300 0068 03       		.uleb128 0x3
 2301 0069 0E       		.uleb128 0xe
 2302 006a 3A       		.uleb128 0x3a
 2303 006b 0B       		.uleb128 0xb
 2304 006c 3B       		.uleb128 0x3b
 2305 006d 05       		.uleb128 0x5
 2306 006e 49       		.uleb128 0x49
 2307 006f 13       		.uleb128 0x13
 2308 0070 3F       		.uleb128 0x3f
 2309 0071 19       		.uleb128 0x19
 2310 0072 02       		.uleb128 0x2
 2311 0073 18       		.uleb128 0x18
 2312 0074 00       		.byte	0
 2313 0075 00       		.byte	0
 2314 0076 00       		.byte	0
 2315              		.section	.debug_aranges,"",%progbits
 2316 0000 14000000 		.4byte	0x14
 2317 0004 0200     		.2byte	0x2
 2318 0006 00000000 		.4byte	.Ldebug_info0
 2319 000a 04       		.byte	0x4
 2320 000b 00       		.byte	0
 2321 000c 0000     		.2byte	0
 2322 000e 0000     		.2byte	0
 2323 0010 00000000 		.4byte	0
 2324 0014 00000000 		.4byte	0
 2325              		.section	.debug_line,"",%progbits
 2326              	.Ldebug_line0:
 2327 0000 3D010000 		.section	.debug_str,"MS",%progbits,1
 2327      02003701 
 2327      00000201 
 2327      FB0E0D00 
 2327      01010101 
 2328              	.LASF9:
 2329 0000 5F5F7569 		.ascii	"__uint8_t\000"
ARM GAS  C:\Users\Riccardo\AppData\Local\Temp\ccnUADDu.s 			page 42


 2329      6E74385F 
 2329      7400
 2330              	.LASF19:
 2331 000a 433A5C55 		.ascii	"C:\\Users\\Riccardo\\Desktop\\Final Project\\Final_"
 2331      73657273 
 2331      5C526963 
 2331      63617264 
 2331      6F5C4465 
 2332 0038 50726F6A 		.ascii	"Project\\Final_Project.cydsn\000"
 2332      6563745C 
 2332      46696E61 
 2332      6C5F5072 
 2332      6F6A6563 
 2333              	.LASF16:
 2334 0054 63795F6D 		.ascii	"cy_metadata\000"
 2334      65746164 
 2334      61746100 
 2335              	.LASF1:
 2336 0060 756E7369 		.ascii	"unsigned char\000"
 2336      676E6564 
 2336      20636861 
 2336      7200
 2337              	.LASF17:
 2338 006e 474E5520 		.ascii	"GNU C11 5.4.1 20160609 (release) [ARM/embedded-5-br"
 2338      43313120 
 2338      352E342E 
 2338      31203230 
 2338      31363036 
 2339 00a1 616E6368 		.ascii	"anch revision 237715] -mcpu=cortex-m3 -mthumb -g -O"
 2339      20726576 
 2339      6973696F 
 2339      6E203233 
 2339      37373135 
 2340 00d4 67202D66 		.ascii	"g -ffunction-sections -ffat-lto-objects\000"
 2340      66756E63 
 2340      74696F6E 
 2340      2D736563 
 2340      74696F6E 
 2341              	.LASF5:
 2342 00fc 6C6F6E67 		.ascii	"long unsigned int\000"
 2342      20756E73 
 2342      69676E65 
 2342      6420696E 
 2342      7400
 2343              	.LASF3:
 2344 010e 73686F72 		.ascii	"short unsigned int\000"
 2344      7420756E 
 2344      7369676E 
 2344      65642069 
 2344      6E7400
 2345              	.LASF13:
 2346 0121 63795F6D 		.ascii	"cy_meta_custnvl\000"
 2346      6574615F 
 2346      63757374 
 2346      6E766C00 
 2347              	.LASF12:
 2348 0131 63795F6D 		.ascii	"cy_meta_configecc\000"
ARM GAS  C:\Users\Riccardo\AppData\Local\Temp\ccnUADDu.s 			page 43


 2348      6574615F 
 2348      636F6E66 
 2348      69676563 
 2348      6300
 2349              	.LASF8:
 2350 0143 756E7369 		.ascii	"unsigned int\000"
 2350      676E6564 
 2350      20696E74 
 2350      00
 2351              	.LASF7:
 2352 0150 6C6F6E67 		.ascii	"long long unsigned int\000"
 2352      206C6F6E 
 2352      6720756E 
 2352      7369676E 
 2352      65642069 
 2353              	.LASF10:
 2354 0167 75696E74 		.ascii	"uint8_t\000"
 2354      385F7400 
 2355              	.LASF15:
 2356 016f 63795F6D 		.ascii	"cy_meta_flashprotect\000"
 2356      6574615F 
 2356      666C6173 
 2356      6870726F 
 2356      74656374 
 2357              	.LASF14:
 2358 0184 63795F6D 		.ascii	"cy_meta_wonvl\000"
 2358      6574615F 
 2358      776F6E76 
 2358      6C00
 2359              	.LASF11:
 2360 0192 73697A65 		.ascii	"sizetype\000"
 2360      74797065 
 2360      00
 2361              	.LASF6:
 2362 019b 6C6F6E67 		.ascii	"long long int\000"
 2362      206C6F6E 
 2362      6720696E 
 2362      7400
 2363              	.LASF2:
 2364 01a9 73686F72 		.ascii	"short int\000"
 2364      7420696E 
 2364      7400
 2365              	.LASF4:
 2366 01b3 6C6F6E67 		.ascii	"long int\000"
 2366      20696E74 
 2366      00
 2367              	.LASF0:
 2368 01bc 7369676E 		.ascii	"signed char\000"
 2368      65642063 
 2368      68617200 
 2369              	.LASF18:
 2370 01c8 47656E65 		.ascii	"Generated_Source\\PSoC5\\cymetadata.c\000"
 2370      72617465 
 2370      645F536F 
 2370      75726365 
 2370      5C50536F 
 2371              		.ident	"GCC: (GNU Tools for ARM Embedded Processors) 5.4.1 20160609 (release) [ARM/embedded-5-bran
ARM GAS  C:\Users\Riccardo\AppData\Local\Temp\ccnUADDu.s 			page 44


