ARM GAS  C:\Users\Riccardo\AppData\Local\Temp\ccuNmjEK.s 			page 1


   1              		.syntax unified
   2              		.cpu cortex-m3
   3              		.fpu softvfp
   4              		.eabi_attribute 20, 1
   5              		.eabi_attribute 21, 1
   6              		.eabi_attribute 23, 3
   7              		.eabi_attribute 24, 1
   8              		.eabi_attribute 25, 1
   9              		.eabi_attribute 26, 1
  10              		.eabi_attribute 30, 1
  11              		.eabi_attribute 34, 1
  12              		.eabi_attribute 18, 4
  13              		.thumb
  14              		.syntax unified
  15              		.file	"Initialization.c"
  16              		.text
  17              	.Ltext0:
  18              		.cfi_sections	.debug_frame
  19              		.section	.text.INIT_ON,"ax",%progbits
  20              		.align	2
  21              		.global	INIT_ON
  22              		.thumb
  23              		.thumb_func
  24              		.type	INIT_ON, %function
  25              	INIT_ON:
  26              	.LFB63:
  27              		.file 1 "Initialization.c"
   1:Initialization.c **** /* ========================================
   2:Initialization.c ****  *
   3:Initialization.c ****  * Copyright YOUR COMPANY, THE YEAR
   4:Initialization.c ****  * All Rights Reserved
   5:Initialization.c ****  * UNPUBLISHED, LICENSED SOFTWARE.
   6:Initialization.c ****  *
   7:Initialization.c ****  * CONFIDENTIAL AND PROPRIETARY INFORMATION
   8:Initialization.c ****  * WHICH IS THE PROPERTY OF your company.
   9:Initialization.c ****  *
  10:Initialization.c ****  * ========================================
  11:Initialization.c **** */
  12:Initialization.c **** 
  13:Initialization.c **** /*********************   INTIALIZATION PERIPHERALS FILE   *************************/
  14:Initialization.c **** 
  15:Initialization.c **** 
  16:Initialization.c **** #include "Initialization.h"
  17:Initialization.c **** ErrorCode error;
  18:Initialization.c **** uint8_t fifo_ctrl_reg;
  19:Initialization.c **** 
  20:Initialization.c **** 
  21:Initialization.c **** 
  22:Initialization.c **** // Initialize peripherals for ON MODE 
  23:Initialization.c ****  void INIT_ON(void){
  28              		.loc 1 23 0
  29              		.cfi_startproc
  30              		@ args = 0, pretend = 0, frame = 0
  31              		@ frame_needed = 0, uses_anonymous_args = 0
  32 0000 08B5     		push	{r3, lr}
  33              		.cfi_def_cfa_offset 8
  34              		.cfi_offset 3, -8
ARM GAS  C:\Users\Riccardo\AppData\Local\Temp\ccuNmjEK.s 			page 2


  35              		.cfi_offset 14, -4
  24:Initialization.c ****     
  25:Initialization.c ****     I2C_Peripheral_Start();
  36              		.loc 1 25 0
  37 0002 FFF7FEFF 		bl	I2C_Peripheral_Start
  38              	.LVL0:
  26:Initialization.c ****                     
  27:Initialization.c **** 
  28:Initialization.c ****     fifo_ctrl_reg = STREAM_MODE_THR_WMK;
  39              		.loc 1 28 0
  40 0006 8622     		movs	r2, #134
  41 0008 0A4B     		ldr	r3, .L3
  42 000a 1A70     		strb	r2, [r3]
  29:Initialization.c ****     error = I2C_Peripheral_WriteRegister(LIS3DH_DEVICE_ADDRESS,
  43              		.loc 1 29 0
  44 000c 2E21     		movs	r1, #46
  45 000e 1820     		movs	r0, #24
  46 0010 FFF7FEFF 		bl	I2C_Peripheral_WriteRegister
  47              	.LVL1:
  48 0014 084B     		ldr	r3, .L3+4
  49 0016 1870     		strb	r0, [r3]
  30:Initialization.c ****                                              LIS3DH_FIFO_CTRL_REG,
  31:Initialization.c ****                                              fifo_ctrl_reg);
  32:Initialization.c ****     ADC_DelSig_Stop();
  50              		.loc 1 32 0
  51 0018 FFF7FEFF 		bl	ADC_DelSig_Stop
  52              	.LVL2:
  33:Initialization.c ****     INT_Led_Write(1);  
  53              		.loc 1 33 0
  54 001c 0120     		movs	r0, #1
  55 001e FFF7FEFF 		bl	INT_Led_Write
  56              	.LVL3:
  34:Initialization.c **** 
  35:Initialization.c ****     isr_LIS3DH_StartEx(ISR_LIS3DH_FIFO_WATERMARK);
  57              		.loc 1 35 0
  58 0022 0648     		ldr	r0, .L3+8
  59 0024 FFF7FEFF 		bl	isr_LIS3DH_StartEx
  60              	.LVL4:
  36:Initialization.c ****     SPIM_1_Start();
  61              		.loc 1 36 0
  62 0028 FFF7FEFF 		bl	SPIM_1_Start
  63              	.LVL5:
  37:Initialization.c ****     CyDelay(10);
  64              		.loc 1 37 0
  65 002c 0A20     		movs	r0, #10
  66 002e FFF7FEFF 		bl	CyDelay
  67              	.LVL6:
  68 0032 08BD     		pop	{r3, pc}
  69              	.L4:
  70              		.align	2
  71              	.L3:
  72 0034 00000000 		.word	fifo_ctrl_reg
  73 0038 00000000 		.word	error
  74 003c 00000000 		.word	ISR_LIS3DH_FIFO_WATERMARK
  75              		.cfi_endproc
  76              	.LFE63:
  77              		.size	INIT_ON, .-INIT_ON
ARM GAS  C:\Users\Riccardo\AppData\Local\Temp\ccuNmjEK.s 			page 3


  78              		.section	.text.INIT_OFF,"ax",%progbits
  79              		.align	2
  80              		.global	INIT_OFF
  81              		.thumb
  82              		.thumb_func
  83              		.type	INIT_OFF, %function
  84              	INIT_OFF:
  85              	.LFB64:
  38:Initialization.c **** }
  39:Initialization.c **** 
  40:Initialization.c **** 
  41:Initialization.c **** // Initialize peripherals for OFF MODE 
  42:Initialization.c **** void INIT_OFF(void){
  86              		.loc 1 42 0
  87              		.cfi_startproc
  88              		@ args = 0, pretend = 0, frame = 0
  89              		@ frame_needed = 0, uses_anonymous_args = 0
  90 0000 10B5     		push	{r4, lr}
  91              		.cfi_def_cfa_offset 8
  92              		.cfi_offset 4, -8
  93              		.cfi_offset 14, -4
  43:Initialization.c ****     I2C_Peripheral_Start();
  94              		.loc 1 43 0
  95 0002 FFF7FEFF 		bl	I2C_Peripheral_Start
  96              	.LVL7:
  44:Initialization.c ****     fifo_ctrl_reg = BYPASS_MODE;
  97              		.loc 1 44 0
  98 0006 0024     		movs	r4, #0
  99 0008 0E4B     		ldr	r3, .L7
 100 000a 1C70     		strb	r4, [r3]
  45:Initialization.c ****     error = I2C_Peripheral_WriteRegister(LIS3DH_DEVICE_ADDRESS,
 101              		.loc 1 45 0
 102 000c 2246     		mov	r2, r4
 103 000e 2E21     		movs	r1, #46
 104 0010 1820     		movs	r0, #24
 105 0012 FFF7FEFF 		bl	I2C_Peripheral_WriteRegister
 106              	.LVL8:
 107 0016 0C4B     		ldr	r3, .L7+4
 108 0018 1870     		strb	r0, [r3]
  46:Initialization.c ****                                                  LIS3DH_FIFO_CTRL_REG,
  47:Initialization.c ****                                                  fifo_ctrl_reg);
  48:Initialization.c **** 
  49:Initialization.c ****     isr_LIS3DH_Stop();
 109              		.loc 1 49 0
 110 001a FFF7FEFF 		bl	isr_LIS3DH_Stop
 111              	.LVL9:
  50:Initialization.c ****     I2C_Peripheral_Stop();
 112              		.loc 1 50 0
 113 001e FFF7FEFF 		bl	I2C_Peripheral_Stop
 114              	.LVL10:
  51:Initialization.c ****     SPIM_1_Stop();
 115              		.loc 1 51 0
 116 0022 FFF7FEFF 		bl	SPIM_1_Stop
 117              	.LVL11:
  52:Initialization.c ****     ADC_DelSig_Stop();         
 118              		.loc 1 52 0
 119 0026 FFF7FEFF 		bl	ADC_DelSig_Stop
ARM GAS  C:\Users\Riccardo\AppData\Local\Temp\ccuNmjEK.s 			page 4


 120              	.LVL12:
  53:Initialization.c ****     RED_Led_Write(1);
 121              		.loc 1 53 0
 122 002a 0120     		movs	r0, #1
 123 002c FFF7FEFF 		bl	RED_Led_Write
 124              	.LVL13:
  54:Initialization.c ****     GREEN_Led_Write(1);
 125              		.loc 1 54 0
 126 0030 0120     		movs	r0, #1
 127 0032 FFF7FEFF 		bl	GREEN_Led_Write
 128              	.LVL14:
  55:Initialization.c ****     BLUE_Led_Write(1);
 129              		.loc 1 55 0
 130 0036 0120     		movs	r0, #1
 131 0038 FFF7FEFF 		bl	BLUE_Led_Write
 132              	.LVL15:
  56:Initialization.c ****     INT_Led_Write(0);
 133              		.loc 1 56 0
 134 003c 2046     		mov	r0, r4
 135 003e FFF7FEFF 		bl	INT_Led_Write
 136              	.LVL16:
 137 0042 10BD     		pop	{r4, pc}
 138              	.L8:
 139              		.align	2
 140              	.L7:
 141 0044 00000000 		.word	fifo_ctrl_reg
 142 0048 00000000 		.word	error
 143              		.cfi_endproc
 144              	.LFE64:
 145              		.size	INIT_OFF, .-INIT_OFF
 146              		.section	.text.INIT_CONF,"ax",%progbits
 147              		.align	2
 148              		.global	INIT_CONF
 149              		.thumb
 150              		.thumb_func
 151              		.type	INIT_CONF, %function
 152              	INIT_CONF:
 153              	.LFB65:
  57:Initialization.c ****                    
  58:Initialization.c **** 
  59:Initialization.c **** }
  60:Initialization.c ****     
  61:Initialization.c **** // Initialize peripherals for CONFIGURATION MODE     
  62:Initialization.c **** void INIT_CONF(void)
  63:Initialization.c **** {   RED_Led_Write(1);
 154              		.loc 1 63 0
 155              		.cfi_startproc
 156              		@ args = 0, pretend = 0, frame = 0
 157              		@ frame_needed = 0, uses_anonymous_args = 0
 158 0000 08B5     		push	{r3, lr}
 159              		.cfi_def_cfa_offset 8
 160              		.cfi_offset 3, -8
 161              		.cfi_offset 14, -4
 162              		.loc 1 63 0
 163 0002 0120     		movs	r0, #1
 164 0004 FFF7FEFF 		bl	RED_Led_Write
 165              	.LVL17:
ARM GAS  C:\Users\Riccardo\AppData\Local\Temp\ccuNmjEK.s 			page 5


  64:Initialization.c ****     GREEN_Led_Write(1);
 166              		.loc 1 64 0
 167 0008 0120     		movs	r0, #1
 168 000a FFF7FEFF 		bl	GREEN_Led_Write
 169              	.LVL18:
  65:Initialization.c ****     BLUE_Led_Write(1);
 170              		.loc 1 65 0
 171 000e 0120     		movs	r0, #1
 172 0010 FFF7FEFF 		bl	BLUE_Led_Write
 173              	.LVL19:
  66:Initialization.c **** 
  67:Initialization.c **** 
  68:Initialization.c ****     I2C_Peripheral_Start();
 174              		.loc 1 68 0
 175 0014 FFF7FEFF 		bl	I2C_Peripheral_Start
 176              	.LVL20:
  69:Initialization.c ****     fifo_ctrl_reg = BYPASS_MODE;
 177              		.loc 1 69 0
 178 0018 0022     		movs	r2, #0
 179 001a 084B     		ldr	r3, .L11
 180 001c 1A70     		strb	r2, [r3]
  70:Initialization.c ****     error = I2C_Peripheral_WriteRegister(LIS3DH_DEVICE_ADDRESS,
 181              		.loc 1 70 0
 182 001e 2E21     		movs	r1, #46
 183 0020 1820     		movs	r0, #24
 184 0022 FFF7FEFF 		bl	I2C_Peripheral_WriteRegister
 185              	.LVL21:
 186 0026 064B     		ldr	r3, .L11+4
 187 0028 1870     		strb	r0, [r3]
  71:Initialization.c ****                                                  LIS3DH_FIFO_CTRL_REG,
  72:Initialization.c ****                                                  fifo_ctrl_reg);
  73:Initialization.c ****     
  74:Initialization.c ****     isr_LIS3DH_Stop();
 188              		.loc 1 74 0
 189 002a FFF7FEFF 		bl	isr_LIS3DH_Stop
 190              	.LVL22:
  75:Initialization.c ****     SPIM_1_Stop();
 191              		.loc 1 75 0
 192 002e FFF7FEFF 		bl	SPIM_1_Stop
 193              	.LVL23:
  76:Initialization.c ****     ADC_DelSig_Start();
 194              		.loc 1 76 0
 195 0032 FFF7FEFF 		bl	ADC_DelSig_Start
 196              	.LVL24:
  77:Initialization.c ****     ADC_DelSig_StartConvert();
 197              		.loc 1 77 0
 198 0036 FFF7FEFF 		bl	ADC_DelSig_StartConvert
 199              	.LVL25:
 200 003a 08BD     		pop	{r3, pc}
 201              	.L12:
 202              		.align	2
 203              	.L11:
 204 003c 00000000 		.word	fifo_ctrl_reg
 205 0040 00000000 		.word	error
 206              		.cfi_endproc
 207              	.LFE65:
 208              		.size	INIT_CONF, .-INIT_CONF
ARM GAS  C:\Users\Riccardo\AppData\Local\Temp\ccuNmjEK.s 			page 6


 209              		.comm	fifo_ctrl_reg,1,1
 210              		.comm	error,1,1
 211              		.comm	timestamp,4,4
 212              		.comm	flag_eeprom,1,1
 213              		.comm	counter_int_led,2,2
 214              		.comm	counter_blue,2,2
 215              		.comm	counter_green,2,2
 216              		.comm	counter_red,2,2
 217              		.comm	period_int_led,1,1
 218              		.comm	period_blue,2,2
 219              		.comm	period_green,2,2
 220              		.comm	period_red,2,2
 221              		.comm	status,1,1
 222              		.comm	OVR_FLAG,1,1
 223              		.text
 224              	.Letext0:
 225              		.file 2 "c:\\program files (x86)\\cypress\\psoc creator\\4.3\\psoc creator\\import\\gnu\\arm\\5.4.
 226              		.file 3 "c:\\program files (x86)\\cypress\\psoc creator\\4.3\\psoc creator\\import\\gnu\\arm\\5.4.
 227              		.file 4 "ErrorCodes.h"
 228              		.file 5 "Generated_Source\\PSoC5/core_cm3.h"
 229              		.file 6 "Interrupt_Routines.h"
 230              		.file 7 "I2C_Interface.h"
 231              		.file 8 "Generated_Source\\PSoC5/ADC_DelSig.h"
 232              		.file 9 "Generated_Source\\PSoC5/INT_Led.h"
 233              		.file 10 "Generated_Source\\PSoC5/isr_LIS3DH.h"
 234              		.file 11 "Generated_Source\\PSoC5/SPIM_1.h"
 235              		.file 12 "Generated_Source\\PSoC5/CyLib.h"
 236              		.file 13 "Generated_Source\\PSoC5/RED_Led.h"
 237              		.file 14 "Generated_Source\\PSoC5/GREEN_Led.h"
 238              		.file 15 "Generated_Source\\PSoC5/BLUE_Led.h"
 239              		.section	.debug_info,"",%progbits
 240              	.Ldebug_info0:
 241 0000 7A040000 		.4byte	0x47a
 242 0004 0400     		.2byte	0x4
 243 0006 00000000 		.4byte	.Ldebug_abbrev0
 244 000a 04       		.byte	0x4
 245 000b 01       		.uleb128 0x1
 246 000c 31010000 		.4byte	.LASF58
 247 0010 0C       		.byte	0xc
 248 0011 E6010000 		.4byte	.LASF59
 249 0015 22000000 		.4byte	.LASF60
 250 0019 00000000 		.4byte	.Ldebug_ranges0+0
 251 001d 00000000 		.4byte	0
 252 0021 00000000 		.4byte	.Ldebug_line0
 253 0025 02       		.uleb128 0x2
 254 0026 01       		.byte	0x1
 255 0027 06       		.byte	0x6
 256 0028 73030000 		.4byte	.LASF0
 257 002c 03       		.uleb128 0x3
 258 002d 18000000 		.4byte	.LASF3
 259 0031 02       		.byte	0x2
 260 0032 1D       		.byte	0x1d
 261 0033 37000000 		.4byte	0x37
 262 0037 02       		.uleb128 0x2
 263 0038 01       		.byte	0x1
 264 0039 08       		.byte	0x8
 265 003a 23010000 		.4byte	.LASF1
ARM GAS  C:\Users\Riccardo\AppData\Local\Temp\ccuNmjEK.s 			page 7


 266 003e 02       		.uleb128 0x2
 267 003f 02       		.byte	0x2
 268 0040 05       		.byte	0x5
 269 0041 27030000 		.4byte	.LASF2
 270 0045 03       		.uleb128 0x3
 271 0046 21020000 		.4byte	.LASF4
 272 004a 02       		.byte	0x2
 273 004b 2B       		.byte	0x2b
 274 004c 50000000 		.4byte	0x50
 275 0050 02       		.uleb128 0x2
 276 0051 02       		.byte	0x2
 277 0052 07       		.byte	0x7
 278 0053 AB000000 		.4byte	.LASF5
 279 0057 03       		.uleb128 0x3
 280 0058 8E000000 		.4byte	.LASF6
 281 005c 02       		.byte	0x2
 282 005d 3F       		.byte	0x3f
 283 005e 62000000 		.4byte	0x62
 284 0062 02       		.uleb128 0x2
 285 0063 04       		.byte	0x4
 286 0064 05       		.byte	0x5
 287 0065 98000000 		.4byte	.LASF7
 288 0069 03       		.uleb128 0x3
 289 006a 44020000 		.4byte	.LASF8
 290 006e 02       		.byte	0x2
 291 006f 41       		.byte	0x41
 292 0070 74000000 		.4byte	0x74
 293 0074 02       		.uleb128 0x2
 294 0075 04       		.byte	0x4
 295 0076 07       		.byte	0x7
 296 0077 BF010000 		.4byte	.LASF9
 297 007b 02       		.uleb128 0x2
 298 007c 08       		.byte	0x8
 299 007d 05       		.byte	0x5
 300 007e F7020000 		.4byte	.LASF10
 301 0082 02       		.uleb128 0x2
 302 0083 08       		.byte	0x8
 303 0084 07       		.byte	0x7
 304 0085 86020000 		.4byte	.LASF11
 305 0089 04       		.uleb128 0x4
 306 008a 04       		.byte	0x4
 307 008b 05       		.byte	0x5
 308 008c 696E7400 		.ascii	"int\000"
 309 0090 02       		.uleb128 0x2
 310 0091 04       		.byte	0x4
 311 0092 07       		.byte	0x7
 312 0093 79020000 		.4byte	.LASF12
 313 0097 03       		.uleb128 0x3
 314 0098 BE000000 		.4byte	.LASF13
 315 009c 03       		.byte	0x3
 316 009d 18       		.byte	0x18
 317 009e 2C000000 		.4byte	0x2c
 318 00a2 03       		.uleb128 0x3
 319 00a3 1E030000 		.4byte	.LASF14
 320 00a7 03       		.byte	0x3
 321 00a8 24       		.byte	0x24
 322 00a9 45000000 		.4byte	0x45
ARM GAS  C:\Users\Riccardo\AppData\Local\Temp\ccuNmjEK.s 			page 8


 323 00ad 03       		.uleb128 0x3
 324 00ae E0020000 		.4byte	.LASF15
 325 00b2 03       		.byte	0x3
 326 00b3 2C       		.byte	0x2c
 327 00b4 57000000 		.4byte	0x57
 328 00b8 03       		.uleb128 0x3
 329 00b9 58030000 		.4byte	.LASF16
 330 00bd 03       		.byte	0x3
 331 00be 30       		.byte	0x30
 332 00bf 69000000 		.4byte	0x69
 333 00c3 02       		.uleb128 0x2
 334 00c4 04       		.byte	0x4
 335 00c5 04       		.byte	0x4
 336 00c6 FD000000 		.4byte	.LASF17
 337 00ca 02       		.uleb128 0x2
 338 00cb 08       		.byte	0x8
 339 00cc 04       		.byte	0x4
 340 00cd 2C020000 		.4byte	.LASF18
 341 00d1 02       		.uleb128 0x2
 342 00d2 01       		.byte	0x1
 343 00d3 08       		.byte	0x8
 344 00d4 05030000 		.4byte	.LASF19
 345 00d8 02       		.uleb128 0x2
 346 00d9 08       		.byte	0x8
 347 00da 04       		.byte	0x4
 348 00db 67030000 		.4byte	.LASF20
 349 00df 02       		.uleb128 0x2
 350 00e0 04       		.byte	0x4
 351 00e1 07       		.byte	0x7
 352 00e2 E8020000 		.4byte	.LASF21
 353 00e6 05       		.uleb128 0x5
 354 00e7 B8000000 		.4byte	0xb8
 355 00eb 05       		.uleb128 0x5
 356 00ec 97000000 		.4byte	0x97
 357 00f0 05       		.uleb128 0x5
 358 00f1 A2000000 		.4byte	0xa2
 359 00f5 06       		.uleb128 0x6
 360 00f6 01       		.byte	0x1
 361 00f7 37000000 		.4byte	0x37
 362 00fb 04       		.byte	0x4
 363 00fc 15       		.byte	0x15
 364 00fd 0E010000 		.4byte	0x10e
 365 0101 07       		.uleb128 0x7
 366 0102 4F030000 		.4byte	.LASF22
 367 0106 00       		.byte	0
 368 0107 07       		.uleb128 0x7
 369 0108 61030000 		.4byte	.LASF23
 370 010c 01       		.byte	0x1
 371 010d 00       		.byte	0
 372 010e 03       		.uleb128 0x3
 373 010f C6000000 		.4byte	.LASF24
 374 0113 04       		.byte	0x4
 375 0114 18       		.byte	0x18
 376 0115 F5000000 		.4byte	0xf5
 377 0119 08       		.uleb128 0x8
 378 011a D0000000 		.4byte	.LASF25
 379 011e 01       		.byte	0x1
ARM GAS  C:\Users\Riccardo\AppData\Local\Temp\ccuNmjEK.s 			page 9


 380 011f 17       		.byte	0x17
 381 0120 00000000 		.4byte	.LFB63
 382 0124 40000000 		.4byte	.LFE63-.LFB63
 383 0128 01       		.uleb128 0x1
 384 0129 9C       		.byte	0x9c
 385 012a 94010000 		.4byte	0x194
 386 012e 09       		.uleb128 0x9
 387 012f 06000000 		.4byte	.LVL0
 388 0133 D8030000 		.4byte	0x3d8
 389 0137 0A       		.uleb128 0xa
 390 0138 14000000 		.4byte	.LVL1
 391 013c E3030000 		.4byte	0x3e3
 392 0140 56010000 		.4byte	0x156
 393 0144 0B       		.uleb128 0xb
 394 0145 01       		.uleb128 0x1
 395 0146 50       		.byte	0x50
 396 0147 01       		.uleb128 0x1
 397 0148 48       		.byte	0x48
 398 0149 0B       		.uleb128 0xb
 399 014a 01       		.uleb128 0x1
 400 014b 51       		.byte	0x51
 401 014c 02       		.uleb128 0x2
 402 014d 08       		.byte	0x8
 403 014e 2E       		.byte	0x2e
 404 014f 0B       		.uleb128 0xb
 405 0150 01       		.uleb128 0x1
 406 0151 52       		.byte	0x52
 407 0152 02       		.uleb128 0x2
 408 0153 09       		.byte	0x9
 409 0154 86       		.byte	0x86
 410 0155 00       		.byte	0
 411 0156 09       		.uleb128 0x9
 412 0157 1C000000 		.4byte	.LVL2
 413 015b EE030000 		.4byte	0x3ee
 414 015f 0A       		.uleb128 0xa
 415 0160 22000000 		.4byte	.LVL3
 416 0164 F9030000 		.4byte	0x3f9
 417 0168 72010000 		.4byte	0x172
 418 016c 0B       		.uleb128 0xb
 419 016d 01       		.uleb128 0x1
 420 016e 50       		.byte	0x50
 421 016f 01       		.uleb128 0x1
 422 0170 31       		.byte	0x31
 423 0171 00       		.byte	0
 424 0172 09       		.uleb128 0x9
 425 0173 28000000 		.4byte	.LVL4
 426 0177 04040000 		.4byte	0x404
 427 017b 09       		.uleb128 0x9
 428 017c 2C000000 		.4byte	.LVL5
 429 0180 0F040000 		.4byte	0x40f
 430 0184 0C       		.uleb128 0xc
 431 0185 32000000 		.4byte	.LVL6
 432 0189 1A040000 		.4byte	0x41a
 433 018d 0B       		.uleb128 0xb
 434 018e 01       		.uleb128 0x1
 435 018f 50       		.byte	0x50
 436 0190 01       		.uleb128 0x1
ARM GAS  C:\Users\Riccardo\AppData\Local\Temp\ccuNmjEK.s 			page 10


 437 0191 3A       		.byte	0x3a
 438 0192 00       		.byte	0
 439 0193 00       		.byte	0
 440 0194 08       		.uleb128 0x8
 441 0195 F4000000 		.4byte	.LASF26
 442 0199 01       		.byte	0x1
 443 019a 2A       		.byte	0x2a
 444 019b 00000000 		.4byte	.LFB64
 445 019f 4C000000 		.4byte	.LFE64-.LFB64
 446 01a3 01       		.uleb128 0x1
 447 01a4 9C       		.byte	0x9c
 448 01a5 3F020000 		.4byte	0x23f
 449 01a9 09       		.uleb128 0x9
 450 01aa 06000000 		.4byte	.LVL7
 451 01ae D8030000 		.4byte	0x3d8
 452 01b2 0A       		.uleb128 0xa
 453 01b3 16000000 		.4byte	.LVL8
 454 01b7 E3030000 		.4byte	0x3e3
 455 01bb D1010000 		.4byte	0x1d1
 456 01bf 0B       		.uleb128 0xb
 457 01c0 01       		.uleb128 0x1
 458 01c1 50       		.byte	0x50
 459 01c2 01       		.uleb128 0x1
 460 01c3 48       		.byte	0x48
 461 01c4 0B       		.uleb128 0xb
 462 01c5 01       		.uleb128 0x1
 463 01c6 51       		.byte	0x51
 464 01c7 02       		.uleb128 0x2
 465 01c8 08       		.byte	0x8
 466 01c9 2E       		.byte	0x2e
 467 01ca 0B       		.uleb128 0xb
 468 01cb 01       		.uleb128 0x1
 469 01cc 52       		.byte	0x52
 470 01cd 02       		.uleb128 0x2
 471 01ce 74       		.byte	0x74
 472 01cf 00       		.sleb128 0
 473 01d0 00       		.byte	0
 474 01d1 09       		.uleb128 0x9
 475 01d2 1E000000 		.4byte	.LVL9
 476 01d6 25040000 		.4byte	0x425
 477 01da 09       		.uleb128 0x9
 478 01db 22000000 		.4byte	.LVL10
 479 01df 30040000 		.4byte	0x430
 480 01e3 09       		.uleb128 0x9
 481 01e4 26000000 		.4byte	.LVL11
 482 01e8 3B040000 		.4byte	0x43b
 483 01ec 09       		.uleb128 0x9
 484 01ed 2A000000 		.4byte	.LVL12
 485 01f1 EE030000 		.4byte	0x3ee
 486 01f5 0A       		.uleb128 0xa
 487 01f6 30000000 		.4byte	.LVL13
 488 01fa 46040000 		.4byte	0x446
 489 01fe 08020000 		.4byte	0x208
 490 0202 0B       		.uleb128 0xb
 491 0203 01       		.uleb128 0x1
 492 0204 50       		.byte	0x50
 493 0205 01       		.uleb128 0x1
ARM GAS  C:\Users\Riccardo\AppData\Local\Temp\ccuNmjEK.s 			page 11


 494 0206 31       		.byte	0x31
 495 0207 00       		.byte	0
 496 0208 0A       		.uleb128 0xa
 497 0209 36000000 		.4byte	.LVL14
 498 020d 51040000 		.4byte	0x451
 499 0211 1B020000 		.4byte	0x21b
 500 0215 0B       		.uleb128 0xb
 501 0216 01       		.uleb128 0x1
 502 0217 50       		.byte	0x50
 503 0218 01       		.uleb128 0x1
 504 0219 31       		.byte	0x31
 505 021a 00       		.byte	0
 506 021b 0A       		.uleb128 0xa
 507 021c 3C000000 		.4byte	.LVL15
 508 0220 5C040000 		.4byte	0x45c
 509 0224 2E020000 		.4byte	0x22e
 510 0228 0B       		.uleb128 0xb
 511 0229 01       		.uleb128 0x1
 512 022a 50       		.byte	0x50
 513 022b 01       		.uleb128 0x1
 514 022c 31       		.byte	0x31
 515 022d 00       		.byte	0
 516 022e 0C       		.uleb128 0xc
 517 022f 42000000 		.4byte	.LVL16
 518 0233 F9030000 		.4byte	0x3f9
 519 0237 0B       		.uleb128 0xb
 520 0238 01       		.uleb128 0x1
 521 0239 50       		.byte	0x50
 522 023a 02       		.uleb128 0x2
 523 023b 74       		.byte	0x74
 524 023c 00       		.sleb128 0
 525 023d 00       		.byte	0
 526 023e 00       		.byte	0
 527 023f 08       		.uleb128 0x8
 528 0240 A1000000 		.4byte	.LASF27
 529 0244 01       		.byte	0x1
 530 0245 3E       		.byte	0x3e
 531 0246 00000000 		.4byte	.LFB65
 532 024a 44000000 		.4byte	.LFE65-.LFB65
 533 024e 01       		.uleb128 0x1
 534 024f 9C       		.byte	0x9c
 535 0250 D9020000 		.4byte	0x2d9
 536 0254 0A       		.uleb128 0xa
 537 0255 08000000 		.4byte	.LVL17
 538 0259 46040000 		.4byte	0x446
 539 025d 67020000 		.4byte	0x267
 540 0261 0B       		.uleb128 0xb
 541 0262 01       		.uleb128 0x1
 542 0263 50       		.byte	0x50
 543 0264 01       		.uleb128 0x1
 544 0265 31       		.byte	0x31
 545 0266 00       		.byte	0
 546 0267 0A       		.uleb128 0xa
 547 0268 0E000000 		.4byte	.LVL18
 548 026c 51040000 		.4byte	0x451
 549 0270 7A020000 		.4byte	0x27a
 550 0274 0B       		.uleb128 0xb
ARM GAS  C:\Users\Riccardo\AppData\Local\Temp\ccuNmjEK.s 			page 12


 551 0275 01       		.uleb128 0x1
 552 0276 50       		.byte	0x50
 553 0277 01       		.uleb128 0x1
 554 0278 31       		.byte	0x31
 555 0279 00       		.byte	0
 556 027a 0A       		.uleb128 0xa
 557 027b 14000000 		.4byte	.LVL19
 558 027f 5C040000 		.4byte	0x45c
 559 0283 8D020000 		.4byte	0x28d
 560 0287 0B       		.uleb128 0xb
 561 0288 01       		.uleb128 0x1
 562 0289 50       		.byte	0x50
 563 028a 01       		.uleb128 0x1
 564 028b 31       		.byte	0x31
 565 028c 00       		.byte	0
 566 028d 09       		.uleb128 0x9
 567 028e 18000000 		.4byte	.LVL20
 568 0292 D8030000 		.4byte	0x3d8
 569 0296 0A       		.uleb128 0xa
 570 0297 26000000 		.4byte	.LVL21
 571 029b E3030000 		.4byte	0x3e3
 572 029f B4020000 		.4byte	0x2b4
 573 02a3 0B       		.uleb128 0xb
 574 02a4 01       		.uleb128 0x1
 575 02a5 50       		.byte	0x50
 576 02a6 01       		.uleb128 0x1
 577 02a7 48       		.byte	0x48
 578 02a8 0B       		.uleb128 0xb
 579 02a9 01       		.uleb128 0x1
 580 02aa 51       		.byte	0x51
 581 02ab 02       		.uleb128 0x2
 582 02ac 08       		.byte	0x8
 583 02ad 2E       		.byte	0x2e
 584 02ae 0B       		.uleb128 0xb
 585 02af 01       		.uleb128 0x1
 586 02b0 52       		.byte	0x52
 587 02b1 01       		.uleb128 0x1
 588 02b2 30       		.byte	0x30
 589 02b3 00       		.byte	0
 590 02b4 09       		.uleb128 0x9
 591 02b5 2E000000 		.4byte	.LVL22
 592 02b9 25040000 		.4byte	0x425
 593 02bd 09       		.uleb128 0x9
 594 02be 32000000 		.4byte	.LVL23
 595 02c2 3B040000 		.4byte	0x43b
 596 02c6 09       		.uleb128 0x9
 597 02c7 36000000 		.4byte	.LVL24
 598 02cb 67040000 		.4byte	0x467
 599 02cf 09       		.uleb128 0x9
 600 02d0 3A000000 		.4byte	.LVL25
 601 02d4 72040000 		.4byte	0x472
 602 02d8 00       		.byte	0
 603 02d9 0D       		.uleb128 0xd
 604 02da 14020000 		.4byte	.LASF28
 605 02de 05       		.byte	0x5
 606 02df 1207     		.2byte	0x712
 607 02e1 E5020000 		.4byte	0x2e5
ARM GAS  C:\Users\Riccardo\AppData\Local\Temp\ccuNmjEK.s 			page 13


 608 02e5 05       		.uleb128 0x5
 609 02e6 AD000000 		.4byte	0xad
 610 02ea 0E       		.uleb128 0xe
 611 02eb D1010000 		.4byte	.LASF29
 612 02ef 06       		.byte	0x6
 613 02f0 1E       		.byte	0x1e
 614 02f1 EB000000 		.4byte	0xeb
 615 02f5 05       		.uleb128 0x5
 616 02f6 03       		.byte	0x3
 617 02f7 00000000 		.4byte	OVR_FLAG
 618 02fb 0E       		.uleb128 0xe
 619 02fc 6C000000 		.4byte	.LASF30
 620 0300 06       		.byte	0x6
 621 0301 20       		.byte	0x20
 622 0302 EB000000 		.4byte	0xeb
 623 0306 05       		.uleb128 0x5
 624 0307 03       		.byte	0x3
 625 0308 00000000 		.4byte	status
 626 030c 0E       		.uleb128 0xe
 627 030d 7F030000 		.4byte	.LASF31
 628 0311 06       		.byte	0x6
 629 0312 29       		.byte	0x29
 630 0313 F0000000 		.4byte	0xf0
 631 0317 05       		.uleb128 0x5
 632 0318 03       		.byte	0x3
 633 0319 00000000 		.4byte	period_red
 634 031d 0E       		.uleb128 0xe
 635 031e 8A030000 		.4byte	.LASF32
 636 0322 06       		.byte	0x6
 637 0323 2A       		.byte	0x2a
 638 0324 F0000000 		.4byte	0xf0
 639 0328 05       		.uleb128 0x5
 640 0329 03       		.byte	0x3
 641 032a 00000000 		.4byte	period_green
 642 032e 0E       		.uleb128 0xe
 643 032f DA010000 		.4byte	.LASF33
 644 0333 06       		.byte	0x6
 645 0334 2B       		.byte	0x2b
 646 0335 F0000000 		.4byte	0xf0
 647 0339 05       		.uleb128 0x5
 648 033a 03       		.byte	0x3
 649 033b 00000000 		.4byte	period_blue
 650 033f 0E       		.uleb128 0xe
 651 0340 E5000000 		.4byte	.LASF34
 652 0344 06       		.byte	0x6
 653 0345 2C       		.byte	0x2c
 654 0346 EB000000 		.4byte	0xeb
 655 034a 05       		.uleb128 0x5
 656 034b 03       		.byte	0x3
 657 034c 00000000 		.4byte	period_int_led
 658 0350 0E       		.uleb128 0xe
 659 0351 9D020000 		.4byte	.LASF35
 660 0355 06       		.byte	0x6
 661 0356 2E       		.byte	0x2e
 662 0357 F0000000 		.4byte	0xf0
 663 035b 05       		.uleb128 0x5
 664 035c 03       		.byte	0x3
ARM GAS  C:\Users\Riccardo\AppData\Local\Temp\ccuNmjEK.s 			page 14


 665 035d 00000000 		.4byte	counter_red
 666 0361 0E       		.uleb128 0xe
 667 0362 00000000 		.4byte	.LASF36
 668 0366 06       		.byte	0x6
 669 0367 2F       		.byte	0x2f
 670 0368 F0000000 		.4byte	0xf0
 671 036c 05       		.uleb128 0x5
 672 036d 03       		.byte	0x3
 673 036e 00000000 		.4byte	counter_green
 674 0372 0E       		.uleb128 0xe
 675 0373 D8000000 		.4byte	.LASF37
 676 0377 06       		.byte	0x6
 677 0378 30       		.byte	0x30
 678 0379 F0000000 		.4byte	0xf0
 679 037d 05       		.uleb128 0x5
 680 037e 03       		.byte	0x3
 681 037f 00000000 		.4byte	counter_blue
 682 0383 0E       		.uleb128 0xe
 683 0384 13010000 		.4byte	.LASF38
 684 0388 06       		.byte	0x6
 685 0389 31       		.byte	0x31
 686 038a F0000000 		.4byte	0xf0
 687 038e 05       		.uleb128 0x5
 688 038f 03       		.byte	0x3
 689 0390 00000000 		.4byte	counter_int_led
 690 0394 0E       		.uleb128 0xe
 691 0395 A9020000 		.4byte	.LASF39
 692 0399 06       		.byte	0x6
 693 039a 33       		.byte	0x33
 694 039b EB000000 		.4byte	0xeb
 695 039f 05       		.uleb128 0x5
 696 03a0 03       		.byte	0x3
 697 03a1 00000000 		.4byte	flag_eeprom
 698 03a5 0E       		.uleb128 0xe
 699 03a6 0E000000 		.4byte	.LASF40
 700 03aa 06       		.byte	0x6
 701 03ab 34       		.byte	0x34
 702 03ac E6000000 		.4byte	0xe6
 703 03b0 05       		.uleb128 0x5
 704 03b1 03       		.byte	0x3
 705 03b2 00000000 		.4byte	timestamp
 706 03b6 0E       		.uleb128 0xe
 707 03b7 F1020000 		.4byte	.LASF41
 708 03bb 01       		.byte	0x1
 709 03bc 11       		.byte	0x11
 710 03bd 0E010000 		.4byte	0x10e
 711 03c1 05       		.uleb128 0x5
 712 03c2 03       		.byte	0x3
 713 03c3 00000000 		.4byte	error
 714 03c7 0E       		.uleb128 0xe
 715 03c8 31030000 		.4byte	.LASF42
 716 03cc 01       		.byte	0x1
 717 03cd 12       		.byte	0x12
 718 03ce 97000000 		.4byte	0x97
 719 03d2 05       		.uleb128 0x5
 720 03d3 03       		.byte	0x3
 721 03d4 00000000 		.4byte	fifo_ctrl_reg
ARM GAS  C:\Users\Riccardo\AppData\Local\Temp\ccuNmjEK.s 			page 15


 722 03d8 0F       		.uleb128 0xf
 723 03d9 AE030000 		.4byte	.LASF43
 724 03dd AE030000 		.4byte	.LASF43
 725 03e1 07       		.byte	0x7
 726 03e2 0D       		.byte	0xd
 727 03e3 0F       		.uleb128 0xf
 728 03e4 F7010000 		.4byte	.LASF44
 729 03e8 F7010000 		.4byte	.LASF44
 730 03ec 07       		.byte	0x7
 731 03ed 39       		.byte	0x39
 732 03ee 0F       		.uleb128 0xf
 733 03ef 4F020000 		.4byte	.LASF45
 734 03f3 4F020000 		.4byte	.LASF45
 735 03f7 08       		.byte	0x8
 736 03f8 3B       		.byte	0x3b
 737 03f9 0F       		.uleb128 0xf
 738 03fa 6B020000 		.4byte	.LASF46
 739 03fe 6B020000 		.4byte	.LASF46
 740 0402 09       		.byte	0x9
 741 0403 26       		.byte	0x26
 742 0404 0F       		.uleb128 0xf
 743 0405 B5020000 		.4byte	.LASF47
 744 0409 B5020000 		.4byte	.LASF47
 745 040d 0A       		.byte	0xa
 746 040e 18       		.byte	0x18
 747 040f 0F       		.uleb128 0xf
 748 0410 73000000 		.4byte	.LASF48
 749 0414 73000000 		.4byte	.LASF48
 750 0418 0B       		.byte	0xb
 751 0419 4D       		.byte	0x4d
 752 041a 0F       		.uleb128 0xf
 753 041b 97030000 		.4byte	.LASF49
 754 041f 97030000 		.4byte	.LASF49
 755 0423 0C       		.byte	0xc
 756 0424 76       		.byte	0x76
 757 0425 0F       		.uleb128 0xf
 758 0426 03010000 		.4byte	.LASF50
 759 042a 03010000 		.4byte	.LASF50
 760 042e 0A       		.byte	0xa
 761 042f 19       		.byte	0x19
 762 0430 0F       		.uleb128 0xf
 763 0431 0A030000 		.4byte	.LASF51
 764 0435 0A030000 		.4byte	.LASF51
 765 0439 07       		.byte	0x7
 766 043a 13       		.byte	0x13
 767 043b 0F       		.uleb128 0xf
 768 043c 5F020000 		.4byte	.LASF52
 769 0440 5F020000 		.4byte	.LASF52
 770 0444 0B       		.byte	0xb
 771 0445 4E       		.byte	0x4e
 772 0446 0F       		.uleb128 0xf
 773 0447 80000000 		.4byte	.LASF53
 774 044b 80000000 		.4byte	.LASF53
 775 044f 0D       		.byte	0xd
 776 0450 26       		.byte	0x26
 777 0451 0F       		.uleb128 0xf
 778 0452 3F030000 		.4byte	.LASF54
ARM GAS  C:\Users\Riccardo\AppData\Local\Temp\ccuNmjEK.s 			page 16


 779 0456 3F030000 		.4byte	.LASF54
 780 045a 0E       		.byte	0xe
 781 045b 26       		.byte	0x26
 782 045c 0F       		.uleb128 0xf
 783 045d 9F030000 		.4byte	.LASF55
 784 0461 9F030000 		.4byte	.LASF55
 785 0465 0F       		.byte	0xf
 786 0466 26       		.byte	0x26
 787 0467 0F       		.uleb128 0xf
 788 0468 33020000 		.4byte	.LASF56
 789 046c 33020000 		.4byte	.LASF56
 790 0470 08       		.byte	0x8
 791 0471 3A       		.byte	0x3a
 792 0472 0F       		.uleb128 0xf
 793 0473 C8020000 		.4byte	.LASF57
 794 0477 C8020000 		.4byte	.LASF57
 795 047b 08       		.byte	0x8
 796 047c 3D       		.byte	0x3d
 797 047d 00       		.byte	0
 798              		.section	.debug_abbrev,"",%progbits
 799              	.Ldebug_abbrev0:
 800 0000 01       		.uleb128 0x1
 801 0001 11       		.uleb128 0x11
 802 0002 01       		.byte	0x1
 803 0003 25       		.uleb128 0x25
 804 0004 0E       		.uleb128 0xe
 805 0005 13       		.uleb128 0x13
 806 0006 0B       		.uleb128 0xb
 807 0007 03       		.uleb128 0x3
 808 0008 0E       		.uleb128 0xe
 809 0009 1B       		.uleb128 0x1b
 810 000a 0E       		.uleb128 0xe
 811 000b 55       		.uleb128 0x55
 812 000c 17       		.uleb128 0x17
 813 000d 11       		.uleb128 0x11
 814 000e 01       		.uleb128 0x1
 815 000f 10       		.uleb128 0x10
 816 0010 17       		.uleb128 0x17
 817 0011 00       		.byte	0
 818 0012 00       		.byte	0
 819 0013 02       		.uleb128 0x2
 820 0014 24       		.uleb128 0x24
 821 0015 00       		.byte	0
 822 0016 0B       		.uleb128 0xb
 823 0017 0B       		.uleb128 0xb
 824 0018 3E       		.uleb128 0x3e
 825 0019 0B       		.uleb128 0xb
 826 001a 03       		.uleb128 0x3
 827 001b 0E       		.uleb128 0xe
 828 001c 00       		.byte	0
 829 001d 00       		.byte	0
 830 001e 03       		.uleb128 0x3
 831 001f 16       		.uleb128 0x16
 832 0020 00       		.byte	0
 833 0021 03       		.uleb128 0x3
 834 0022 0E       		.uleb128 0xe
 835 0023 3A       		.uleb128 0x3a
ARM GAS  C:\Users\Riccardo\AppData\Local\Temp\ccuNmjEK.s 			page 17


 836 0024 0B       		.uleb128 0xb
 837 0025 3B       		.uleb128 0x3b
 838 0026 0B       		.uleb128 0xb
 839 0027 49       		.uleb128 0x49
 840 0028 13       		.uleb128 0x13
 841 0029 00       		.byte	0
 842 002a 00       		.byte	0
 843 002b 04       		.uleb128 0x4
 844 002c 24       		.uleb128 0x24
 845 002d 00       		.byte	0
 846 002e 0B       		.uleb128 0xb
 847 002f 0B       		.uleb128 0xb
 848 0030 3E       		.uleb128 0x3e
 849 0031 0B       		.uleb128 0xb
 850 0032 03       		.uleb128 0x3
 851 0033 08       		.uleb128 0x8
 852 0034 00       		.byte	0
 853 0035 00       		.byte	0
 854 0036 05       		.uleb128 0x5
 855 0037 35       		.uleb128 0x35
 856 0038 00       		.byte	0
 857 0039 49       		.uleb128 0x49
 858 003a 13       		.uleb128 0x13
 859 003b 00       		.byte	0
 860 003c 00       		.byte	0
 861 003d 06       		.uleb128 0x6
 862 003e 04       		.uleb128 0x4
 863 003f 01       		.byte	0x1
 864 0040 0B       		.uleb128 0xb
 865 0041 0B       		.uleb128 0xb
 866 0042 49       		.uleb128 0x49
 867 0043 13       		.uleb128 0x13
 868 0044 3A       		.uleb128 0x3a
 869 0045 0B       		.uleb128 0xb
 870 0046 3B       		.uleb128 0x3b
 871 0047 0B       		.uleb128 0xb
 872 0048 01       		.uleb128 0x1
 873 0049 13       		.uleb128 0x13
 874 004a 00       		.byte	0
 875 004b 00       		.byte	0
 876 004c 07       		.uleb128 0x7
 877 004d 28       		.uleb128 0x28
 878 004e 00       		.byte	0
 879 004f 03       		.uleb128 0x3
 880 0050 0E       		.uleb128 0xe
 881 0051 1C       		.uleb128 0x1c
 882 0052 0B       		.uleb128 0xb
 883 0053 00       		.byte	0
 884 0054 00       		.byte	0
 885 0055 08       		.uleb128 0x8
 886 0056 2E       		.uleb128 0x2e
 887 0057 01       		.byte	0x1
 888 0058 3F       		.uleb128 0x3f
 889 0059 19       		.uleb128 0x19
 890 005a 03       		.uleb128 0x3
 891 005b 0E       		.uleb128 0xe
 892 005c 3A       		.uleb128 0x3a
ARM GAS  C:\Users\Riccardo\AppData\Local\Temp\ccuNmjEK.s 			page 18


 893 005d 0B       		.uleb128 0xb
 894 005e 3B       		.uleb128 0x3b
 895 005f 0B       		.uleb128 0xb
 896 0060 27       		.uleb128 0x27
 897 0061 19       		.uleb128 0x19
 898 0062 11       		.uleb128 0x11
 899 0063 01       		.uleb128 0x1
 900 0064 12       		.uleb128 0x12
 901 0065 06       		.uleb128 0x6
 902 0066 40       		.uleb128 0x40
 903 0067 18       		.uleb128 0x18
 904 0068 9742     		.uleb128 0x2117
 905 006a 19       		.uleb128 0x19
 906 006b 01       		.uleb128 0x1
 907 006c 13       		.uleb128 0x13
 908 006d 00       		.byte	0
 909 006e 00       		.byte	0
 910 006f 09       		.uleb128 0x9
 911 0070 898201   		.uleb128 0x4109
 912 0073 00       		.byte	0
 913 0074 11       		.uleb128 0x11
 914 0075 01       		.uleb128 0x1
 915 0076 31       		.uleb128 0x31
 916 0077 13       		.uleb128 0x13
 917 0078 00       		.byte	0
 918 0079 00       		.byte	0
 919 007a 0A       		.uleb128 0xa
 920 007b 898201   		.uleb128 0x4109
 921 007e 01       		.byte	0x1
 922 007f 11       		.uleb128 0x11
 923 0080 01       		.uleb128 0x1
 924 0081 31       		.uleb128 0x31
 925 0082 13       		.uleb128 0x13
 926 0083 01       		.uleb128 0x1
 927 0084 13       		.uleb128 0x13
 928 0085 00       		.byte	0
 929 0086 00       		.byte	0
 930 0087 0B       		.uleb128 0xb
 931 0088 8A8201   		.uleb128 0x410a
 932 008b 00       		.byte	0
 933 008c 02       		.uleb128 0x2
 934 008d 18       		.uleb128 0x18
 935 008e 9142     		.uleb128 0x2111
 936 0090 18       		.uleb128 0x18
 937 0091 00       		.byte	0
 938 0092 00       		.byte	0
 939 0093 0C       		.uleb128 0xc
 940 0094 898201   		.uleb128 0x4109
 941 0097 01       		.byte	0x1
 942 0098 11       		.uleb128 0x11
 943 0099 01       		.uleb128 0x1
 944 009a 31       		.uleb128 0x31
 945 009b 13       		.uleb128 0x13
 946 009c 00       		.byte	0
 947 009d 00       		.byte	0
 948 009e 0D       		.uleb128 0xd
 949 009f 34       		.uleb128 0x34
ARM GAS  C:\Users\Riccardo\AppData\Local\Temp\ccuNmjEK.s 			page 19


 950 00a0 00       		.byte	0
 951 00a1 03       		.uleb128 0x3
 952 00a2 0E       		.uleb128 0xe
 953 00a3 3A       		.uleb128 0x3a
 954 00a4 0B       		.uleb128 0xb
 955 00a5 3B       		.uleb128 0x3b
 956 00a6 05       		.uleb128 0x5
 957 00a7 49       		.uleb128 0x49
 958 00a8 13       		.uleb128 0x13
 959 00a9 3F       		.uleb128 0x3f
 960 00aa 19       		.uleb128 0x19
 961 00ab 3C       		.uleb128 0x3c
 962 00ac 19       		.uleb128 0x19
 963 00ad 00       		.byte	0
 964 00ae 00       		.byte	0
 965 00af 0E       		.uleb128 0xe
 966 00b0 34       		.uleb128 0x34
 967 00b1 00       		.byte	0
 968 00b2 03       		.uleb128 0x3
 969 00b3 0E       		.uleb128 0xe
 970 00b4 3A       		.uleb128 0x3a
 971 00b5 0B       		.uleb128 0xb
 972 00b6 3B       		.uleb128 0x3b
 973 00b7 0B       		.uleb128 0xb
 974 00b8 49       		.uleb128 0x49
 975 00b9 13       		.uleb128 0x13
 976 00ba 3F       		.uleb128 0x3f
 977 00bb 19       		.uleb128 0x19
 978 00bc 02       		.uleb128 0x2
 979 00bd 18       		.uleb128 0x18
 980 00be 00       		.byte	0
 981 00bf 00       		.byte	0
 982 00c0 0F       		.uleb128 0xf
 983 00c1 2E       		.uleb128 0x2e
 984 00c2 00       		.byte	0
 985 00c3 3F       		.uleb128 0x3f
 986 00c4 19       		.uleb128 0x19
 987 00c5 3C       		.uleb128 0x3c
 988 00c6 19       		.uleb128 0x19
 989 00c7 6E       		.uleb128 0x6e
 990 00c8 0E       		.uleb128 0xe
 991 00c9 03       		.uleb128 0x3
 992 00ca 0E       		.uleb128 0xe
 993 00cb 3A       		.uleb128 0x3a
 994 00cc 0B       		.uleb128 0xb
 995 00cd 3B       		.uleb128 0x3b
 996 00ce 0B       		.uleb128 0xb
 997 00cf 00       		.byte	0
 998 00d0 00       		.byte	0
 999 00d1 00       		.byte	0
 1000              		.section	.debug_aranges,"",%progbits
 1001 0000 2C000000 		.4byte	0x2c
 1002 0004 0200     		.2byte	0x2
 1003 0006 00000000 		.4byte	.Ldebug_info0
 1004 000a 04       		.byte	0x4
 1005 000b 00       		.byte	0
 1006 000c 0000     		.2byte	0
ARM GAS  C:\Users\Riccardo\AppData\Local\Temp\ccuNmjEK.s 			page 20


 1007 000e 0000     		.2byte	0
 1008 0010 00000000 		.4byte	.LFB63
 1009 0014 40000000 		.4byte	.LFE63-.LFB63
 1010 0018 00000000 		.4byte	.LFB64
 1011 001c 4C000000 		.4byte	.LFE64-.LFB64
 1012 0020 00000000 		.4byte	.LFB65
 1013 0024 44000000 		.4byte	.LFE65-.LFB65
 1014 0028 00000000 		.4byte	0
 1015 002c 00000000 		.4byte	0
 1016              		.section	.debug_ranges,"",%progbits
 1017              	.Ldebug_ranges0:
 1018 0000 00000000 		.4byte	.LFB63
 1019 0004 40000000 		.4byte	.LFE63
 1020 0008 00000000 		.4byte	.LFB64
 1021 000c 4C000000 		.4byte	.LFE64
 1022 0010 00000000 		.4byte	.LFB65
 1023 0014 44000000 		.4byte	.LFE65
 1024 0018 00000000 		.4byte	0
 1025 001c 00000000 		.4byte	0
 1026              		.section	.debug_line,"",%progbits
 1027              	.Ldebug_line0:
 1028 0000 42020000 		.section	.debug_str,"MS",%progbits,1
 1028      0200F201 
 1028      00000201 
 1028      FB0E0D00 
 1028      01010101 
 1029              	.LASF36:
 1030 0000 636F756E 		.ascii	"counter_green\000"
 1030      7465725F 
 1030      67726565 
 1030      6E00
 1031              	.LASF40:
 1032 000e 74696D65 		.ascii	"timestamp\000"
 1032      7374616D 
 1032      7000
 1033              	.LASF3:
 1034 0018 5F5F7569 		.ascii	"__uint8_t\000"
 1034      6E74385F 
 1034      7400
 1035              	.LASF60:
 1036 0022 433A5C55 		.ascii	"C:\\Users\\Riccardo\\Desktop\\Final Project\\Final_"
 1036      73657273 
 1036      5C526963 
 1036      63617264 
 1036      6F5C4465 
 1037 0050 50726F6A 		.ascii	"Project\\Final_Project.cydsn\000"
 1037      6563745C 
 1037      46696E61 
 1037      6C5F5072 
 1037      6F6A6563 
 1038              	.LASF30:
 1039 006c 73746174 		.ascii	"status\000"
 1039      757300
 1040              	.LASF48:
 1041 0073 5350494D 		.ascii	"SPIM_1_Start\000"
 1041      5F315F53 
 1041      74617274 
ARM GAS  C:\Users\Riccardo\AppData\Local\Temp\ccuNmjEK.s 			page 21


 1041      00
 1042              	.LASF53:
 1043 0080 5245445F 		.ascii	"RED_Led_Write\000"
 1043      4C65645F 
 1043      57726974 
 1043      6500
 1044              	.LASF6:
 1045 008e 5F5F696E 		.ascii	"__int32_t\000"
 1045      7433325F 
 1045      7400
 1046              	.LASF7:
 1047 0098 6C6F6E67 		.ascii	"long int\000"
 1047      20696E74 
 1047      00
 1048              	.LASF27:
 1049 00a1 494E4954 		.ascii	"INIT_CONF\000"
 1049      5F434F4E 
 1049      4600
 1050              	.LASF5:
 1051 00ab 73686F72 		.ascii	"short unsigned int\000"
 1051      7420756E 
 1051      7369676E 
 1051      65642069 
 1051      6E7400
 1052              	.LASF13:
 1053 00be 75696E74 		.ascii	"uint8_t\000"
 1053      385F7400 
 1054              	.LASF24:
 1055 00c6 4572726F 		.ascii	"ErrorCode\000"
 1055      72436F64 
 1055      6500
 1056              	.LASF25:
 1057 00d0 494E4954 		.ascii	"INIT_ON\000"
 1057      5F4F4E00 
 1058              	.LASF37:
 1059 00d8 636F756E 		.ascii	"counter_blue\000"
 1059      7465725F 
 1059      626C7565 
 1059      00
 1060              	.LASF34:
 1061 00e5 70657269 		.ascii	"period_int_led\000"
 1061      6F645F69 
 1061      6E745F6C 
 1061      656400
 1062              	.LASF26:
 1063 00f4 494E4954 		.ascii	"INIT_OFF\000"
 1063      5F4F4646 
 1063      00
 1064              	.LASF17:
 1065 00fd 666C6F61 		.ascii	"float\000"
 1065      7400
 1066              	.LASF50:
 1067 0103 6973725F 		.ascii	"isr_LIS3DH_Stop\000"
 1067      4C495333 
 1067      44485F53 
 1067      746F7000 
 1068              	.LASF38:
ARM GAS  C:\Users\Riccardo\AppData\Local\Temp\ccuNmjEK.s 			page 22


 1069 0113 636F756E 		.ascii	"counter_int_led\000"
 1069      7465725F 
 1069      696E745F 
 1069      6C656400 
 1070              	.LASF1:
 1071 0123 756E7369 		.ascii	"unsigned char\000"
 1071      676E6564 
 1071      20636861 
 1071      7200
 1072              	.LASF58:
 1073 0131 474E5520 		.ascii	"GNU C11 5.4.1 20160609 (release) [ARM/embedded-5-br"
 1073      43313120 
 1073      352E342E 
 1073      31203230 
 1073      31363036 
 1074 0164 616E6368 		.ascii	"anch revision 237715] -mcpu=cortex-m3 -mthumb -g -O"
 1074      20726576 
 1074      6973696F 
 1074      6E203233 
 1074      37373135 
 1075 0197 67202D66 		.ascii	"g -ffunction-sections -ffat-lto-objects\000"
 1075      66756E63 
 1075      74696F6E 
 1075      2D736563 
 1075      74696F6E 
 1076              	.LASF9:
 1077 01bf 6C6F6E67 		.ascii	"long unsigned int\000"
 1077      20756E73 
 1077      69676E65 
 1077      6420696E 
 1077      7400
 1078              	.LASF29:
 1079 01d1 4F56525F 		.ascii	"OVR_FLAG\000"
 1079      464C4147 
 1079      00
 1080              	.LASF33:
 1081 01da 70657269 		.ascii	"period_blue\000"
 1081      6F645F62 
 1081      6C756500 
 1082              	.LASF59:
 1083 01e6 496E6974 		.ascii	"Initialization.c\000"
 1083      69616C69 
 1083      7A617469 
 1083      6F6E2E63 
 1083      00
 1084              	.LASF44:
 1085 01f7 4932435F 		.ascii	"I2C_Peripheral_WriteRegister\000"
 1085      50657269 
 1085      70686572 
 1085      616C5F57 
 1085      72697465 
 1086              	.LASF28:
 1087 0214 49544D5F 		.ascii	"ITM_RxBuffer\000"
 1087      52784275 
 1087      66666572 
 1087      00
 1088              	.LASF4:
ARM GAS  C:\Users\Riccardo\AppData\Local\Temp\ccuNmjEK.s 			page 23


 1089 0221 5F5F7569 		.ascii	"__uint16_t\000"
 1089      6E743136 
 1089      5F7400
 1090              	.LASF18:
 1091 022c 646F7562 		.ascii	"double\000"
 1091      6C6500
 1092              	.LASF56:
 1093 0233 4144435F 		.ascii	"ADC_DelSig_Start\000"
 1093      44656C53 
 1093      69675F53 
 1093      74617274 
 1093      00
 1094              	.LASF8:
 1095 0244 5F5F7569 		.ascii	"__uint32_t\000"
 1095      6E743332 
 1095      5F7400
 1096              	.LASF45:
 1097 024f 4144435F 		.ascii	"ADC_DelSig_Stop\000"
 1097      44656C53 
 1097      69675F53 
 1097      746F7000 
 1098              	.LASF52:
 1099 025f 5350494D 		.ascii	"SPIM_1_Stop\000"
 1099      5F315F53 
 1099      746F7000 
 1100              	.LASF46:
 1101 026b 494E545F 		.ascii	"INT_Led_Write\000"
 1101      4C65645F 
 1101      57726974 
 1101      6500
 1102              	.LASF12:
 1103 0279 756E7369 		.ascii	"unsigned int\000"
 1103      676E6564 
 1103      20696E74 
 1103      00
 1104              	.LASF11:
 1105 0286 6C6F6E67 		.ascii	"long long unsigned int\000"
 1105      206C6F6E 
 1105      6720756E 
 1105      7369676E 
 1105      65642069 
 1106              	.LASF35:
 1107 029d 636F756E 		.ascii	"counter_red\000"
 1107      7465725F 
 1107      72656400 
 1108              	.LASF39:
 1109 02a9 666C6167 		.ascii	"flag_eeprom\000"
 1109      5F656570 
 1109      726F6D00 
 1110              	.LASF47:
 1111 02b5 6973725F 		.ascii	"isr_LIS3DH_StartEx\000"
 1111      4C495333 
 1111      44485F53 
 1111      74617274 
 1111      457800
 1112              	.LASF57:
 1113 02c8 4144435F 		.ascii	"ADC_DelSig_StartConvert\000"
ARM GAS  C:\Users\Riccardo\AppData\Local\Temp\ccuNmjEK.s 			page 24


 1113      44656C53 
 1113      69675F53 
 1113      74617274 
 1113      436F6E76 
 1114              	.LASF15:
 1115 02e0 696E7433 		.ascii	"int32_t\000"
 1115      325F7400 
 1116              	.LASF21:
 1117 02e8 73697A65 		.ascii	"sizetype\000"
 1117      74797065 
 1117      00
 1118              	.LASF41:
 1119 02f1 6572726F 		.ascii	"error\000"
 1119      7200
 1120              	.LASF10:
 1121 02f7 6C6F6E67 		.ascii	"long long int\000"
 1121      206C6F6E 
 1121      6720696E 
 1121      7400
 1122              	.LASF19:
 1123 0305 63686172 		.ascii	"char\000"
 1123      00
 1124              	.LASF51:
 1125 030a 4932435F 		.ascii	"I2C_Peripheral_Stop\000"
 1125      50657269 
 1125      70686572 
 1125      616C5F53 
 1125      746F7000 
 1126              	.LASF14:
 1127 031e 75696E74 		.ascii	"uint16_t\000"
 1127      31365F74 
 1127      00
 1128              	.LASF2:
 1129 0327 73686F72 		.ascii	"short int\000"
 1129      7420696E 
 1129      7400
 1130              	.LASF42:
 1131 0331 6669666F 		.ascii	"fifo_ctrl_reg\000"
 1131      5F637472 
 1131      6C5F7265 
 1131      6700
 1132              	.LASF54:
 1133 033f 47524545 		.ascii	"GREEN_Led_Write\000"
 1133      4E5F4C65 
 1133      645F5772 
 1133      69746500 
 1134              	.LASF22:
 1135 034f 4E4F5F45 		.ascii	"NO_ERROR\000"
 1135      52524F52 
 1135      00
 1136              	.LASF16:
 1137 0358 75696E74 		.ascii	"uint32_t\000"
 1137      33325F74 
 1137      00
 1138              	.LASF23:
 1139 0361 4552524F 		.ascii	"ERROR\000"
 1139      5200
ARM GAS  C:\Users\Riccardo\AppData\Local\Temp\ccuNmjEK.s 			page 25


 1140              	.LASF20:
 1141 0367 6C6F6E67 		.ascii	"long double\000"
 1141      20646F75 
 1141      626C6500 
 1142              	.LASF0:
 1143 0373 7369676E 		.ascii	"signed char\000"
 1143      65642063 
 1143      68617200 
 1144              	.LASF31:
 1145 037f 70657269 		.ascii	"period_red\000"
 1145      6F645F72 
 1145      656400
 1146              	.LASF32:
 1147 038a 70657269 		.ascii	"period_green\000"
 1147      6F645F67 
 1147      7265656E 
 1147      00
 1148              	.LASF49:
 1149 0397 43794465 		.ascii	"CyDelay\000"
 1149      6C617900 
 1150              	.LASF55:
 1151 039f 424C5545 		.ascii	"BLUE_Led_Write\000"
 1151      5F4C6564 
 1151      5F577269 
 1151      746500
 1152              	.LASF43:
 1153 03ae 4932435F 		.ascii	"I2C_Peripheral_Start\000"
 1153      50657269 
 1153      70686572 
 1153      616C5F53 
 1153      74617274 
 1154              		.ident	"GCC: (GNU Tools for ARM Embedded Processors) 5.4.1 20160609 (release) [ARM/embedded-5-bran
