ARM GAS  C:\Users\Simone\AppData\Local\Temp\ccQRb1rQ.s 			page 1


   1              		.syntax unified
   2              		.cpu cortex-m3
   3              		.fpu softvfp
   4              		.eabi_attribute 20, 1
   5              		.eabi_attribute 21, 1
   6              		.eabi_attribute 23, 3
   7              		.eabi_attribute 24, 1
   8              		.eabi_attribute 25, 1
   9              		.eabi_attribute 26, 1
  10              		.eabi_attribute 30, 1
  11              		.eabi_attribute 34, 1
  12              		.eabi_attribute 18, 4
  13              		.thumb
  14              		.syntax unified
  15              		.file	"main.c"
  16              		.text
  17              	.Ltext0:
  18              		.cfi_sections	.debug_frame
  19              		.section	.text.main,"ax",%progbits
  20              		.align	2
  21              		.global	main
  22              		.thumb
  23              		.thumb_func
  24              		.type	main, %function
  25              	main:
  26              	.LFB64:
  27              		.file 1 "main.c"
   1:main.c        **** /* ========================================
   2:main.c        ****  *
   3:main.c        ****  * Copyright YOUR COMPANY, THE YEAR
   4:main.c        ****  * All Rights Reserved
   5:main.c        ****  * UNPUBLISHED, LICENSED SOFTWARE.
   6:main.c        ****  *
   7:main.c        ****  * CONFIDENTIAL AND PROPRIETARY INFORMATION
   8:main.c        ****  * WHICH IS THE PROPERTY OF your company.
   9:main.c        ****  *
  10:main.c        ****  * ========================================
  11:main.c        **** */
  12:main.c        **** #include "project.h"
  13:main.c        **** #include "I2C_Interface.h"
  14:main.c        **** #include "stdio.h"
  15:main.c        **** /**
  16:main.c        **** *   \brief 7-bit I2C address of the slave device.
  17:main.c        **** */
  18:main.c        **** #define LIS3DH_DEVICE_ADDRESS 0x18
  19:main.c        **** 
  20:main.c        **** /**
  21:main.c        **** *   \brief Address of the WHO AM I register
  22:main.c        **** */
  23:main.c        **** #define LIS3DH_WHO_AM_I_REG_ADDR 0x0F
  24:main.c        **** 
  25:main.c        **** /**
  26:main.c        **** *   \brief Address of the Status register
  27:main.c        **** */
  28:main.c        **** #define LIS3DH_STATUS_REG 0x27
  29:main.c        **** 
  30:main.c        **** /**
ARM GAS  C:\Users\Simone\AppData\Local\Temp\ccQRb1rQ.s 			page 2


  31:main.c        **** *   \brief Address of the Control register 1
  32:main.c        **** */
  33:main.c        **** #define LIS3DH_CTRL_REG1 0x20
  34:main.c        **** 
  35:main.c        **** /**
  36:main.c        **** *   \brief Hex value to set normal mode to the accelerator
  37:main.c        **** */
  38:main.c        **** #define LIS3DH_NORMAL_MODE_CTRL_REG1 0x47
  39:main.c        **** 
  40:main.c        **** /**
  41:main.c        **** *   \brief  Address of the Temperature Sensor Configuration register
  42:main.c        **** */
  43:main.c        **** #define LIS3DH_TEMP_CFG_REG 0x1F
  44:main.c        **** 
  45:main.c        **** #define LIS3DH_TEMP_CFG_REG_ACTIVE 0xC0
  46:main.c        **** 
  47:main.c        **** /**
  48:main.c        **** *   \brief Address of the Control register 4
  49:main.c        **** */
  50:main.c        **** #define LIS3DH_CTRL_REG4 0x23
  51:main.c        **** 
  52:main.c        **** #define LIS3DH_CTRL_REG4_BDU_ACTIVE 0x80
  53:main.c        **** 
  54:main.c        **** /**
  55:main.c        **** *   \brief Address of the ADC output LSB register
  56:main.c        **** */
  57:main.c        **** #define LIS3DH_OUT_ADC_3L 0x0C
  58:main.c        **** #define LIS3DH_OUT_ADC_3L_MULTI_READ 0x8C//per avere l'incremento automatico dell'indirizzo del reg
  59:main.c        **** //serve che il MSB dell'indirizzo sia 1
  60:main.c        **** 
  61:main.c        **** /**
  62:main.c        **** *   \brief Address of the ADC output MSB register
  63:main.c        **** */
  64:main.c        **** #define LIS3DH_OUT_ADC_3H 0x0D
  65:main.c        **** 
  66:main.c        **** #define register_count 2
  67:main.c        **** 
  68:main.c        **** int main(void)
  69:main.c        **** {
  28              		.loc 1 69 0
  29              		.cfi_startproc
  30              		@ args = 0, pretend = 0, frame = 72
  31              		@ frame_needed = 0, uses_anonymous_args = 0
  32 0000 10B5     		push	{r4, lr}
  33              		.cfi_def_cfa_offset 8
  34              		.cfi_offset 4, -8
  35              		.cfi_offset 14, -4
  36 0002 92B0     		sub	sp, sp, #72
  37              		.cfi_def_cfa_offset 80
  70:main.c        ****     CyGlobalIntEnable; /* Enable global interrupts. */
  38              		.loc 1 70 0
  39              		.syntax unified
  40              	@ 70 "main.c" 1
  41 0004 62B6     		CPSIE   i
  42              	@ 0 "" 2
  71:main.c        **** 
  72:main.c        ****     /* Place your initialization/startup code here (e.g. MyInst_Start()) */
ARM GAS  C:\Users\Simone\AppData\Local\Temp\ccQRb1rQ.s 			page 3


  73:main.c        ****     I2C_Peripheral_Start();
  43              		.loc 1 73 0
  44              		.thumb
  45              		.syntax unified
  46 0006 FFF7FEFF 		bl	I2C_Peripheral_Start
  47              	.LVL0:
  74:main.c        ****     UART_Debug_Start();
  48              		.loc 1 74 0
  49 000a FFF7FEFF 		bl	UART_Debug_Start
  50              	.LVL1:
  75:main.c        ****     
  76:main.c        ****     CyDelay(5); //"The boot procedure is complete about 5 milliseconds after device power-up."
  51              		.loc 1 76 0
  52 000e 0520     		movs	r0, #5
  53 0010 FFF7FEFF 		bl	CyDelay
  54              	.LVL2:
  55              	.LBB2:
  77:main.c        ****     
  78:main.c        ****     // String to print out messages on the UART
  79:main.c        ****     char message[50];
  80:main.c        **** 
  81:main.c        ****     // Check which devices are present on the I2C bus
  82:main.c        ****     for (int i = 0 ; i < 128; i++)
  56              		.loc 1 82 0
  57 0014 0024     		movs	r4, #0
  58 0016 0CE0     		b	.L2
  59              	.LVL3:
  60              	.L4:
  83:main.c        ****     {
  84:main.c        ****         if (I2C_Peripheral_IsDeviceConnected(i))
  61              		.loc 1 84 0
  62 0018 E0B2     		uxtb	r0, r4
  63 001a FFF7FEFF 		bl	I2C_Peripheral_IsDeviceConnected
  64              	.LVL4:
  65 001e 38B1     		cbz	r0, .L3
  85:main.c        ****         {
  86:main.c        ****             // print out the address is hex format
  87:main.c        ****             sprintf(message, "Device 0x%02X is connected\r\n", i);
  66              		.loc 1 87 0
  67 0020 2246     		mov	r2, r4
  68 0022 7B49     		ldr	r1, .L26
  69 0024 05A8     		add	r0, sp, #20
  70 0026 FFF7FEFF 		bl	sprintf
  71              	.LVL5:
  88:main.c        ****             UART_Debug_PutString(message); 
  72              		.loc 1 88 0
  73 002a 05A8     		add	r0, sp, #20
  74 002c FFF7FEFF 		bl	UART_Debug_PutString
  75              	.LVL6:
  76              	.L3:
  82:main.c        ****     {
  77              		.loc 1 82 0 discriminator 2
  78 0030 0134     		adds	r4, r4, #1
  79              	.LVL7:
  80              	.L2:
  82:main.c        ****     {
  81              		.loc 1 82 0 is_stmt 0 discriminator 1
ARM GAS  C:\Users\Simone\AppData\Local\Temp\ccQRb1rQ.s 			page 4


  82 0032 7F2C     		cmp	r4, #127
  83 0034 F0DD     		ble	.L4
  84              	.LBE2:
  89:main.c        ****         }
  90:main.c        ****         
  91:main.c        ****     }
  92:main.c        ****     
  93:main.c        ****     /******************************************/
  94:main.c        ****     /*            I2C Reading                 */
  95:main.c        ****     /******************************************/
  96:main.c        ****     
  97:main.c        ****     /* Read WHO AM I REGISTER register */
  98:main.c        ****     uint8_t who_am_i_reg;
  99:main.c        ****     ErrorCode error = I2C_Peripheral_ReadRegister(LIS3DH_DEVICE_ADDRESS,
  85              		.loc 1 99 0 is_stmt 1
  86 0036 0DF11302 		add	r2, sp, #19
  87 003a 0F21     		movs	r1, #15
  88 003c 1820     		movs	r0, #24
  89 003e FFF7FEFF 		bl	I2C_Peripheral_ReadRegister
  90              	.LVL8:
 100:main.c        ****                                                   LIS3DH_WHO_AM_I_REG_ADDR, 
 101:main.c        ****                                                   &who_am_i_reg);
 102:main.c        ****     if (error == NO_ERROR)
  91              		.loc 1 102 0
  92 0042 48B9     		cbnz	r0, .L5
 103:main.c        ****     {
 104:main.c        ****         sprintf(message, "WHO AM I REG: 0x%02X [Expected: 0x33]\r\n", who_am_i_reg);
  93              		.loc 1 104 0
  94 0044 9DF81320 		ldrb	r2, [sp, #19]	@ zero_extendqisi2
  95 0048 7249     		ldr	r1, .L26+4
  96 004a 05A8     		add	r0, sp, #20
  97              	.LVL9:
  98 004c FFF7FEFF 		bl	sprintf
  99              	.LVL10:
 105:main.c        ****         UART_Debug_PutString(message); 
 100              		.loc 1 105 0
 101 0050 05A8     		add	r0, sp, #20
 102 0052 FFF7FEFF 		bl	UART_Debug_PutString
 103              	.LVL11:
 104 0056 02E0     		b	.L6
 105              	.LVL12:
 106              	.L5:
 106:main.c        ****     }
 107:main.c        ****     else
 108:main.c        ****     {
 109:main.c        ****         UART_Debug_PutString("Error occurred during I2C comm\r\n");   
 107              		.loc 1 109 0
 108 0058 6F48     		ldr	r0, .L26+8
 109              	.LVL13:
 110 005a FFF7FEFF 		bl	UART_Debug_PutString
 111              	.LVL14:
 112              	.L6:
 110:main.c        ****     }
 111:main.c        ****     
 112:main.c        ****     /*      I2C Reading Status Register       */
 113:main.c        ****     
 114:main.c        ****     uint8_t status_register; 
ARM GAS  C:\Users\Simone\AppData\Local\Temp\ccQRb1rQ.s 			page 5


 115:main.c        ****     error = I2C_Peripheral_ReadRegister(LIS3DH_DEVICE_ADDRESS,
 113              		.loc 1 115 0
 114 005e 0DF11202 		add	r2, sp, #18
 115 0062 2721     		movs	r1, #39
 116 0064 1820     		movs	r0, #24
 117 0066 FFF7FEFF 		bl	I2C_Peripheral_ReadRegister
 118              	.LVL15:
 116:main.c        ****                                         LIS3DH_STATUS_REG,
 117:main.c        ****                                         &status_register);
 118:main.c        ****     
 119:main.c        ****     if (error == NO_ERROR)
 119              		.loc 1 119 0
 120 006a 48B9     		cbnz	r0, .L7
 120:main.c        ****     {
 121:main.c        ****         sprintf(message, "STATUS REGISTER: 0x%02X\r\n", status_register);
 121              		.loc 1 121 0
 122 006c 9DF81220 		ldrb	r2, [sp, #18]	@ zero_extendqisi2
 123 0070 6A49     		ldr	r1, .L26+12
 124 0072 05A8     		add	r0, sp, #20
 125              	.LVL16:
 126 0074 FFF7FEFF 		bl	sprintf
 127              	.LVL17:
 122:main.c        ****         UART_Debug_PutString(message); 
 128              		.loc 1 122 0
 129 0078 05A8     		add	r0, sp, #20
 130 007a FFF7FEFF 		bl	UART_Debug_PutString
 131              	.LVL18:
 132 007e 02E0     		b	.L8
 133              	.LVL19:
 134              	.L7:
 123:main.c        ****     }
 124:main.c        ****     else
 125:main.c        ****     {
 126:main.c        ****         UART_Debug_PutString("Error occurred during I2C comm to read status register\r\n");   
 135              		.loc 1 126 0
 136 0080 6748     		ldr	r0, .L26+16
 137              	.LVL20:
 138 0082 FFF7FEFF 		bl	UART_Debug_PutString
 139              	.LVL21:
 140              	.L8:
 127:main.c        ****     }
 128:main.c        ****     
 129:main.c        ****     /******************************************/
 130:main.c        ****     /*        Read Control Register 1         */
 131:main.c        ****     /******************************************/
 132:main.c        ****     uint8_t ctrl_reg1; 
 133:main.c        ****     error = I2C_Peripheral_ReadRegister(LIS3DH_DEVICE_ADDRESS,
 141              		.loc 1 133 0
 142 0086 0DF11102 		add	r2, sp, #17
 143 008a 2021     		movs	r1, #32
 144 008c 1820     		movs	r0, #24
 145 008e FFF7FEFF 		bl	I2C_Peripheral_ReadRegister
 146              	.LVL22:
 134:main.c        ****                                         LIS3DH_CTRL_REG1,
 135:main.c        ****                                         &ctrl_reg1);
 136:main.c        ****     
 137:main.c        ****     if (error == NO_ERROR)
ARM GAS  C:\Users\Simone\AppData\Local\Temp\ccQRb1rQ.s 			page 6


 147              		.loc 1 137 0
 148 0092 48B9     		cbnz	r0, .L9
 138:main.c        ****     {
 139:main.c        ****         sprintf(message, "CONTROL REGISTER 1: 0x%02X\r\n", ctrl_reg1);
 149              		.loc 1 139 0
 150 0094 9DF81120 		ldrb	r2, [sp, #17]	@ zero_extendqisi2
 151 0098 6249     		ldr	r1, .L26+20
 152 009a 05A8     		add	r0, sp, #20
 153              	.LVL23:
 154 009c FFF7FEFF 		bl	sprintf
 155              	.LVL24:
 140:main.c        ****         UART_Debug_PutString(message); 
 156              		.loc 1 140 0
 157 00a0 05A8     		add	r0, sp, #20
 158 00a2 FFF7FEFF 		bl	UART_Debug_PutString
 159              	.LVL25:
 160 00a6 02E0     		b	.L10
 161              	.LVL26:
 162              	.L9:
 141:main.c        ****     }
 142:main.c        ****     else
 143:main.c        ****     {
 144:main.c        ****         UART_Debug_PutString("Error occurred during I2C comm to read control register 1\r\n");   
 163              		.loc 1 144 0
 164 00a8 5F48     		ldr	r0, .L26+24
 165              	.LVL27:
 166 00aa FFF7FEFF 		bl	UART_Debug_PutString
 167              	.LVL28:
 168              	.L10:
 145:main.c        ****     }
 146:main.c        ****     
 147:main.c        ****     /******************************************/
 148:main.c        ****     /*            I2C Writing                 */
 149:main.c        ****     /******************************************/
 150:main.c        ****     
 151:main.c        ****         
 152:main.c        ****     UART_Debug_PutString("\r\nWriting new values..\r\n");
 169              		.loc 1 152 0
 170 00ae 5F48     		ldr	r0, .L26+28
 171 00b0 FFF7FEFF 		bl	UART_Debug_PutString
 172              	.LVL29:
 153:main.c        ****     
 154:main.c        ****     if (ctrl_reg1 != LIS3DH_NORMAL_MODE_CTRL_REG1)
 173              		.loc 1 154 0
 174 00b4 9DF81130 		ldrb	r3, [sp, #17]	@ zero_extendqisi2
 175 00b8 472B     		cmp	r3, #71
 176 00ba 14D0     		beq	.L11
 155:main.c        ****     {
 156:main.c        ****         ctrl_reg1 = LIS3DH_NORMAL_MODE_CTRL_REG1;
 177              		.loc 1 156 0
 178 00bc 4722     		movs	r2, #71
 179 00be 8DF81120 		strb	r2, [sp, #17]
 157:main.c        ****     
 158:main.c        ****         error = I2C_Peripheral_WriteRegister(LIS3DH_DEVICE_ADDRESS,
 180              		.loc 1 158 0
 181 00c2 2021     		movs	r1, #32
 182 00c4 1820     		movs	r0, #24
ARM GAS  C:\Users\Simone\AppData\Local\Temp\ccQRb1rQ.s 			page 7


 183 00c6 FFF7FEFF 		bl	I2C_Peripheral_WriteRegister
 184              	.LVL30:
 159:main.c        ****                                              LIS3DH_CTRL_REG1,
 160:main.c        ****                                              ctrl_reg1);
 161:main.c        ****     
 162:main.c        ****         if (error == NO_ERROR)
 185              		.loc 1 162 0
 186 00ca 48B9     		cbnz	r0, .L12
 163:main.c        ****         {
 164:main.c        ****             sprintf(message, "CONTROL REGISTER 1 successfully written as: 0x%02X\r\n", ctrl_reg1);
 187              		.loc 1 164 0
 188 00cc 9DF81120 		ldrb	r2, [sp, #17]	@ zero_extendqisi2
 189 00d0 5749     		ldr	r1, .L26+32
 190 00d2 05A8     		add	r0, sp, #20
 191              	.LVL31:
 192 00d4 FFF7FEFF 		bl	sprintf
 193              	.LVL32:
 165:main.c        ****             UART_Debug_PutString(message); 
 194              		.loc 1 165 0
 195 00d8 05A8     		add	r0, sp, #20
 196 00da FFF7FEFF 		bl	UART_Debug_PutString
 197              	.LVL33:
 198 00de 02E0     		b	.L11
 199              	.LVL34:
 200              	.L12:
 166:main.c        ****         }
 167:main.c        ****         else
 168:main.c        ****         {
 169:main.c        ****             UART_Debug_PutString("Error occurred during I2C comm to set control register 1\r\n");  
 201              		.loc 1 169 0
 202 00e0 5448     		ldr	r0, .L26+36
 203              	.LVL35:
 204 00e2 FFF7FEFF 		bl	UART_Debug_PutString
 205              	.LVL36:
 206              	.L11:
 170:main.c        ****         }
 171:main.c        ****     }
 172:main.c        ****     
 173:main.c        ****     /******************************************/
 174:main.c        ****     /*     Read Control Register 1 again      */
 175:main.c        ****     /******************************************/
 176:main.c        **** 
 177:main.c        ****     error = I2C_Peripheral_ReadRegister(LIS3DH_DEVICE_ADDRESS,
 207              		.loc 1 177 0
 208 00e6 0DF11102 		add	r2, sp, #17
 209 00ea 2021     		movs	r1, #32
 210 00ec 1820     		movs	r0, #24
 211 00ee FFF7FEFF 		bl	I2C_Peripheral_ReadRegister
 212              	.LVL37:
 178:main.c        ****                                         LIS3DH_CTRL_REG1,
 179:main.c        ****                                         &ctrl_reg1);
 180:main.c        ****     
 181:main.c        ****     if (error == NO_ERROR)
 213              		.loc 1 181 0
 214 00f2 48B9     		cbnz	r0, .L13
 182:main.c        ****     {
 183:main.c        ****         sprintf(message, "CONTROL REGISTER 1 after overwrite operation: 0x%02X\r\n", ctrl_reg1);
ARM GAS  C:\Users\Simone\AppData\Local\Temp\ccQRb1rQ.s 			page 8


 215              		.loc 1 183 0
 216 00f4 9DF81120 		ldrb	r2, [sp, #17]	@ zero_extendqisi2
 217 00f8 4F49     		ldr	r1, .L26+40
 218 00fa 05A8     		add	r0, sp, #20
 219              	.LVL38:
 220 00fc FFF7FEFF 		bl	sprintf
 221              	.LVL39:
 184:main.c        ****         UART_Debug_PutString(message); 
 222              		.loc 1 184 0
 223 0100 05A8     		add	r0, sp, #20
 224 0102 FFF7FEFF 		bl	UART_Debug_PutString
 225              	.LVL40:
 226 0106 02E0     		b	.L14
 227              	.LVL41:
 228              	.L13:
 185:main.c        ****     }
 186:main.c        ****     else
 187:main.c        ****     {
 188:main.c        ****         UART_Debug_PutString("Error occurred during I2C comm to read control register 1\r\n");   
 229              		.loc 1 188 0
 230 0108 4748     		ldr	r0, .L26+24
 231              	.LVL42:
 232 010a FFF7FEFF 		bl	UART_Debug_PutString
 233              	.LVL43:
 234              	.L14:
 189:main.c        ****     }
 190:main.c        ****     
 191:main.c        ****      /******************************************/
 192:main.c        ****      /* I2C Reading Temperature sensor CFG reg */
 193:main.c        ****      /******************************************/
 194:main.c        **** 
 195:main.c        ****     uint8_t tmp_cfg_reg;
 196:main.c        **** 
 197:main.c        ****     error = I2C_Peripheral_ReadRegister(LIS3DH_DEVICE_ADDRESS,
 235              		.loc 1 197 0
 236 010e 04AA     		add	r2, sp, #16
 237 0110 1F21     		movs	r1, #31
 238 0112 1820     		movs	r0, #24
 239 0114 FFF7FEFF 		bl	I2C_Peripheral_ReadRegister
 240              	.LVL44:
 198:main.c        ****                                         LIS3DH_TEMP_CFG_REG,
 199:main.c        ****                                         &tmp_cfg_reg);
 200:main.c        ****     
 201:main.c        ****     if (error == NO_ERROR)
 241              		.loc 1 201 0
 242 0118 48B9     		cbnz	r0, .L15
 202:main.c        ****     {
 203:main.c        ****         sprintf(message, "TEMPERATURE CONFIG REGISTER: 0x%02X\r\n", tmp_cfg_reg);
 243              		.loc 1 203 0
 244 011a 9DF81020 		ldrb	r2, [sp, #16]	@ zero_extendqisi2
 245 011e 4749     		ldr	r1, .L26+44
 246 0120 05A8     		add	r0, sp, #20
 247              	.LVL45:
 248 0122 FFF7FEFF 		bl	sprintf
 249              	.LVL46:
 204:main.c        ****         UART_Debug_PutString(message); 
 250              		.loc 1 204 0
ARM GAS  C:\Users\Simone\AppData\Local\Temp\ccQRb1rQ.s 			page 9


 251 0126 05A8     		add	r0, sp, #20
 252 0128 FFF7FEFF 		bl	UART_Debug_PutString
 253              	.LVL47:
 254 012c 02E0     		b	.L16
 255              	.LVL48:
 256              	.L15:
 205:main.c        ****     }
 206:main.c        ****     else
 207:main.c        ****     {
 208:main.c        ****         UART_Debug_PutString("Error occurred during I2C comm to read temperature config register\r\
 257              		.loc 1 208 0
 258 012e 4448     		ldr	r0, .L26+48
 259              	.LVL49:
 260 0130 FFF7FEFF 		bl	UART_Debug_PutString
 261              	.LVL50:
 262              	.L16:
 209:main.c        ****     }
 210:main.c        ****     
 211:main.c        ****     
 212:main.c        ****     tmp_cfg_reg = LIS3DH_TEMP_CFG_REG_ACTIVE; // must be changed to the appropriate value
 263              		.loc 1 212 0
 264 0134 C022     		movs	r2, #192
 265 0136 12AC     		add	r4, sp, #72
 266              	.LVL51:
 267 0138 04F8382D 		strb	r2, [r4, #-56]!
 213:main.c        ****     
 214:main.c        ****     error = I2C_Peripheral_WriteRegister(LIS3DH_DEVICE_ADDRESS,
 268              		.loc 1 214 0
 269 013c 1F21     		movs	r1, #31
 270 013e 1820     		movs	r0, #24
 271 0140 FFF7FEFF 		bl	I2C_Peripheral_WriteRegister
 272              	.LVL52:
 215:main.c        ****                                          LIS3DH_TEMP_CFG_REG,
 216:main.c        ****                                          tmp_cfg_reg);
 217:main.c        ****     
 218:main.c        ****     error = I2C_Peripheral_ReadRegister(LIS3DH_DEVICE_ADDRESS,
 273              		.loc 1 218 0
 274 0144 2246     		mov	r2, r4
 275 0146 1F21     		movs	r1, #31
 276 0148 1820     		movs	r0, #24
 277 014a FFF7FEFF 		bl	I2C_Peripheral_ReadRegister
 278              	.LVL53:
 219:main.c        ****                                         LIS3DH_TEMP_CFG_REG,
 220:main.c        ****                                         &tmp_cfg_reg);
 221:main.c        ****     
 222:main.c        ****     
 223:main.c        ****     if (error == NO_ERROR)
 279              		.loc 1 223 0
 280 014e 48B9     		cbnz	r0, .L17
 224:main.c        ****     {
 225:main.c        ****         sprintf(message, "TEMPERATURE CONFIG REGISTER after being updated: 0x%02X\r\n", tmp_cfg_reg
 281              		.loc 1 225 0
 282 0150 9DF81020 		ldrb	r2, [sp, #16]	@ zero_extendqisi2
 283 0154 3B49     		ldr	r1, .L26+52
 284 0156 05A8     		add	r0, sp, #20
 285              	.LVL54:
 286 0158 FFF7FEFF 		bl	sprintf
ARM GAS  C:\Users\Simone\AppData\Local\Temp\ccQRb1rQ.s 			page 10


 287              	.LVL55:
 226:main.c        ****         UART_Debug_PutString(message); 
 288              		.loc 1 226 0
 289 015c 05A8     		add	r0, sp, #20
 290 015e FFF7FEFF 		bl	UART_Debug_PutString
 291              	.LVL56:
 292 0162 02E0     		b	.L18
 293              	.LVL57:
 294              	.L17:
 227:main.c        ****     }
 228:main.c        ****     else
 229:main.c        ****     {
 230:main.c        ****         UART_Debug_PutString("Error occurred during I2C comm to read temperature config register\r\
 295              		.loc 1 230 0
 296 0164 3648     		ldr	r0, .L26+48
 297              	.LVL58:
 298 0166 FFF7FEFF 		bl	UART_Debug_PutString
 299              	.LVL59:
 300              	.L18:
 231:main.c        ****     }
 232:main.c        ****     
 233:main.c        ****     uint8_t ctrl_reg4;
 234:main.c        **** 
 235:main.c        ****     error = I2C_Peripheral_ReadRegister(LIS3DH_DEVICE_ADDRESS,
 301              		.loc 1 235 0
 302 016a 0DF10F02 		add	r2, sp, #15
 303 016e 2321     		movs	r1, #35
 304 0170 1820     		movs	r0, #24
 305 0172 FFF7FEFF 		bl	I2C_Peripheral_ReadRegister
 306              	.LVL60:
 236:main.c        ****                                         LIS3DH_CTRL_REG4,
 237:main.c        ****                                         &ctrl_reg4);
 238:main.c        ****     
 239:main.c        ****     if (error == NO_ERROR)
 307              		.loc 1 239 0
 308 0176 48B9     		cbnz	r0, .L19
 240:main.c        ****     {
 241:main.c        ****         sprintf(message, "CONTROL REGISTER 4: 0x%02X\r\n", ctrl_reg4);
 309              		.loc 1 241 0
 310 0178 9DF80F20 		ldrb	r2, [sp, #15]	@ zero_extendqisi2
 311 017c 3249     		ldr	r1, .L26+56
 312 017e 05A8     		add	r0, sp, #20
 313              	.LVL61:
 314 0180 FFF7FEFF 		bl	sprintf
 315              	.LVL62:
 242:main.c        ****         UART_Debug_PutString(message); 
 316              		.loc 1 242 0
 317 0184 05A8     		add	r0, sp, #20
 318 0186 FFF7FEFF 		bl	UART_Debug_PutString
 319              	.LVL63:
 320 018a 02E0     		b	.L20
 321              	.LVL64:
 322              	.L19:
 243:main.c        ****     }
 244:main.c        ****     else
 245:main.c        ****     {
 246:main.c        ****         UART_Debug_PutString("Error occurred during I2C comm to read control register4\r\n");   
ARM GAS  C:\Users\Simone\AppData\Local\Temp\ccQRb1rQ.s 			page 11


 323              		.loc 1 246 0
 324 018c 2F48     		ldr	r0, .L26+60
 325              	.LVL65:
 326 018e FFF7FEFF 		bl	UART_Debug_PutString
 327              	.LVL66:
 328              	.L20:
 247:main.c        ****     }
 248:main.c        ****     
 249:main.c        ****     
 250:main.c        ****     ctrl_reg4 = LIS3DH_CTRL_REG4_BDU_ACTIVE; // must be changed to the appropriate value
 329              		.loc 1 250 0
 330 0192 8022     		movs	r2, #128
 331 0194 12AC     		add	r4, sp, #72
 332 0196 04F8392D 		strb	r2, [r4, #-57]!
 251:main.c        ****     
 252:main.c        ****     error = I2C_Peripheral_WriteRegister(LIS3DH_DEVICE_ADDRESS,
 333              		.loc 1 252 0
 334 019a 2321     		movs	r1, #35
 335 019c 1820     		movs	r0, #24
 336 019e FFF7FEFF 		bl	I2C_Peripheral_WriteRegister
 337              	.LVL67:
 253:main.c        ****                                          LIS3DH_CTRL_REG4,
 254:main.c        ****                                          ctrl_reg4);
 255:main.c        ****     
 256:main.c        ****     error = I2C_Peripheral_ReadRegister(LIS3DH_DEVICE_ADDRESS,
 338              		.loc 1 256 0
 339 01a2 2246     		mov	r2, r4
 340 01a4 2321     		movs	r1, #35
 341 01a6 1820     		movs	r0, #24
 342 01a8 FFF7FEFF 		bl	I2C_Peripheral_ReadRegister
 343              	.LVL68:
 257:main.c        ****                                         LIS3DH_CTRL_REG4,
 258:main.c        ****                                         &ctrl_reg4);
 259:main.c        ****     
 260:main.c        ****    
 261:main.c        ****     if (error == NO_ERROR)
 344              		.loc 1 261 0
 345 01ac 48B9     		cbnz	r0, .L21
 262:main.c        ****     {
 263:main.c        ****         sprintf(message, "CONTROL REGISTER 4 after being updated: 0x%02X\r\n", ctrl_reg4);
 346              		.loc 1 263 0
 347 01ae 9DF80F20 		ldrb	r2, [sp, #15]	@ zero_extendqisi2
 348 01b2 2749     		ldr	r1, .L26+64
 349 01b4 05A8     		add	r0, sp, #20
 350              	.LVL69:
 351 01b6 FFF7FEFF 		bl	sprintf
 352              	.LVL70:
 264:main.c        ****         UART_Debug_PutString(message); 
 353              		.loc 1 264 0
 354 01ba 05A8     		add	r0, sp, #20
 355 01bc FFF7FEFF 		bl	UART_Debug_PutString
 356              	.LVL71:
 357 01c0 02E0     		b	.L22
 358              	.LVL72:
 359              	.L21:
 265:main.c        ****     }
 266:main.c        ****     else
ARM GAS  C:\Users\Simone\AppData\Local\Temp\ccQRb1rQ.s 			page 12


 267:main.c        ****     {
 268:main.c        ****         UART_Debug_PutString("Error occurred during I2C comm to read control register4\r\n");   
 360              		.loc 1 268 0
 361 01c2 2248     		ldr	r0, .L26+60
 362              	.LVL73:
 363 01c4 FFF7FEFF 		bl	UART_Debug_PutString
 364              	.LVL74:
 365              	.L22:
 269:main.c        ****     }
 270:main.c        ****     
 271:main.c        ****     int16_t OutTemp;
 272:main.c        ****     uint8_t header = 0xA0;
 273:main.c        ****     uint8_t footer = 0xC0;
 274:main.c        ****     uint8_t OutArray[4]; 
 275:main.c        ****     uint8_t TemperatureData[2];
 276:main.c        ****     uint8_t count= register_count;
 277:main.c        ****     
 278:main.c        ****     OutArray[0] = header;
 366              		.loc 1 278 0
 367 01c8 A023     		movs	r3, #160
 368 01ca 8DF80830 		strb	r3, [sp, #8]
 279:main.c        ****     OutArray[3] = footer;
 369              		.loc 1 279 0
 370 01ce C023     		movs	r3, #192
 371 01d0 8DF80B30 		strb	r3, [sp, #11]
 372              	.L23:
 280:main.c        ****     
 281:main.c        ****     for(;;)
 282:main.c        ****     {
 283:main.c        ****         CyDelay(100);
 373              		.loc 1 283 0
 374 01d4 6420     		movs	r0, #100
 375 01d6 FFF7FEFF 		bl	CyDelay
 376              	.LVL75:
 284:main.c        ****         error = I2C_Peripheral_ReadRegisterMulti(LIS3DH_DEVICE_ADDRESS,
 377              		.loc 1 284 0
 378 01da 01AB     		add	r3, sp, #4
 379 01dc 0222     		movs	r2, #2
 380 01de 0C21     		movs	r1, #12
 381 01e0 1820     		movs	r0, #24
 382 01e2 FFF7FEFF 		bl	I2C_Peripheral_ReadRegisterMulti
 383              	.LVL76:
 285:main.c        ****                                             LIS3DH_OUT_ADC_3L,
 286:main.c        ****                                             count,
 287:main.c        ****                                            &TemperatureData[0]);
 288:main.c        ****         
 289:main.c        ****         
 290:main.c        ****         if(error == NO_ERROR)
 384              		.loc 1 290 0
 385 01e6 0028     		cmp	r0, #0
 386 01e8 F4D1     		bne	.L23
 291:main.c        ****         {
 292:main.c        ****             OutTemp = (int16)((TemperatureData[0] | (TemperatureData[1]<<8)))>>6;
 387              		.loc 1 292 0
 388 01ea 9DF80430 		ldrb	r3, [sp, #4]	@ zero_extendqisi2
 389 01ee 9DF80520 		ldrb	r2, [sp, #5]	@ zero_extendqisi2
 390 01f2 43EA0223 		orr	r3, r3, r2, lsl #8
ARM GAS  C:\Users\Simone\AppData\Local\Temp\ccQRb1rQ.s 			page 13


 391 01f6 43F38913 		sbfx	r3, r3, #6, #10
 392              	.LVL77:
 293:main.c        ****             OutArray[1] = (uint8_t)(OutTemp & 0xFF);
 393              		.loc 1 293 0
 394 01fa 8DF80930 		strb	r3, [sp, #9]
 294:main.c        ****             OutArray[2] = (uint8_t)(OutTemp >> 8);
 395              		.loc 1 294 0
 396 01fe C3F30723 		ubfx	r3, r3, #8, #8
 397              	.LVL78:
 398 0202 8DF80A30 		strb	r3, [sp, #10]
 295:main.c        ****             UART_Debug_PutArray(OutArray, 4);
 399              		.loc 1 295 0
 400 0206 0421     		movs	r1, #4
 401 0208 02A8     		add	r0, sp, #8
 402              	.LVL79:
 403 020a FFF7FEFF 		bl	UART_Debug_PutArray
 404              	.LVL80:
 405 020e E1E7     		b	.L23
 406              	.L27:
 407              		.align	2
 408              	.L26:
 409 0210 00000000 		.word	.LC0
 410 0214 20000000 		.word	.LC1
 411 0218 48000000 		.word	.LC2
 412 021c 6C000000 		.word	.LC3
 413 0220 88000000 		.word	.LC4
 414 0224 C4000000 		.word	.LC5
 415 0228 E4000000 		.word	.LC6
 416 022c 20010000 		.word	.LC7
 417 0230 3C010000 		.word	.LC8
 418 0234 74010000 		.word	.LC9
 419 0238 B0010000 		.word	.LC10
 420 023c E8010000 		.word	.LC11
 421 0240 10020000 		.word	.LC12
 422 0244 58020000 		.word	.LC13
 423 0248 94020000 		.word	.LC14
 424 024c B4020000 		.word	.LC15
 425 0250 F0020000 		.word	.LC16
 426              		.cfi_endproc
 427              	.LFE64:
 428              		.size	main, .-main
 429              		.section	.rodata.str1.4,"aMS",%progbits,1
 430              		.align	2
 431              	.LC0:
 432 0000 44657669 		.ascii	"Device 0x%02X is connected\015\012\000"
 432      63652030 
 432      78253032 
 432      58206973 
 432      20636F6E 
 433 001d 000000   		.space	3
 434              	.LC1:
 435 0020 57484F20 		.ascii	"WHO AM I REG: 0x%02X [Expected: 0x33]\015\012\000"
 435      414D2049 
 435      20524547 
 435      3A203078 
 435      25303258 
 436              	.LC2:
ARM GAS  C:\Users\Simone\AppData\Local\Temp\ccQRb1rQ.s 			page 14


 437 0048 4572726F 		.ascii	"Error occurred during I2C comm\015\012\000"
 437      72206F63 
 437      63757272 
 437      65642064 
 437      7572696E 
 438 0069 000000   		.space	3
 439              	.LC3:
 440 006c 53544154 		.ascii	"STATUS REGISTER: 0x%02X\015\012\000"
 440      55532052 
 440      45474953 
 440      5445523A 
 440      20307825 
 441 0086 0000     		.space	2
 442              	.LC4:
 443 0088 4572726F 		.ascii	"Error occurred during I2C comm to read status regis"
 443      72206F63 
 443      63757272 
 443      65642064 
 443      7572696E 
 444 00bb 7465720D 		.ascii	"ter\015\012\000"
 444      0A00
 445 00c1 000000   		.space	3
 446              	.LC5:
 447 00c4 434F4E54 		.ascii	"CONTROL REGISTER 1: 0x%02X\015\012\000"
 447      524F4C20 
 447      52454749 
 447      53544552 
 447      20313A20 
 448 00e1 000000   		.space	3
 449              	.LC6:
 450 00e4 4572726F 		.ascii	"Error occurred during I2C comm to read control regi"
 450      72206F63 
 450      63757272 
 450      65642064 
 450      7572696E 
 451 0117 73746572 		.ascii	"ster 1\015\012\000"
 451      20310D0A 
 451      00
 452              	.LC7:
 453 0120 0D0A5772 		.ascii	"\015\012Writing new values..\015\012\000"
 453      6974696E 
 453      67206E65 
 453      77207661 
 453      6C756573 
 454 0139 000000   		.space	3
 455              	.LC8:
 456 013c 434F4E54 		.ascii	"CONTROL REGISTER 1 successfully written as: 0x%02X\015"
 456      524F4C20 
 456      52454749 
 456      53544552 
 456      20312073 
 457 016f 0A00     		.ascii	"\012\000"
 458 0171 000000   		.space	3
 459              	.LC9:
 460 0174 4572726F 		.ascii	"Error occurred during I2C comm to set control regis"
 460      72206F63 
 460      63757272 
ARM GAS  C:\Users\Simone\AppData\Local\Temp\ccQRb1rQ.s 			page 15


 460      65642064 
 460      7572696E 
 461 01a7 74657220 		.ascii	"ter 1\015\012\000"
 461      310D0A00 
 462 01af 00       		.space	1
 463              	.LC10:
 464 01b0 434F4E54 		.ascii	"CONTROL REGISTER 1 after overwrite operation: 0x%02"
 464      524F4C20 
 464      52454749 
 464      53544552 
 464      20312061 
 465 01e3 580D0A00 		.ascii	"X\015\012\000"
 466 01e7 00       		.space	1
 467              	.LC11:
 468 01e8 54454D50 		.ascii	"TEMPERATURE CONFIG REGISTER: 0x%02X\015\012\000"
 468      45524154 
 468      55524520 
 468      434F4E46 
 468      49472052 
 469 020e 0000     		.space	2
 470              	.LC12:
 471 0210 4572726F 		.ascii	"Error occurred during I2C comm to read temperature "
 471      72206F63 
 471      63757272 
 471      65642064 
 471      7572696E 
 472 0243 636F6E66 		.ascii	"config register\015\012\000"
 472      69672072 
 472      65676973 
 472      7465720D 
 472      0A00
 473 0255 000000   		.space	3
 474              	.LC13:
 475 0258 54454D50 		.ascii	"TEMPERATURE CONFIG REGISTER after being updated: 0x"
 475      45524154 
 475      55524520 
 475      434F4E46 
 475      49472052 
 476 028b 25303258 		.ascii	"%02X\015\012\000"
 476      0D0A00
 477 0292 0000     		.space	2
 478              	.LC14:
 479 0294 434F4E54 		.ascii	"CONTROL REGISTER 4: 0x%02X\015\012\000"
 479      524F4C20 
 479      52454749 
 479      53544552 
 479      20343A20 
 480 02b1 000000   		.space	3
 481              	.LC15:
 482 02b4 4572726F 		.ascii	"Error occurred during I2C comm to read control regi"
 482      72206F63 
 482      63757272 
 482      65642064 
 482      7572696E 
 483 02e7 73746572 		.ascii	"ster4\015\012\000"
 483      340D0A00 
 484 02ef 00       		.space	1
ARM GAS  C:\Users\Simone\AppData\Local\Temp\ccQRb1rQ.s 			page 16


 485              	.LC16:
 486 02f0 434F4E54 		.ascii	"CONTROL REGISTER 4 after being updated: 0x%02X\015\012"
 486      524F4C20 
 486      52454749 
 486      53544552 
 486      20342061 
 487 0320 00       		.ascii	"\000"
 488              		.text
 489              	.Letext0:
 490              		.file 2 "c:\\program files (x86)\\cypress\\psoc creator\\4.3\\psoc creator\\import\\gnu\\arm\\5.4.
 491              		.file 3 "c:\\program files (x86)\\cypress\\psoc creator\\4.3\\psoc creator\\import\\gnu\\arm\\5.4.
 492              		.file 4 "Generated_Source\\PSoC5/cytypes.h"
 493              		.file 5 "ErrorCodes.h"
 494              		.file 6 "I2C_Interface.h"
 495              		.file 7 "c:\\program files (x86)\\cypress\\psoc creator\\4.3\\psoc creator\\import\\gnu\\arm\\5.4.
 496              		.file 8 "Generated_Source\\PSoC5/UART_Debug.h"
 497              		.file 9 "Generated_Source\\PSoC5/CyLib.h"
 498              		.file 10 "Generated_Source\\PSoC5/core_cm3.h"
 499              		.section	.debug_info,"",%progbits
 500              	.Ldebug_info0:
 501 0000 48070000 		.4byte	0x748
 502 0004 0400     		.2byte	0x4
 503 0006 00000000 		.4byte	.Ldebug_abbrev0
 504 000a 04       		.byte	0x4
 505 000b 01       		.uleb128 0x1
 506 000c AD000000 		.4byte	.LASF47
 507 0010 0C       		.byte	0xc
 508 0011 AF020000 		.4byte	.LASF48
 509 0015 6D010000 		.4byte	.LASF49
 510 0019 00000000 		.4byte	.Ldebug_ranges0+0
 511 001d 00000000 		.4byte	0
 512 0021 00000000 		.4byte	.Ldebug_line0
 513 0025 02       		.uleb128 0x2
 514 0026 01       		.byte	0x1
 515 0027 06       		.byte	0x6
 516 0028 02030000 		.4byte	.LASF0
 517 002c 03       		.uleb128 0x3
 518 002d 0F000000 		.4byte	.LASF2
 519 0031 02       		.byte	0x2
 520 0032 1D       		.byte	0x1d
 521 0033 37000000 		.4byte	0x37
 522 0037 02       		.uleb128 0x2
 523 0038 01       		.byte	0x1
 524 0039 08       		.byte	0x8
 525 003a 9F000000 		.4byte	.LASF1
 526 003e 03       		.uleb128 0x3
 527 003f F6010000 		.4byte	.LASF3
 528 0043 02       		.byte	0x2
 529 0044 29       		.byte	0x29
 530 0045 49000000 		.4byte	0x49
 531 0049 02       		.uleb128 0x2
 532 004a 02       		.byte	0x2
 533 004b 05       		.byte	0x5
 534 004c DD020000 		.4byte	.LASF4
 535 0050 02       		.uleb128 0x2
 536 0051 02       		.byte	0x2
 537 0052 07       		.byte	0x7
ARM GAS  C:\Users\Simone\AppData\Local\Temp\ccQRb1rQ.s 			page 17


 538 0053 53010000 		.4byte	.LASF5
 539 0057 03       		.uleb128 0x3
 540 0058 4F000000 		.4byte	.LASF6
 541 005c 02       		.byte	0x2
 542 005d 3F       		.byte	0x3f
 543 005e 62000000 		.4byte	0x62
 544 0062 02       		.uleb128 0x2
 545 0063 04       		.byte	0x4
 546 0064 05       		.byte	0x5
 547 0065 59000000 		.4byte	.LASF7
 548 0069 02       		.uleb128 0x2
 549 006a 04       		.byte	0x4
 550 006b 07       		.byte	0x7
 551 006c 41010000 		.4byte	.LASF8
 552 0070 02       		.uleb128 0x2
 553 0071 08       		.byte	0x8
 554 0072 05       		.byte	0x5
 555 0073 90020000 		.4byte	.LASF9
 556 0077 02       		.uleb128 0x2
 557 0078 08       		.byte	0x8
 558 0079 07       		.byte	0x7
 559 007a 21020000 		.4byte	.LASF10
 560 007e 04       		.uleb128 0x4
 561 007f 04       		.byte	0x4
 562 0080 05       		.byte	0x5
 563 0081 696E7400 		.ascii	"int\000"
 564 0085 02       		.uleb128 0x2
 565 0086 04       		.byte	0x4
 566 0087 07       		.byte	0x7
 567 0088 14020000 		.4byte	.LASF11
 568 008c 03       		.uleb128 0x3
 569 008d 38020000 		.4byte	.LASF12
 570 0091 03       		.byte	0x3
 571 0092 18       		.byte	0x18
 572 0093 2C000000 		.4byte	0x2c
 573 0097 03       		.uleb128 0x3
 574 0098 48020000 		.4byte	.LASF13
 575 009c 03       		.byte	0x3
 576 009d 20       		.byte	0x20
 577 009e 3E000000 		.4byte	0x3e
 578 00a2 03       		.uleb128 0x3
 579 00a3 79020000 		.4byte	.LASF14
 580 00a7 03       		.byte	0x3
 581 00a8 2C       		.byte	0x2c
 582 00a9 57000000 		.4byte	0x57
 583 00ad 05       		.uleb128 0x5
 584 00ae 3B010000 		.4byte	.LASF15
 585 00b2 04       		.byte	0x4
 586 00b3 E801     		.2byte	0x1e8
 587 00b5 49000000 		.4byte	0x49
 588 00b9 02       		.uleb128 0x2
 589 00ba 04       		.byte	0x4
 590 00bb 04       		.byte	0x4
 591 00bc 90000000 		.4byte	.LASF16
 592 00c0 02       		.uleb128 0x2
 593 00c1 08       		.byte	0x8
 594 00c2 04       		.byte	0x4
ARM GAS  C:\Users\Simone\AppData\Local\Temp\ccQRb1rQ.s 			page 18


 595 00c3 AC010000 		.4byte	.LASF17
 596 00c7 02       		.uleb128 0x2
 597 00c8 01       		.byte	0x1
 598 00c9 08       		.byte	0x8
 599 00ca B6020000 		.4byte	.LASF18
 600 00ce 02       		.uleb128 0x2
 601 00cf 08       		.byte	0x8
 602 00d0 04       		.byte	0x4
 603 00d1 F6020000 		.4byte	.LASF19
 604 00d5 02       		.uleb128 0x2
 605 00d6 04       		.byte	0x4
 606 00d7 07       		.byte	0x7
 607 00d8 81020000 		.4byte	.LASF20
 608 00dc 06       		.uleb128 0x6
 609 00dd 01       		.byte	0x1
 610 00de 37000000 		.4byte	0x37
 611 00e2 05       		.byte	0x5
 612 00e3 15       		.byte	0x15
 613 00e4 F5000000 		.4byte	0xf5
 614 00e8 07       		.uleb128 0x7
 615 00e9 E7020000 		.4byte	.LASF21
 616 00ed 00       		.byte	0
 617 00ee 07       		.uleb128 0x7
 618 00ef F0020000 		.4byte	.LASF22
 619 00f3 01       		.byte	0x1
 620 00f4 00       		.byte	0
 621 00f5 03       		.uleb128 0x3
 622 00f6 76000000 		.4byte	.LASF23
 623 00fa 05       		.byte	0x5
 624 00fb 18       		.byte	0x18
 625 00fc DC000000 		.4byte	0xdc
 626 0100 08       		.uleb128 0x8
 627 0101 F1010000 		.4byte	.LASF50
 628 0105 01       		.byte	0x1
 629 0106 44       		.byte	0x44
 630 0107 7E000000 		.4byte	0x7e
 631 010b 00000000 		.4byte	.LFB64
 632 010f 54020000 		.4byte	.LFE64-.LFB64
 633 0113 01       		.uleb128 0x1
 634 0114 9C       		.byte	0x9c
 635 0115 9C060000 		.4byte	0x69c
 636 0119 09       		.uleb128 0x9
 637 011a 00000000 		.4byte	.LASF24
 638 011e 01       		.byte	0x1
 639 011f 4F       		.byte	0x4f
 640 0120 9C060000 		.4byte	0x69c
 641 0124 02       		.uleb128 0x2
 642 0125 91       		.byte	0x91
 643 0126 44       		.sleb128 -60
 644 0127 09       		.uleb128 0x9
 645 0128 0E030000 		.4byte	.LASF25
 646 012c 01       		.byte	0x1
 647 012d 62       		.byte	0x62
 648 012e 8C000000 		.4byte	0x8c
 649 0132 02       		.uleb128 0x2
 650 0133 91       		.byte	0x91
 651 0134 43       		.sleb128 -61
ARM GAS  C:\Users\Simone\AppData\Local\Temp\ccQRb1rQ.s 			page 19


 652 0135 0A       		.uleb128 0xa
 653 0136 8A020000 		.4byte	.LASF26
 654 013a 01       		.byte	0x1
 655 013b 63       		.byte	0x63
 656 013c F5000000 		.4byte	0xf5
 657 0140 00000000 		.4byte	.LLST0
 658 0144 09       		.uleb128 0x9
 659 0145 69020000 		.4byte	.LASF27
 660 0149 01       		.byte	0x1
 661 014a 72       		.byte	0x72
 662 014b 8C000000 		.4byte	0x8c
 663 014f 02       		.uleb128 0x2
 664 0150 91       		.byte	0x91
 665 0151 42       		.sleb128 -62
 666 0152 09       		.uleb128 0x9
 667 0153 00020000 		.4byte	.LASF28
 668 0157 01       		.byte	0x1
 669 0158 84       		.byte	0x84
 670 0159 8C000000 		.4byte	0x8c
 671 015d 02       		.uleb128 0x2
 672 015e 91       		.byte	0x91
 673 015f 41       		.sleb128 -63
 674 0160 09       		.uleb128 0x9
 675 0161 5D020000 		.4byte	.LASF29
 676 0165 01       		.byte	0x1
 677 0166 C3       		.byte	0xc3
 678 0167 8C000000 		.4byte	0x8c
 679 016b 02       		.uleb128 0x2
 680 016c 91       		.byte	0x91
 681 016d 40       		.sleb128 -64
 682 016e 09       		.uleb128 0x9
 683 016f 0A020000 		.4byte	.LASF30
 684 0173 01       		.byte	0x1
 685 0174 E9       		.byte	0xe9
 686 0175 8C000000 		.4byte	0x8c
 687 0179 03       		.uleb128 0x3
 688 017a 91       		.byte	0x91
 689 017b BF7F     		.sleb128 -65
 690 017d 0B       		.uleb128 0xb
 691 017e 40020000 		.4byte	.LASF31
 692 0182 01       		.byte	0x1
 693 0183 0F01     		.2byte	0x10f
 694 0185 97000000 		.4byte	0x97
 695 0189 D9000000 		.4byte	.LLST1
 696 018d 0C       		.uleb128 0xc
 697 018e 08000000 		.4byte	.LASF32
 698 0192 01       		.byte	0x1
 699 0193 1001     		.2byte	0x110
 700 0195 8C000000 		.4byte	0x8c
 701 0199 A07F     		.sleb128 -96
 702 019b 0C       		.uleb128 0xc
 703 019c 66010000 		.4byte	.LASF33
 704 01a0 01       		.byte	0x1
 705 01a1 1101     		.2byte	0x111
 706 01a3 8C000000 		.4byte	0x8c
 707 01a7 40       		.sleb128 -64
 708 01a8 0D       		.uleb128 0xd
ARM GAS  C:\Users\Simone\AppData\Local\Temp\ccQRb1rQ.s 			page 20


 709 01a9 96000000 		.4byte	.LASF34
 710 01ad 01       		.byte	0x1
 711 01ae 1201     		.2byte	0x112
 712 01b0 AC060000 		.4byte	0x6ac
 713 01b4 03       		.uleb128 0x3
 714 01b5 91       		.byte	0x91
 715 01b6 B87F     		.sleb128 -72
 716 01b8 0D       		.uleb128 0xd
 717 01b9 80000000 		.4byte	.LASF35
 718 01bd 01       		.byte	0x1
 719 01be 1301     		.2byte	0x113
 720 01c0 BC060000 		.4byte	0x6bc
 721 01c4 03       		.uleb128 0x3
 722 01c5 91       		.byte	0x91
 723 01c6 B47F     		.sleb128 -76
 724 01c8 0E       		.uleb128 0xe
 725 01c9 D7020000 		.4byte	.LASF36
 726 01cd 01       		.byte	0x1
 727 01ce 1401     		.2byte	0x114
 728 01d0 8C000000 		.4byte	0x8c
 729 01d4 02       		.byte	0x2
 730 01d5 0F       		.uleb128 0xf
 731 01d6 14000000 		.4byte	.LBB2
 732 01da 22000000 		.4byte	.LBE2-.LBB2
 733 01de 37020000 		.4byte	0x237
 734 01e2 10       		.uleb128 0x10
 735 01e3 6900     		.ascii	"i\000"
 736 01e5 01       		.byte	0x1
 737 01e6 52       		.byte	0x52
 738 01e7 7E000000 		.4byte	0x7e
 739 01eb 0A010000 		.4byte	.LLST2
 740 01ef 11       		.uleb128 0x11
 741 01f0 1E000000 		.4byte	.LVL4
 742 01f4 DD060000 		.4byte	0x6dd
 743 01f8 03020000 		.4byte	0x203
 744 01fc 12       		.uleb128 0x12
 745 01fd 01       		.uleb128 0x1
 746 01fe 50       		.byte	0x50
 747 01ff 02       		.uleb128 0x2
 748 0200 74       		.byte	0x74
 749 0201 00       		.sleb128 0
 750 0202 00       		.byte	0
 751 0203 11       		.uleb128 0x11
 752 0204 2A000000 		.4byte	.LVL5
 753 0208 E8060000 		.4byte	0x6e8
 754 020c 26020000 		.4byte	0x226
 755 0210 12       		.uleb128 0x12
 756 0211 01       		.uleb128 0x1
 757 0212 50       		.byte	0x50
 758 0213 02       		.uleb128 0x2
 759 0214 91       		.byte	0x91
 760 0215 44       		.sleb128 -60
 761 0216 12       		.uleb128 0x12
 762 0217 01       		.uleb128 0x1
 763 0218 51       		.byte	0x51
 764 0219 05       		.uleb128 0x5
 765 021a 03       		.byte	0x3
ARM GAS  C:\Users\Simone\AppData\Local\Temp\ccQRb1rQ.s 			page 21


 766 021b 00000000 		.4byte	.LC0
 767 021f 12       		.uleb128 0x12
 768 0220 01       		.uleb128 0x1
 769 0221 52       		.byte	0x52
 770 0222 02       		.uleb128 0x2
 771 0223 74       		.byte	0x74
 772 0224 00       		.sleb128 0
 773 0225 00       		.byte	0
 774 0226 13       		.uleb128 0x13
 775 0227 30000000 		.4byte	.LVL6
 776 022b F3060000 		.4byte	0x6f3
 777 022f 12       		.uleb128 0x12
 778 0230 01       		.uleb128 0x1
 779 0231 50       		.byte	0x50
 780 0232 02       		.uleb128 0x2
 781 0233 91       		.byte	0x91
 782 0234 44       		.sleb128 -60
 783 0235 00       		.byte	0
 784 0236 00       		.byte	0
 785 0237 14       		.uleb128 0x14
 786 0238 0A000000 		.4byte	.LVL0
 787 023c FE060000 		.4byte	0x6fe
 788 0240 14       		.uleb128 0x14
 789 0241 0E000000 		.4byte	.LVL1
 790 0245 09070000 		.4byte	0x709
 791 0249 11       		.uleb128 0x11
 792 024a 14000000 		.4byte	.LVL2
 793 024e 14070000 		.4byte	0x714
 794 0252 5C020000 		.4byte	0x25c
 795 0256 12       		.uleb128 0x12
 796 0257 01       		.uleb128 0x1
 797 0258 50       		.byte	0x50
 798 0259 01       		.uleb128 0x1
 799 025a 35       		.byte	0x35
 800 025b 00       		.byte	0
 801 025c 11       		.uleb128 0x11
 802 025d 42000000 		.4byte	.LVL8
 803 0261 1F070000 		.4byte	0x71f
 804 0265 7A020000 		.4byte	0x27a
 805 0269 12       		.uleb128 0x12
 806 026a 01       		.uleb128 0x1
 807 026b 50       		.byte	0x50
 808 026c 01       		.uleb128 0x1
 809 026d 48       		.byte	0x48
 810 026e 12       		.uleb128 0x12
 811 026f 01       		.uleb128 0x1
 812 0270 51       		.byte	0x51
 813 0271 01       		.uleb128 0x1
 814 0272 3F       		.byte	0x3f
 815 0273 12       		.uleb128 0x12
 816 0274 01       		.uleb128 0x1
 817 0275 52       		.byte	0x52
 818 0276 02       		.uleb128 0x2
 819 0277 91       		.byte	0x91
 820 0278 43       		.sleb128 -61
 821 0279 00       		.byte	0
 822 027a 11       		.uleb128 0x11
ARM GAS  C:\Users\Simone\AppData\Local\Temp\ccQRb1rQ.s 			page 22


 823 027b 50000000 		.4byte	.LVL10
 824 027f E8060000 		.4byte	0x6e8
 825 0283 97020000 		.4byte	0x297
 826 0287 12       		.uleb128 0x12
 827 0288 01       		.uleb128 0x1
 828 0289 50       		.byte	0x50
 829 028a 02       		.uleb128 0x2
 830 028b 91       		.byte	0x91
 831 028c 44       		.sleb128 -60
 832 028d 12       		.uleb128 0x12
 833 028e 01       		.uleb128 0x1
 834 028f 51       		.byte	0x51
 835 0290 05       		.uleb128 0x5
 836 0291 03       		.byte	0x3
 837 0292 20000000 		.4byte	.LC1
 838 0296 00       		.byte	0
 839 0297 11       		.uleb128 0x11
 840 0298 56000000 		.4byte	.LVL11
 841 029c F3060000 		.4byte	0x6f3
 842 02a0 AB020000 		.4byte	0x2ab
 843 02a4 12       		.uleb128 0x12
 844 02a5 01       		.uleb128 0x1
 845 02a6 50       		.byte	0x50
 846 02a7 02       		.uleb128 0x2
 847 02a8 91       		.byte	0x91
 848 02a9 44       		.sleb128 -60
 849 02aa 00       		.byte	0
 850 02ab 11       		.uleb128 0x11
 851 02ac 5E000000 		.4byte	.LVL14
 852 02b0 F3060000 		.4byte	0x6f3
 853 02b4 C2020000 		.4byte	0x2c2
 854 02b8 12       		.uleb128 0x12
 855 02b9 01       		.uleb128 0x1
 856 02ba 50       		.byte	0x50
 857 02bb 05       		.uleb128 0x5
 858 02bc 03       		.byte	0x3
 859 02bd 48000000 		.4byte	.LC2
 860 02c1 00       		.byte	0
 861 02c2 11       		.uleb128 0x11
 862 02c3 6A000000 		.4byte	.LVL15
 863 02c7 1F070000 		.4byte	0x71f
 864 02cb E1020000 		.4byte	0x2e1
 865 02cf 12       		.uleb128 0x12
 866 02d0 01       		.uleb128 0x1
 867 02d1 50       		.byte	0x50
 868 02d2 01       		.uleb128 0x1
 869 02d3 48       		.byte	0x48
 870 02d4 12       		.uleb128 0x12
 871 02d5 01       		.uleb128 0x1
 872 02d6 51       		.byte	0x51
 873 02d7 02       		.uleb128 0x2
 874 02d8 08       		.byte	0x8
 875 02d9 27       		.byte	0x27
 876 02da 12       		.uleb128 0x12
 877 02db 01       		.uleb128 0x1
 878 02dc 52       		.byte	0x52
 879 02dd 02       		.uleb128 0x2
ARM GAS  C:\Users\Simone\AppData\Local\Temp\ccQRb1rQ.s 			page 23


 880 02de 91       		.byte	0x91
 881 02df 42       		.sleb128 -62
 882 02e0 00       		.byte	0
 883 02e1 11       		.uleb128 0x11
 884 02e2 78000000 		.4byte	.LVL17
 885 02e6 E8060000 		.4byte	0x6e8
 886 02ea FE020000 		.4byte	0x2fe
 887 02ee 12       		.uleb128 0x12
 888 02ef 01       		.uleb128 0x1
 889 02f0 50       		.byte	0x50
 890 02f1 02       		.uleb128 0x2
 891 02f2 91       		.byte	0x91
 892 02f3 44       		.sleb128 -60
 893 02f4 12       		.uleb128 0x12
 894 02f5 01       		.uleb128 0x1
 895 02f6 51       		.byte	0x51
 896 02f7 05       		.uleb128 0x5
 897 02f8 03       		.byte	0x3
 898 02f9 6C000000 		.4byte	.LC3
 899 02fd 00       		.byte	0
 900 02fe 11       		.uleb128 0x11
 901 02ff 7E000000 		.4byte	.LVL18
 902 0303 F3060000 		.4byte	0x6f3
 903 0307 12030000 		.4byte	0x312
 904 030b 12       		.uleb128 0x12
 905 030c 01       		.uleb128 0x1
 906 030d 50       		.byte	0x50
 907 030e 02       		.uleb128 0x2
 908 030f 91       		.byte	0x91
 909 0310 44       		.sleb128 -60
 910 0311 00       		.byte	0
 911 0312 11       		.uleb128 0x11
 912 0313 86000000 		.4byte	.LVL21
 913 0317 F3060000 		.4byte	0x6f3
 914 031b 29030000 		.4byte	0x329
 915 031f 12       		.uleb128 0x12
 916 0320 01       		.uleb128 0x1
 917 0321 50       		.byte	0x50
 918 0322 05       		.uleb128 0x5
 919 0323 03       		.byte	0x3
 920 0324 88000000 		.4byte	.LC4
 921 0328 00       		.byte	0
 922 0329 11       		.uleb128 0x11
 923 032a 92000000 		.4byte	.LVL22
 924 032e 1F070000 		.4byte	0x71f
 925 0332 48030000 		.4byte	0x348
 926 0336 12       		.uleb128 0x12
 927 0337 01       		.uleb128 0x1
 928 0338 50       		.byte	0x50
 929 0339 01       		.uleb128 0x1
 930 033a 48       		.byte	0x48
 931 033b 12       		.uleb128 0x12
 932 033c 01       		.uleb128 0x1
 933 033d 51       		.byte	0x51
 934 033e 02       		.uleb128 0x2
 935 033f 08       		.byte	0x8
 936 0340 20       		.byte	0x20
ARM GAS  C:\Users\Simone\AppData\Local\Temp\ccQRb1rQ.s 			page 24


 937 0341 12       		.uleb128 0x12
 938 0342 01       		.uleb128 0x1
 939 0343 52       		.byte	0x52
 940 0344 02       		.uleb128 0x2
 941 0345 91       		.byte	0x91
 942 0346 41       		.sleb128 -63
 943 0347 00       		.byte	0
 944 0348 11       		.uleb128 0x11
 945 0349 A0000000 		.4byte	.LVL24
 946 034d E8060000 		.4byte	0x6e8
 947 0351 65030000 		.4byte	0x365
 948 0355 12       		.uleb128 0x12
 949 0356 01       		.uleb128 0x1
 950 0357 50       		.byte	0x50
 951 0358 02       		.uleb128 0x2
 952 0359 91       		.byte	0x91
 953 035a 44       		.sleb128 -60
 954 035b 12       		.uleb128 0x12
 955 035c 01       		.uleb128 0x1
 956 035d 51       		.byte	0x51
 957 035e 05       		.uleb128 0x5
 958 035f 03       		.byte	0x3
 959 0360 C4000000 		.4byte	.LC5
 960 0364 00       		.byte	0
 961 0365 11       		.uleb128 0x11
 962 0366 A6000000 		.4byte	.LVL25
 963 036a F3060000 		.4byte	0x6f3
 964 036e 79030000 		.4byte	0x379
 965 0372 12       		.uleb128 0x12
 966 0373 01       		.uleb128 0x1
 967 0374 50       		.byte	0x50
 968 0375 02       		.uleb128 0x2
 969 0376 91       		.byte	0x91
 970 0377 44       		.sleb128 -60
 971 0378 00       		.byte	0
 972 0379 11       		.uleb128 0x11
 973 037a AE000000 		.4byte	.LVL28
 974 037e F3060000 		.4byte	0x6f3
 975 0382 90030000 		.4byte	0x390
 976 0386 12       		.uleb128 0x12
 977 0387 01       		.uleb128 0x1
 978 0388 50       		.byte	0x50
 979 0389 05       		.uleb128 0x5
 980 038a 03       		.byte	0x3
 981 038b E4000000 		.4byte	.LC6
 982 038f 00       		.byte	0
 983 0390 11       		.uleb128 0x11
 984 0391 B4000000 		.4byte	.LVL29
 985 0395 F3060000 		.4byte	0x6f3
 986 0399 A7030000 		.4byte	0x3a7
 987 039d 12       		.uleb128 0x12
 988 039e 01       		.uleb128 0x1
 989 039f 50       		.byte	0x50
 990 03a0 05       		.uleb128 0x5
 991 03a1 03       		.byte	0x3
 992 03a2 20010000 		.4byte	.LC7
 993 03a6 00       		.byte	0
ARM GAS  C:\Users\Simone\AppData\Local\Temp\ccQRb1rQ.s 			page 25


 994 03a7 11       		.uleb128 0x11
 995 03a8 CA000000 		.4byte	.LVL30
 996 03ac 2A070000 		.4byte	0x72a
 997 03b0 C6030000 		.4byte	0x3c6
 998 03b4 12       		.uleb128 0x12
 999 03b5 01       		.uleb128 0x1
 1000 03b6 50       		.byte	0x50
 1001 03b7 01       		.uleb128 0x1
 1002 03b8 48       		.byte	0x48
 1003 03b9 12       		.uleb128 0x12
 1004 03ba 01       		.uleb128 0x1
 1005 03bb 51       		.byte	0x51
 1006 03bc 02       		.uleb128 0x2
 1007 03bd 08       		.byte	0x8
 1008 03be 20       		.byte	0x20
 1009 03bf 12       		.uleb128 0x12
 1010 03c0 01       		.uleb128 0x1
 1011 03c1 52       		.byte	0x52
 1012 03c2 02       		.uleb128 0x2
 1013 03c3 08       		.byte	0x8
 1014 03c4 47       		.byte	0x47
 1015 03c5 00       		.byte	0
 1016 03c6 11       		.uleb128 0x11
 1017 03c7 D8000000 		.4byte	.LVL32
 1018 03cb E8060000 		.4byte	0x6e8
 1019 03cf E3030000 		.4byte	0x3e3
 1020 03d3 12       		.uleb128 0x12
 1021 03d4 01       		.uleb128 0x1
 1022 03d5 50       		.byte	0x50
 1023 03d6 02       		.uleb128 0x2
 1024 03d7 91       		.byte	0x91
 1025 03d8 44       		.sleb128 -60
 1026 03d9 12       		.uleb128 0x12
 1027 03da 01       		.uleb128 0x1
 1028 03db 51       		.byte	0x51
 1029 03dc 05       		.uleb128 0x5
 1030 03dd 03       		.byte	0x3
 1031 03de 3C010000 		.4byte	.LC8
 1032 03e2 00       		.byte	0
 1033 03e3 11       		.uleb128 0x11
 1034 03e4 DE000000 		.4byte	.LVL33
 1035 03e8 F3060000 		.4byte	0x6f3
 1036 03ec F7030000 		.4byte	0x3f7
 1037 03f0 12       		.uleb128 0x12
 1038 03f1 01       		.uleb128 0x1
 1039 03f2 50       		.byte	0x50
 1040 03f3 02       		.uleb128 0x2
 1041 03f4 91       		.byte	0x91
 1042 03f5 44       		.sleb128 -60
 1043 03f6 00       		.byte	0
 1044 03f7 11       		.uleb128 0x11
 1045 03f8 E6000000 		.4byte	.LVL36
 1046 03fc F3060000 		.4byte	0x6f3
 1047 0400 0E040000 		.4byte	0x40e
 1048 0404 12       		.uleb128 0x12
 1049 0405 01       		.uleb128 0x1
 1050 0406 50       		.byte	0x50
ARM GAS  C:\Users\Simone\AppData\Local\Temp\ccQRb1rQ.s 			page 26


 1051 0407 05       		.uleb128 0x5
 1052 0408 03       		.byte	0x3
 1053 0409 74010000 		.4byte	.LC9
 1054 040d 00       		.byte	0
 1055 040e 11       		.uleb128 0x11
 1056 040f F2000000 		.4byte	.LVL37
 1057 0413 1F070000 		.4byte	0x71f
 1058 0417 2D040000 		.4byte	0x42d
 1059 041b 12       		.uleb128 0x12
 1060 041c 01       		.uleb128 0x1
 1061 041d 50       		.byte	0x50
 1062 041e 01       		.uleb128 0x1
 1063 041f 48       		.byte	0x48
 1064 0420 12       		.uleb128 0x12
 1065 0421 01       		.uleb128 0x1
 1066 0422 51       		.byte	0x51
 1067 0423 02       		.uleb128 0x2
 1068 0424 08       		.byte	0x8
 1069 0425 20       		.byte	0x20
 1070 0426 12       		.uleb128 0x12
 1071 0427 01       		.uleb128 0x1
 1072 0428 52       		.byte	0x52
 1073 0429 02       		.uleb128 0x2
 1074 042a 91       		.byte	0x91
 1075 042b 41       		.sleb128 -63
 1076 042c 00       		.byte	0
 1077 042d 11       		.uleb128 0x11
 1078 042e 00010000 		.4byte	.LVL39
 1079 0432 E8060000 		.4byte	0x6e8
 1080 0436 4A040000 		.4byte	0x44a
 1081 043a 12       		.uleb128 0x12
 1082 043b 01       		.uleb128 0x1
 1083 043c 50       		.byte	0x50
 1084 043d 02       		.uleb128 0x2
 1085 043e 91       		.byte	0x91
 1086 043f 44       		.sleb128 -60
 1087 0440 12       		.uleb128 0x12
 1088 0441 01       		.uleb128 0x1
 1089 0442 51       		.byte	0x51
 1090 0443 05       		.uleb128 0x5
 1091 0444 03       		.byte	0x3
 1092 0445 B0010000 		.4byte	.LC10
 1093 0449 00       		.byte	0
 1094 044a 11       		.uleb128 0x11
 1095 044b 06010000 		.4byte	.LVL40
 1096 044f F3060000 		.4byte	0x6f3
 1097 0453 5E040000 		.4byte	0x45e
 1098 0457 12       		.uleb128 0x12
 1099 0458 01       		.uleb128 0x1
 1100 0459 50       		.byte	0x50
 1101 045a 02       		.uleb128 0x2
 1102 045b 91       		.byte	0x91
 1103 045c 44       		.sleb128 -60
 1104 045d 00       		.byte	0
 1105 045e 11       		.uleb128 0x11
 1106 045f 0E010000 		.4byte	.LVL43
 1107 0463 F3060000 		.4byte	0x6f3
ARM GAS  C:\Users\Simone\AppData\Local\Temp\ccQRb1rQ.s 			page 27


 1108 0467 75040000 		.4byte	0x475
 1109 046b 12       		.uleb128 0x12
 1110 046c 01       		.uleb128 0x1
 1111 046d 50       		.byte	0x50
 1112 046e 05       		.uleb128 0x5
 1113 046f 03       		.byte	0x3
 1114 0470 E4000000 		.4byte	.LC6
 1115 0474 00       		.byte	0
 1116 0475 11       		.uleb128 0x11
 1117 0476 18010000 		.4byte	.LVL44
 1118 047a 1F070000 		.4byte	0x71f
 1119 047e 93040000 		.4byte	0x493
 1120 0482 12       		.uleb128 0x12
 1121 0483 01       		.uleb128 0x1
 1122 0484 50       		.byte	0x50
 1123 0485 01       		.uleb128 0x1
 1124 0486 48       		.byte	0x48
 1125 0487 12       		.uleb128 0x12
 1126 0488 01       		.uleb128 0x1
 1127 0489 51       		.byte	0x51
 1128 048a 01       		.uleb128 0x1
 1129 048b 4F       		.byte	0x4f
 1130 048c 12       		.uleb128 0x12
 1131 048d 01       		.uleb128 0x1
 1132 048e 52       		.byte	0x52
 1133 048f 02       		.uleb128 0x2
 1134 0490 91       		.byte	0x91
 1135 0491 40       		.sleb128 -64
 1136 0492 00       		.byte	0
 1137 0493 11       		.uleb128 0x11
 1138 0494 26010000 		.4byte	.LVL46
 1139 0498 E8060000 		.4byte	0x6e8
 1140 049c B0040000 		.4byte	0x4b0
 1141 04a0 12       		.uleb128 0x12
 1142 04a1 01       		.uleb128 0x1
 1143 04a2 50       		.byte	0x50
 1144 04a3 02       		.uleb128 0x2
 1145 04a4 91       		.byte	0x91
 1146 04a5 44       		.sleb128 -60
 1147 04a6 12       		.uleb128 0x12
 1148 04a7 01       		.uleb128 0x1
 1149 04a8 51       		.byte	0x51
 1150 04a9 05       		.uleb128 0x5
 1151 04aa 03       		.byte	0x3
 1152 04ab E8010000 		.4byte	.LC11
 1153 04af 00       		.byte	0
 1154 04b0 11       		.uleb128 0x11
 1155 04b1 2C010000 		.4byte	.LVL47
 1156 04b5 F3060000 		.4byte	0x6f3
 1157 04b9 C4040000 		.4byte	0x4c4
 1158 04bd 12       		.uleb128 0x12
 1159 04be 01       		.uleb128 0x1
 1160 04bf 50       		.byte	0x50
 1161 04c0 02       		.uleb128 0x2
 1162 04c1 91       		.byte	0x91
 1163 04c2 44       		.sleb128 -60
 1164 04c3 00       		.byte	0
ARM GAS  C:\Users\Simone\AppData\Local\Temp\ccQRb1rQ.s 			page 28


 1165 04c4 11       		.uleb128 0x11
 1166 04c5 34010000 		.4byte	.LVL50
 1167 04c9 F3060000 		.4byte	0x6f3
 1168 04cd DB040000 		.4byte	0x4db
 1169 04d1 12       		.uleb128 0x12
 1170 04d2 01       		.uleb128 0x1
 1171 04d3 50       		.byte	0x50
 1172 04d4 05       		.uleb128 0x5
 1173 04d5 03       		.byte	0x3
 1174 04d6 10020000 		.4byte	.LC12
 1175 04da 00       		.byte	0
 1176 04db 11       		.uleb128 0x11
 1177 04dc 44010000 		.4byte	.LVL52
 1178 04e0 2A070000 		.4byte	0x72a
 1179 04e4 F9040000 		.4byte	0x4f9
 1180 04e8 12       		.uleb128 0x12
 1181 04e9 01       		.uleb128 0x1
 1182 04ea 50       		.byte	0x50
 1183 04eb 01       		.uleb128 0x1
 1184 04ec 48       		.byte	0x48
 1185 04ed 12       		.uleb128 0x12
 1186 04ee 01       		.uleb128 0x1
 1187 04ef 51       		.byte	0x51
 1188 04f0 01       		.uleb128 0x1
 1189 04f1 4F       		.byte	0x4f
 1190 04f2 12       		.uleb128 0x12
 1191 04f3 01       		.uleb128 0x1
 1192 04f4 52       		.byte	0x52
 1193 04f5 02       		.uleb128 0x2
 1194 04f6 09       		.byte	0x9
 1195 04f7 C0       		.byte	0xc0
 1196 04f8 00       		.byte	0
 1197 04f9 11       		.uleb128 0x11
 1198 04fa 4E010000 		.4byte	.LVL53
 1199 04fe 1F070000 		.4byte	0x71f
 1200 0502 17050000 		.4byte	0x517
 1201 0506 12       		.uleb128 0x12
 1202 0507 01       		.uleb128 0x1
 1203 0508 50       		.byte	0x50
 1204 0509 01       		.uleb128 0x1
 1205 050a 48       		.byte	0x48
 1206 050b 12       		.uleb128 0x12
 1207 050c 01       		.uleb128 0x1
 1208 050d 51       		.byte	0x51
 1209 050e 01       		.uleb128 0x1
 1210 050f 4F       		.byte	0x4f
 1211 0510 12       		.uleb128 0x12
 1212 0511 01       		.uleb128 0x1
 1213 0512 52       		.byte	0x52
 1214 0513 02       		.uleb128 0x2
 1215 0514 74       		.byte	0x74
 1216 0515 00       		.sleb128 0
 1217 0516 00       		.byte	0
 1218 0517 11       		.uleb128 0x11
 1219 0518 5C010000 		.4byte	.LVL55
 1220 051c E8060000 		.4byte	0x6e8
 1221 0520 34050000 		.4byte	0x534
ARM GAS  C:\Users\Simone\AppData\Local\Temp\ccQRb1rQ.s 			page 29


 1222 0524 12       		.uleb128 0x12
 1223 0525 01       		.uleb128 0x1
 1224 0526 50       		.byte	0x50
 1225 0527 02       		.uleb128 0x2
 1226 0528 91       		.byte	0x91
 1227 0529 44       		.sleb128 -60
 1228 052a 12       		.uleb128 0x12
 1229 052b 01       		.uleb128 0x1
 1230 052c 51       		.byte	0x51
 1231 052d 05       		.uleb128 0x5
 1232 052e 03       		.byte	0x3
 1233 052f 58020000 		.4byte	.LC13
 1234 0533 00       		.byte	0
 1235 0534 11       		.uleb128 0x11
 1236 0535 62010000 		.4byte	.LVL56
 1237 0539 F3060000 		.4byte	0x6f3
 1238 053d 48050000 		.4byte	0x548
 1239 0541 12       		.uleb128 0x12
 1240 0542 01       		.uleb128 0x1
 1241 0543 50       		.byte	0x50
 1242 0544 02       		.uleb128 0x2
 1243 0545 91       		.byte	0x91
 1244 0546 44       		.sleb128 -60
 1245 0547 00       		.byte	0
 1246 0548 11       		.uleb128 0x11
 1247 0549 6A010000 		.4byte	.LVL59
 1248 054d F3060000 		.4byte	0x6f3
 1249 0551 5F050000 		.4byte	0x55f
 1250 0555 12       		.uleb128 0x12
 1251 0556 01       		.uleb128 0x1
 1252 0557 50       		.byte	0x50
 1253 0558 05       		.uleb128 0x5
 1254 0559 03       		.byte	0x3
 1255 055a 10020000 		.4byte	.LC12
 1256 055e 00       		.byte	0
 1257 055f 11       		.uleb128 0x11
 1258 0560 76010000 		.4byte	.LVL60
 1259 0564 1F070000 		.4byte	0x71f
 1260 0568 7F050000 		.4byte	0x57f
 1261 056c 12       		.uleb128 0x12
 1262 056d 01       		.uleb128 0x1
 1263 056e 50       		.byte	0x50
 1264 056f 01       		.uleb128 0x1
 1265 0570 48       		.byte	0x48
 1266 0571 12       		.uleb128 0x12
 1267 0572 01       		.uleb128 0x1
 1268 0573 51       		.byte	0x51
 1269 0574 02       		.uleb128 0x2
 1270 0575 08       		.byte	0x8
 1271 0576 23       		.byte	0x23
 1272 0577 12       		.uleb128 0x12
 1273 0578 01       		.uleb128 0x1
 1274 0579 52       		.byte	0x52
 1275 057a 03       		.uleb128 0x3
 1276 057b 91       		.byte	0x91
 1277 057c BF7F     		.sleb128 -65
 1278 057e 00       		.byte	0
ARM GAS  C:\Users\Simone\AppData\Local\Temp\ccQRb1rQ.s 			page 30


 1279 057f 11       		.uleb128 0x11
 1280 0580 84010000 		.4byte	.LVL62
 1281 0584 E8060000 		.4byte	0x6e8
 1282 0588 9C050000 		.4byte	0x59c
 1283 058c 12       		.uleb128 0x12
 1284 058d 01       		.uleb128 0x1
 1285 058e 50       		.byte	0x50
 1286 058f 02       		.uleb128 0x2
 1287 0590 91       		.byte	0x91
 1288 0591 44       		.sleb128 -60
 1289 0592 12       		.uleb128 0x12
 1290 0593 01       		.uleb128 0x1
 1291 0594 51       		.byte	0x51
 1292 0595 05       		.uleb128 0x5
 1293 0596 03       		.byte	0x3
 1294 0597 94020000 		.4byte	.LC14
 1295 059b 00       		.byte	0
 1296 059c 11       		.uleb128 0x11
 1297 059d 8A010000 		.4byte	.LVL63
 1298 05a1 F3060000 		.4byte	0x6f3
 1299 05a5 B0050000 		.4byte	0x5b0
 1300 05a9 12       		.uleb128 0x12
 1301 05aa 01       		.uleb128 0x1
 1302 05ab 50       		.byte	0x50
 1303 05ac 02       		.uleb128 0x2
 1304 05ad 91       		.byte	0x91
 1305 05ae 44       		.sleb128 -60
 1306 05af 00       		.byte	0
 1307 05b0 11       		.uleb128 0x11
 1308 05b1 92010000 		.4byte	.LVL66
 1309 05b5 F3060000 		.4byte	0x6f3
 1310 05b9 C7050000 		.4byte	0x5c7
 1311 05bd 12       		.uleb128 0x12
 1312 05be 01       		.uleb128 0x1
 1313 05bf 50       		.byte	0x50
 1314 05c0 05       		.uleb128 0x5
 1315 05c1 03       		.byte	0x3
 1316 05c2 B4020000 		.4byte	.LC15
 1317 05c6 00       		.byte	0
 1318 05c7 11       		.uleb128 0x11
 1319 05c8 A2010000 		.4byte	.LVL67
 1320 05cc 2A070000 		.4byte	0x72a
 1321 05d0 E6050000 		.4byte	0x5e6
 1322 05d4 12       		.uleb128 0x12
 1323 05d5 01       		.uleb128 0x1
 1324 05d6 50       		.byte	0x50
 1325 05d7 01       		.uleb128 0x1
 1326 05d8 48       		.byte	0x48
 1327 05d9 12       		.uleb128 0x12
 1328 05da 01       		.uleb128 0x1
 1329 05db 51       		.byte	0x51
 1330 05dc 02       		.uleb128 0x2
 1331 05dd 08       		.byte	0x8
 1332 05de 23       		.byte	0x23
 1333 05df 12       		.uleb128 0x12
 1334 05e0 01       		.uleb128 0x1
 1335 05e1 52       		.byte	0x52
ARM GAS  C:\Users\Simone\AppData\Local\Temp\ccQRb1rQ.s 			page 31


 1336 05e2 02       		.uleb128 0x2
 1337 05e3 09       		.byte	0x9
 1338 05e4 80       		.byte	0x80
 1339 05e5 00       		.byte	0
 1340 05e6 11       		.uleb128 0x11
 1341 05e7 AC010000 		.4byte	.LVL68
 1342 05eb 1F070000 		.4byte	0x71f
 1343 05ef 05060000 		.4byte	0x605
 1344 05f3 12       		.uleb128 0x12
 1345 05f4 01       		.uleb128 0x1
 1346 05f5 50       		.byte	0x50
 1347 05f6 01       		.uleb128 0x1
 1348 05f7 48       		.byte	0x48
 1349 05f8 12       		.uleb128 0x12
 1350 05f9 01       		.uleb128 0x1
 1351 05fa 51       		.byte	0x51
 1352 05fb 02       		.uleb128 0x2
 1353 05fc 08       		.byte	0x8
 1354 05fd 23       		.byte	0x23
 1355 05fe 12       		.uleb128 0x12
 1356 05ff 01       		.uleb128 0x1
 1357 0600 52       		.byte	0x52
 1358 0601 02       		.uleb128 0x2
 1359 0602 74       		.byte	0x74
 1360 0603 00       		.sleb128 0
 1361 0604 00       		.byte	0
 1362 0605 11       		.uleb128 0x11
 1363 0606 BA010000 		.4byte	.LVL70
 1364 060a E8060000 		.4byte	0x6e8
 1365 060e 22060000 		.4byte	0x622
 1366 0612 12       		.uleb128 0x12
 1367 0613 01       		.uleb128 0x1
 1368 0614 50       		.byte	0x50
 1369 0615 02       		.uleb128 0x2
 1370 0616 91       		.byte	0x91
 1371 0617 44       		.sleb128 -60
 1372 0618 12       		.uleb128 0x12
 1373 0619 01       		.uleb128 0x1
 1374 061a 51       		.byte	0x51
 1375 061b 05       		.uleb128 0x5
 1376 061c 03       		.byte	0x3
 1377 061d F0020000 		.4byte	.LC16
 1378 0621 00       		.byte	0
 1379 0622 11       		.uleb128 0x11
 1380 0623 C0010000 		.4byte	.LVL71
 1381 0627 F3060000 		.4byte	0x6f3
 1382 062b 36060000 		.4byte	0x636
 1383 062f 12       		.uleb128 0x12
 1384 0630 01       		.uleb128 0x1
 1385 0631 50       		.byte	0x50
 1386 0632 02       		.uleb128 0x2
 1387 0633 91       		.byte	0x91
 1388 0634 44       		.sleb128 -60
 1389 0635 00       		.byte	0
 1390 0636 11       		.uleb128 0x11
 1391 0637 C8010000 		.4byte	.LVL74
 1392 063b F3060000 		.4byte	0x6f3
ARM GAS  C:\Users\Simone\AppData\Local\Temp\ccQRb1rQ.s 			page 32


 1393 063f 4D060000 		.4byte	0x64d
 1394 0643 12       		.uleb128 0x12
 1395 0644 01       		.uleb128 0x1
 1396 0645 50       		.byte	0x50
 1397 0646 05       		.uleb128 0x5
 1398 0647 03       		.byte	0x3
 1399 0648 B4020000 		.4byte	.LC15
 1400 064c 00       		.byte	0
 1401 064d 11       		.uleb128 0x11
 1402 064e DA010000 		.4byte	.LVL75
 1403 0652 14070000 		.4byte	0x714
 1404 0656 61060000 		.4byte	0x661
 1405 065a 12       		.uleb128 0x12
 1406 065b 01       		.uleb128 0x1
 1407 065c 50       		.byte	0x50
 1408 065d 02       		.uleb128 0x2
 1409 065e 08       		.byte	0x8
 1410 065f 64       		.byte	0x64
 1411 0660 00       		.byte	0
 1412 0661 11       		.uleb128 0x11
 1413 0662 E6010000 		.4byte	.LVL76
 1414 0666 35070000 		.4byte	0x735
 1415 066a 85060000 		.4byte	0x685
 1416 066e 12       		.uleb128 0x12
 1417 066f 01       		.uleb128 0x1
 1418 0670 50       		.byte	0x50
 1419 0671 01       		.uleb128 0x1
 1420 0672 48       		.byte	0x48
 1421 0673 12       		.uleb128 0x12
 1422 0674 01       		.uleb128 0x1
 1423 0675 51       		.byte	0x51
 1424 0676 01       		.uleb128 0x1
 1425 0677 3C       		.byte	0x3c
 1426 0678 12       		.uleb128 0x12
 1427 0679 01       		.uleb128 0x1
 1428 067a 52       		.byte	0x52
 1429 067b 01       		.uleb128 0x1
 1430 067c 32       		.byte	0x32
 1431 067d 12       		.uleb128 0x12
 1432 067e 01       		.uleb128 0x1
 1433 067f 53       		.byte	0x53
 1434 0680 03       		.uleb128 0x3
 1435 0681 91       		.byte	0x91
 1436 0682 B47F     		.sleb128 -76
 1437 0684 00       		.byte	0
 1438 0685 13       		.uleb128 0x13
 1439 0686 0E020000 		.4byte	.LVL80
 1440 068a 40070000 		.4byte	0x740
 1441 068e 12       		.uleb128 0x12
 1442 068f 01       		.uleb128 0x1
 1443 0690 50       		.byte	0x50
 1444 0691 03       		.uleb128 0x3
 1445 0692 91       		.byte	0x91
 1446 0693 B87F     		.sleb128 -72
 1447 0695 12       		.uleb128 0x12
 1448 0696 01       		.uleb128 0x1
 1449 0697 51       		.byte	0x51
ARM GAS  C:\Users\Simone\AppData\Local\Temp\ccQRb1rQ.s 			page 33


 1450 0698 01       		.uleb128 0x1
 1451 0699 34       		.byte	0x34
 1452 069a 00       		.byte	0
 1453 069b 00       		.byte	0
 1454 069c 15       		.uleb128 0x15
 1455 069d C7000000 		.4byte	0xc7
 1456 06a1 AC060000 		.4byte	0x6ac
 1457 06a5 16       		.uleb128 0x16
 1458 06a6 D5000000 		.4byte	0xd5
 1459 06aa 31       		.byte	0x31
 1460 06ab 00       		.byte	0
 1461 06ac 15       		.uleb128 0x15
 1462 06ad 8C000000 		.4byte	0x8c
 1463 06b1 BC060000 		.4byte	0x6bc
 1464 06b5 16       		.uleb128 0x16
 1465 06b6 D5000000 		.4byte	0xd5
 1466 06ba 03       		.byte	0x3
 1467 06bb 00       		.byte	0
 1468 06bc 15       		.uleb128 0x15
 1469 06bd 8C000000 		.4byte	0x8c
 1470 06c1 CC060000 		.4byte	0x6cc
 1471 06c5 16       		.uleb128 0x16
 1472 06c6 D5000000 		.4byte	0xd5
 1473 06ca 01       		.byte	0x1
 1474 06cb 00       		.byte	0
 1475 06cc 17       		.uleb128 0x17
 1476 06cd 50020000 		.4byte	.LASF51
 1477 06d1 0A       		.byte	0xa
 1478 06d2 1207     		.2byte	0x712
 1479 06d4 D8060000 		.4byte	0x6d8
 1480 06d8 18       		.uleb128 0x18
 1481 06d9 A2000000 		.4byte	0xa2
 1482 06dd 19       		.uleb128 0x19
 1483 06de 2E000000 		.4byte	.LASF37
 1484 06e2 2E000000 		.4byte	.LASF37
 1485 06e6 06       		.byte	0x6
 1486 06e7 53       		.byte	0x53
 1487 06e8 19       		.uleb128 0x19
 1488 06e9 1B030000 		.4byte	.LASF38
 1489 06ed 1B030000 		.4byte	.LASF38
 1490 06f1 07       		.byte	0x7
 1491 06f2 E7       		.byte	0xe7
 1492 06f3 19       		.uleb128 0x19
 1493 06f4 19000000 		.4byte	.LASF39
 1494 06f8 19000000 		.4byte	.LASF39
 1495 06fc 08       		.byte	0x8
 1496 06fd 8B       		.byte	0x8b
 1497 06fe 19       		.uleb128 0x19
 1498 06ff 2B030000 		.4byte	.LASF40
 1499 0703 2B030000 		.4byte	.LASF40
 1500 0707 06       		.byte	0x6
 1501 0708 0D       		.byte	0xd
 1502 0709 19       		.uleb128 0x19
 1503 070a 9E020000 		.4byte	.LASF41
 1504 070e 9E020000 		.4byte	.LASF41
 1505 0712 08       		.byte	0x8
 1506 0713 54       		.byte	0x54
ARM GAS  C:\Users\Simone\AppData\Local\Temp\ccQRb1rQ.s 			page 34


 1507 0714 19       		.uleb128 0x19
 1508 0715 23030000 		.4byte	.LASF42
 1509 0719 23030000 		.4byte	.LASF42
 1510 071d 09       		.byte	0x9
 1511 071e 76       		.byte	0x76
 1512 071f 19       		.uleb128 0x19
 1513 0720 BB020000 		.4byte	.LASF43
 1514 0724 BB020000 		.4byte	.LASF43
 1515 0728 06       		.byte	0x6
 1516 0729 1E       		.byte	0x1e
 1517 072a 19       		.uleb128 0x19
 1518 072b D4010000 		.4byte	.LASF44
 1519 072f D4010000 		.4byte	.LASF44
 1520 0733 06       		.byte	0x6
 1521 0734 39       		.byte	0x39
 1522 0735 19       		.uleb128 0x19
 1523 0736 B3010000 		.4byte	.LASF45
 1524 073a B3010000 		.4byte	.LASF45
 1525 073e 06       		.byte	0x6
 1526 073f 2C       		.byte	0x2c
 1527 0740 19       		.uleb128 0x19
 1528 0741 62000000 		.4byte	.LASF46
 1529 0745 62000000 		.4byte	.LASF46
 1530 0749 08       		.byte	0x8
 1531 074a 8C       		.byte	0x8c
 1532 074b 00       		.byte	0
 1533              		.section	.debug_abbrev,"",%progbits
 1534              	.Ldebug_abbrev0:
 1535 0000 01       		.uleb128 0x1
 1536 0001 11       		.uleb128 0x11
 1537 0002 01       		.byte	0x1
 1538 0003 25       		.uleb128 0x25
 1539 0004 0E       		.uleb128 0xe
 1540 0005 13       		.uleb128 0x13
 1541 0006 0B       		.uleb128 0xb
 1542 0007 03       		.uleb128 0x3
 1543 0008 0E       		.uleb128 0xe
 1544 0009 1B       		.uleb128 0x1b
 1545 000a 0E       		.uleb128 0xe
 1546 000b 55       		.uleb128 0x55
 1547 000c 17       		.uleb128 0x17
 1548 000d 11       		.uleb128 0x11
 1549 000e 01       		.uleb128 0x1
 1550 000f 10       		.uleb128 0x10
 1551 0010 17       		.uleb128 0x17
 1552 0011 00       		.byte	0
 1553 0012 00       		.byte	0
 1554 0013 02       		.uleb128 0x2
 1555 0014 24       		.uleb128 0x24
 1556 0015 00       		.byte	0
 1557 0016 0B       		.uleb128 0xb
 1558 0017 0B       		.uleb128 0xb
 1559 0018 3E       		.uleb128 0x3e
 1560 0019 0B       		.uleb128 0xb
 1561 001a 03       		.uleb128 0x3
 1562 001b 0E       		.uleb128 0xe
 1563 001c 00       		.byte	0
ARM GAS  C:\Users\Simone\AppData\Local\Temp\ccQRb1rQ.s 			page 35


 1564 001d 00       		.byte	0
 1565 001e 03       		.uleb128 0x3
 1566 001f 16       		.uleb128 0x16
 1567 0020 00       		.byte	0
 1568 0021 03       		.uleb128 0x3
 1569 0022 0E       		.uleb128 0xe
 1570 0023 3A       		.uleb128 0x3a
 1571 0024 0B       		.uleb128 0xb
 1572 0025 3B       		.uleb128 0x3b
 1573 0026 0B       		.uleb128 0xb
 1574 0027 49       		.uleb128 0x49
 1575 0028 13       		.uleb128 0x13
 1576 0029 00       		.byte	0
 1577 002a 00       		.byte	0
 1578 002b 04       		.uleb128 0x4
 1579 002c 24       		.uleb128 0x24
 1580 002d 00       		.byte	0
 1581 002e 0B       		.uleb128 0xb
 1582 002f 0B       		.uleb128 0xb
 1583 0030 3E       		.uleb128 0x3e
 1584 0031 0B       		.uleb128 0xb
 1585 0032 03       		.uleb128 0x3
 1586 0033 08       		.uleb128 0x8
 1587 0034 00       		.byte	0
 1588 0035 00       		.byte	0
 1589 0036 05       		.uleb128 0x5
 1590 0037 16       		.uleb128 0x16
 1591 0038 00       		.byte	0
 1592 0039 03       		.uleb128 0x3
 1593 003a 0E       		.uleb128 0xe
 1594 003b 3A       		.uleb128 0x3a
 1595 003c 0B       		.uleb128 0xb
 1596 003d 3B       		.uleb128 0x3b
 1597 003e 05       		.uleb128 0x5
 1598 003f 49       		.uleb128 0x49
 1599 0040 13       		.uleb128 0x13
 1600 0041 00       		.byte	0
 1601 0042 00       		.byte	0
 1602 0043 06       		.uleb128 0x6
 1603 0044 04       		.uleb128 0x4
 1604 0045 01       		.byte	0x1
 1605 0046 0B       		.uleb128 0xb
 1606 0047 0B       		.uleb128 0xb
 1607 0048 49       		.uleb128 0x49
 1608 0049 13       		.uleb128 0x13
 1609 004a 3A       		.uleb128 0x3a
 1610 004b 0B       		.uleb128 0xb
 1611 004c 3B       		.uleb128 0x3b
 1612 004d 0B       		.uleb128 0xb
 1613 004e 01       		.uleb128 0x1
 1614 004f 13       		.uleb128 0x13
 1615 0050 00       		.byte	0
 1616 0051 00       		.byte	0
 1617 0052 07       		.uleb128 0x7
 1618 0053 28       		.uleb128 0x28
 1619 0054 00       		.byte	0
 1620 0055 03       		.uleb128 0x3
ARM GAS  C:\Users\Simone\AppData\Local\Temp\ccQRb1rQ.s 			page 36


 1621 0056 0E       		.uleb128 0xe
 1622 0057 1C       		.uleb128 0x1c
 1623 0058 0B       		.uleb128 0xb
 1624 0059 00       		.byte	0
 1625 005a 00       		.byte	0
 1626 005b 08       		.uleb128 0x8
 1627 005c 2E       		.uleb128 0x2e
 1628 005d 01       		.byte	0x1
 1629 005e 3F       		.uleb128 0x3f
 1630 005f 19       		.uleb128 0x19
 1631 0060 03       		.uleb128 0x3
 1632 0061 0E       		.uleb128 0xe
 1633 0062 3A       		.uleb128 0x3a
 1634 0063 0B       		.uleb128 0xb
 1635 0064 3B       		.uleb128 0x3b
 1636 0065 0B       		.uleb128 0xb
 1637 0066 27       		.uleb128 0x27
 1638 0067 19       		.uleb128 0x19
 1639 0068 49       		.uleb128 0x49
 1640 0069 13       		.uleb128 0x13
 1641 006a 8701     		.uleb128 0x87
 1642 006c 19       		.uleb128 0x19
 1643 006d 11       		.uleb128 0x11
 1644 006e 01       		.uleb128 0x1
 1645 006f 12       		.uleb128 0x12
 1646 0070 06       		.uleb128 0x6
 1647 0071 40       		.uleb128 0x40
 1648 0072 18       		.uleb128 0x18
 1649 0073 9742     		.uleb128 0x2117
 1650 0075 19       		.uleb128 0x19
 1651 0076 01       		.uleb128 0x1
 1652 0077 13       		.uleb128 0x13
 1653 0078 00       		.byte	0
 1654 0079 00       		.byte	0
 1655 007a 09       		.uleb128 0x9
 1656 007b 34       		.uleb128 0x34
 1657 007c 00       		.byte	0
 1658 007d 03       		.uleb128 0x3
 1659 007e 0E       		.uleb128 0xe
 1660 007f 3A       		.uleb128 0x3a
 1661 0080 0B       		.uleb128 0xb
 1662 0081 3B       		.uleb128 0x3b
 1663 0082 0B       		.uleb128 0xb
 1664 0083 49       		.uleb128 0x49
 1665 0084 13       		.uleb128 0x13
 1666 0085 02       		.uleb128 0x2
 1667 0086 18       		.uleb128 0x18
 1668 0087 00       		.byte	0
 1669 0088 00       		.byte	0
 1670 0089 0A       		.uleb128 0xa
 1671 008a 34       		.uleb128 0x34
 1672 008b 00       		.byte	0
 1673 008c 03       		.uleb128 0x3
 1674 008d 0E       		.uleb128 0xe
 1675 008e 3A       		.uleb128 0x3a
 1676 008f 0B       		.uleb128 0xb
 1677 0090 3B       		.uleb128 0x3b
ARM GAS  C:\Users\Simone\AppData\Local\Temp\ccQRb1rQ.s 			page 37


 1678 0091 0B       		.uleb128 0xb
 1679 0092 49       		.uleb128 0x49
 1680 0093 13       		.uleb128 0x13
 1681 0094 02       		.uleb128 0x2
 1682 0095 17       		.uleb128 0x17
 1683 0096 00       		.byte	0
 1684 0097 00       		.byte	0
 1685 0098 0B       		.uleb128 0xb
 1686 0099 34       		.uleb128 0x34
 1687 009a 00       		.byte	0
 1688 009b 03       		.uleb128 0x3
 1689 009c 0E       		.uleb128 0xe
 1690 009d 3A       		.uleb128 0x3a
 1691 009e 0B       		.uleb128 0xb
 1692 009f 3B       		.uleb128 0x3b
 1693 00a0 05       		.uleb128 0x5
 1694 00a1 49       		.uleb128 0x49
 1695 00a2 13       		.uleb128 0x13
 1696 00a3 02       		.uleb128 0x2
 1697 00a4 17       		.uleb128 0x17
 1698 00a5 00       		.byte	0
 1699 00a6 00       		.byte	0
 1700 00a7 0C       		.uleb128 0xc
 1701 00a8 34       		.uleb128 0x34
 1702 00a9 00       		.byte	0
 1703 00aa 03       		.uleb128 0x3
 1704 00ab 0E       		.uleb128 0xe
 1705 00ac 3A       		.uleb128 0x3a
 1706 00ad 0B       		.uleb128 0xb
 1707 00ae 3B       		.uleb128 0x3b
 1708 00af 05       		.uleb128 0x5
 1709 00b0 49       		.uleb128 0x49
 1710 00b1 13       		.uleb128 0x13
 1711 00b2 1C       		.uleb128 0x1c
 1712 00b3 0D       		.uleb128 0xd
 1713 00b4 00       		.byte	0
 1714 00b5 00       		.byte	0
 1715 00b6 0D       		.uleb128 0xd
 1716 00b7 34       		.uleb128 0x34
 1717 00b8 00       		.byte	0
 1718 00b9 03       		.uleb128 0x3
 1719 00ba 0E       		.uleb128 0xe
 1720 00bb 3A       		.uleb128 0x3a
 1721 00bc 0B       		.uleb128 0xb
 1722 00bd 3B       		.uleb128 0x3b
 1723 00be 05       		.uleb128 0x5
 1724 00bf 49       		.uleb128 0x49
 1725 00c0 13       		.uleb128 0x13
 1726 00c1 02       		.uleb128 0x2
 1727 00c2 18       		.uleb128 0x18
 1728 00c3 00       		.byte	0
 1729 00c4 00       		.byte	0
 1730 00c5 0E       		.uleb128 0xe
 1731 00c6 34       		.uleb128 0x34
 1732 00c7 00       		.byte	0
 1733 00c8 03       		.uleb128 0x3
 1734 00c9 0E       		.uleb128 0xe
ARM GAS  C:\Users\Simone\AppData\Local\Temp\ccQRb1rQ.s 			page 38


 1735 00ca 3A       		.uleb128 0x3a
 1736 00cb 0B       		.uleb128 0xb
 1737 00cc 3B       		.uleb128 0x3b
 1738 00cd 05       		.uleb128 0x5
 1739 00ce 49       		.uleb128 0x49
 1740 00cf 13       		.uleb128 0x13
 1741 00d0 1C       		.uleb128 0x1c
 1742 00d1 0B       		.uleb128 0xb
 1743 00d2 00       		.byte	0
 1744 00d3 00       		.byte	0
 1745 00d4 0F       		.uleb128 0xf
 1746 00d5 0B       		.uleb128 0xb
 1747 00d6 01       		.byte	0x1
 1748 00d7 11       		.uleb128 0x11
 1749 00d8 01       		.uleb128 0x1
 1750 00d9 12       		.uleb128 0x12
 1751 00da 06       		.uleb128 0x6
 1752 00db 01       		.uleb128 0x1
 1753 00dc 13       		.uleb128 0x13
 1754 00dd 00       		.byte	0
 1755 00de 00       		.byte	0
 1756 00df 10       		.uleb128 0x10
 1757 00e0 34       		.uleb128 0x34
 1758 00e1 00       		.byte	0
 1759 00e2 03       		.uleb128 0x3
 1760 00e3 08       		.uleb128 0x8
 1761 00e4 3A       		.uleb128 0x3a
 1762 00e5 0B       		.uleb128 0xb
 1763 00e6 3B       		.uleb128 0x3b
 1764 00e7 0B       		.uleb128 0xb
 1765 00e8 49       		.uleb128 0x49
 1766 00e9 13       		.uleb128 0x13
 1767 00ea 02       		.uleb128 0x2
 1768 00eb 17       		.uleb128 0x17
 1769 00ec 00       		.byte	0
 1770 00ed 00       		.byte	0
 1771 00ee 11       		.uleb128 0x11
 1772 00ef 898201   		.uleb128 0x4109
 1773 00f2 01       		.byte	0x1
 1774 00f3 11       		.uleb128 0x11
 1775 00f4 01       		.uleb128 0x1
 1776 00f5 31       		.uleb128 0x31
 1777 00f6 13       		.uleb128 0x13
 1778 00f7 01       		.uleb128 0x1
 1779 00f8 13       		.uleb128 0x13
 1780 00f9 00       		.byte	0
 1781 00fa 00       		.byte	0
 1782 00fb 12       		.uleb128 0x12
 1783 00fc 8A8201   		.uleb128 0x410a
 1784 00ff 00       		.byte	0
 1785 0100 02       		.uleb128 0x2
 1786 0101 18       		.uleb128 0x18
 1787 0102 9142     		.uleb128 0x2111
 1788 0104 18       		.uleb128 0x18
 1789 0105 00       		.byte	0
 1790 0106 00       		.byte	0
 1791 0107 13       		.uleb128 0x13
ARM GAS  C:\Users\Simone\AppData\Local\Temp\ccQRb1rQ.s 			page 39


 1792 0108 898201   		.uleb128 0x4109
 1793 010b 01       		.byte	0x1
 1794 010c 11       		.uleb128 0x11
 1795 010d 01       		.uleb128 0x1
 1796 010e 31       		.uleb128 0x31
 1797 010f 13       		.uleb128 0x13
 1798 0110 00       		.byte	0
 1799 0111 00       		.byte	0
 1800 0112 14       		.uleb128 0x14
 1801 0113 898201   		.uleb128 0x4109
 1802 0116 00       		.byte	0
 1803 0117 11       		.uleb128 0x11
 1804 0118 01       		.uleb128 0x1
 1805 0119 31       		.uleb128 0x31
 1806 011a 13       		.uleb128 0x13
 1807 011b 00       		.byte	0
 1808 011c 00       		.byte	0
 1809 011d 15       		.uleb128 0x15
 1810 011e 01       		.uleb128 0x1
 1811 011f 01       		.byte	0x1
 1812 0120 49       		.uleb128 0x49
 1813 0121 13       		.uleb128 0x13
 1814 0122 01       		.uleb128 0x1
 1815 0123 13       		.uleb128 0x13
 1816 0124 00       		.byte	0
 1817 0125 00       		.byte	0
 1818 0126 16       		.uleb128 0x16
 1819 0127 21       		.uleb128 0x21
 1820 0128 00       		.byte	0
 1821 0129 49       		.uleb128 0x49
 1822 012a 13       		.uleb128 0x13
 1823 012b 2F       		.uleb128 0x2f
 1824 012c 0B       		.uleb128 0xb
 1825 012d 00       		.byte	0
 1826 012e 00       		.byte	0
 1827 012f 17       		.uleb128 0x17
 1828 0130 34       		.uleb128 0x34
 1829 0131 00       		.byte	0
 1830 0132 03       		.uleb128 0x3
 1831 0133 0E       		.uleb128 0xe
 1832 0134 3A       		.uleb128 0x3a
 1833 0135 0B       		.uleb128 0xb
 1834 0136 3B       		.uleb128 0x3b
 1835 0137 05       		.uleb128 0x5
 1836 0138 49       		.uleb128 0x49
 1837 0139 13       		.uleb128 0x13
 1838 013a 3F       		.uleb128 0x3f
 1839 013b 19       		.uleb128 0x19
 1840 013c 3C       		.uleb128 0x3c
 1841 013d 19       		.uleb128 0x19
 1842 013e 00       		.byte	0
 1843 013f 00       		.byte	0
 1844 0140 18       		.uleb128 0x18
 1845 0141 35       		.uleb128 0x35
 1846 0142 00       		.byte	0
 1847 0143 49       		.uleb128 0x49
 1848 0144 13       		.uleb128 0x13
ARM GAS  C:\Users\Simone\AppData\Local\Temp\ccQRb1rQ.s 			page 40


 1849 0145 00       		.byte	0
 1850 0146 00       		.byte	0
 1851 0147 19       		.uleb128 0x19
 1852 0148 2E       		.uleb128 0x2e
 1853 0149 00       		.byte	0
 1854 014a 3F       		.uleb128 0x3f
 1855 014b 19       		.uleb128 0x19
 1856 014c 3C       		.uleb128 0x3c
 1857 014d 19       		.uleb128 0x19
 1858 014e 6E       		.uleb128 0x6e
 1859 014f 0E       		.uleb128 0xe
 1860 0150 03       		.uleb128 0x3
 1861 0151 0E       		.uleb128 0xe
 1862 0152 3A       		.uleb128 0x3a
 1863 0153 0B       		.uleb128 0xb
 1864 0154 3B       		.uleb128 0x3b
 1865 0155 0B       		.uleb128 0xb
 1866 0156 00       		.byte	0
 1867 0157 00       		.byte	0
 1868 0158 00       		.byte	0
 1869              		.section	.debug_loc,"",%progbits
 1870              	.Ldebug_loc0:
 1871              	.LLST0:
 1872 0000 42000000 		.4byte	.LVL8
 1873 0004 4C000000 		.4byte	.LVL9
 1874 0008 0100     		.2byte	0x1
 1875 000a 50       		.byte	0x50
 1876 000b 58000000 		.4byte	.LVL12
 1877 000f 5A000000 		.4byte	.LVL13
 1878 0013 0100     		.2byte	0x1
 1879 0015 50       		.byte	0x50
 1880 0016 6A000000 		.4byte	.LVL15
 1881 001a 74000000 		.4byte	.LVL16
 1882 001e 0100     		.2byte	0x1
 1883 0020 50       		.byte	0x50
 1884 0021 80000000 		.4byte	.LVL19
 1885 0025 82000000 		.4byte	.LVL20
 1886 0029 0100     		.2byte	0x1
 1887 002b 50       		.byte	0x50
 1888 002c 92000000 		.4byte	.LVL22
 1889 0030 9C000000 		.4byte	.LVL23
 1890 0034 0100     		.2byte	0x1
 1891 0036 50       		.byte	0x50
 1892 0037 A8000000 		.4byte	.LVL26
 1893 003b AA000000 		.4byte	.LVL27
 1894 003f 0100     		.2byte	0x1
 1895 0041 50       		.byte	0x50
 1896 0042 CA000000 		.4byte	.LVL30
 1897 0046 D4000000 		.4byte	.LVL31
 1898 004a 0100     		.2byte	0x1
 1899 004c 50       		.byte	0x50
 1900 004d E0000000 		.4byte	.LVL34
 1901 0051 E2000000 		.4byte	.LVL35
 1902 0055 0100     		.2byte	0x1
 1903 0057 50       		.byte	0x50
 1904 0058 F2000000 		.4byte	.LVL37
 1905 005c FC000000 		.4byte	.LVL38
ARM GAS  C:\Users\Simone\AppData\Local\Temp\ccQRb1rQ.s 			page 41


 1906 0060 0100     		.2byte	0x1
 1907 0062 50       		.byte	0x50
 1908 0063 08010000 		.4byte	.LVL41
 1909 0067 0A010000 		.4byte	.LVL42
 1910 006b 0100     		.2byte	0x1
 1911 006d 50       		.byte	0x50
 1912 006e 18010000 		.4byte	.LVL44
 1913 0072 22010000 		.4byte	.LVL45
 1914 0076 0100     		.2byte	0x1
 1915 0078 50       		.byte	0x50
 1916 0079 2E010000 		.4byte	.LVL48
 1917 007d 30010000 		.4byte	.LVL49
 1918 0081 0100     		.2byte	0x1
 1919 0083 50       		.byte	0x50
 1920 0084 4E010000 		.4byte	.LVL53
 1921 0088 58010000 		.4byte	.LVL54
 1922 008c 0100     		.2byte	0x1
 1923 008e 50       		.byte	0x50
 1924 008f 64010000 		.4byte	.LVL57
 1925 0093 66010000 		.4byte	.LVL58
 1926 0097 0100     		.2byte	0x1
 1927 0099 50       		.byte	0x50
 1928 009a 76010000 		.4byte	.LVL60
 1929 009e 80010000 		.4byte	.LVL61
 1930 00a2 0100     		.2byte	0x1
 1931 00a4 50       		.byte	0x50
 1932 00a5 8C010000 		.4byte	.LVL64
 1933 00a9 8E010000 		.4byte	.LVL65
 1934 00ad 0100     		.2byte	0x1
 1935 00af 50       		.byte	0x50
 1936 00b0 AC010000 		.4byte	.LVL68
 1937 00b4 B6010000 		.4byte	.LVL69
 1938 00b8 0100     		.2byte	0x1
 1939 00ba 50       		.byte	0x50
 1940 00bb C2010000 		.4byte	.LVL72
 1941 00bf C4010000 		.4byte	.LVL73
 1942 00c3 0100     		.2byte	0x1
 1943 00c5 50       		.byte	0x50
 1944 00c6 E6010000 		.4byte	.LVL76
 1945 00ca 0A020000 		.4byte	.LVL79
 1946 00ce 0100     		.2byte	0x1
 1947 00d0 50       		.byte	0x50
 1948 00d1 00000000 		.4byte	0
 1949 00d5 00000000 		.4byte	0
 1950              	.LLST1:
 1951 00d9 FA010000 		.4byte	.LVL77
 1952 00dd 02020000 		.4byte	.LVL78
 1953 00e1 0100     		.2byte	0x1
 1954 00e3 53       		.byte	0x53
 1955 00e4 02020000 		.4byte	.LVL78
 1956 00e8 0D020000 		.4byte	.LVL80-1
 1957 00ec 1400     		.2byte	0x14
 1958 00ee 72       		.byte	0x72
 1959 00ef 00       		.sleb128 0
 1960 00f0 38       		.byte	0x38
 1961 00f1 24       		.byte	0x24
 1962 00f2 91       		.byte	0x91
ARM GAS  C:\Users\Simone\AppData\Local\Temp\ccQRb1rQ.s 			page 42


 1963 00f3 B47F     		.sleb128 -76
 1964 00f5 94       		.byte	0x94
 1965 00f6 01       		.byte	0x1
 1966 00f7 08       		.byte	0x8
 1967 00f8 FF       		.byte	0xff
 1968 00f9 1A       		.byte	0x1a
 1969 00fa 21       		.byte	0x21
 1970 00fb 09       		.byte	0x9
 1971 00fc F4       		.byte	0xf4
 1972 00fd 24       		.byte	0x24
 1973 00fe 09       		.byte	0x9
 1974 00ff FA       		.byte	0xfa
 1975 0100 26       		.byte	0x26
 1976 0101 9F       		.byte	0x9f
 1977 0102 00000000 		.4byte	0
 1978 0106 00000000 		.4byte	0
 1979              	.LLST2:
 1980 010a 14000000 		.4byte	.LVL2
 1981 010e 18000000 		.4byte	.LVL3
 1982 0112 0200     		.2byte	0x2
 1983 0114 30       		.byte	0x30
 1984 0115 9F       		.byte	0x9f
 1985 0116 18000000 		.4byte	.LVL3
 1986 011a 38010000 		.4byte	.LVL51
 1987 011e 0100     		.2byte	0x1
 1988 0120 54       		.byte	0x54
 1989 0121 00000000 		.4byte	0
 1990 0125 00000000 		.4byte	0
 1991              		.section	.debug_aranges,"",%progbits
 1992 0000 1C000000 		.4byte	0x1c
 1993 0004 0200     		.2byte	0x2
 1994 0006 00000000 		.4byte	.Ldebug_info0
 1995 000a 04       		.byte	0x4
 1996 000b 00       		.byte	0
 1997 000c 0000     		.2byte	0
 1998 000e 0000     		.2byte	0
 1999 0010 00000000 		.4byte	.LFB64
 2000 0014 54020000 		.4byte	.LFE64-.LFB64
 2001 0018 00000000 		.4byte	0
 2002 001c 00000000 		.4byte	0
 2003              		.section	.debug_ranges,"",%progbits
 2004              	.Ldebug_ranges0:
 2005 0000 00000000 		.4byte	.LFB64
 2006 0004 54020000 		.4byte	.LFE64
 2007 0008 00000000 		.4byte	0
 2008 000c 00000000 		.4byte	0
 2009              		.section	.debug_line,"",%progbits
 2010              	.Ldebug_line0:
 2011 0000 6C020000 		.section	.debug_str,"MS",%progbits,1
 2011      0200FD01 
 2011      00000201 
 2011      FB0E0D00 
 2011      01010101 
 2012              	.LASF24:
 2013 0000 6D657373 		.ascii	"message\000"
 2013      61676500 
 2014              	.LASF32:
ARM GAS  C:\Users\Simone\AppData\Local\Temp\ccQRb1rQ.s 			page 43


 2015 0008 68656164 		.ascii	"header\000"
 2015      657200
 2016              	.LASF2:
 2017 000f 5F5F7569 		.ascii	"__uint8_t\000"
 2017      6E74385F 
 2017      7400
 2018              	.LASF39:
 2019 0019 55415254 		.ascii	"UART_Debug_PutString\000"
 2019      5F446562 
 2019      75675F50 
 2019      75745374 
 2019      72696E67 
 2020              	.LASF37:
 2021 002e 4932435F 		.ascii	"I2C_Peripheral_IsDeviceConnected\000"
 2021      50657269 
 2021      70686572 
 2021      616C5F49 
 2021      73446576 
 2022              	.LASF6:
 2023 004f 5F5F696E 		.ascii	"__int32_t\000"
 2023      7433325F 
 2023      7400
 2024              	.LASF7:
 2025 0059 6C6F6E67 		.ascii	"long int\000"
 2025      20696E74 
 2025      00
 2026              	.LASF46:
 2027 0062 55415254 		.ascii	"UART_Debug_PutArray\000"
 2027      5F446562 
 2027      75675F50 
 2027      75744172 
 2027      72617900 
 2028              	.LASF23:
 2029 0076 4572726F 		.ascii	"ErrorCode\000"
 2029      72436F64 
 2029      6500
 2030              	.LASF35:
 2031 0080 54656D70 		.ascii	"TemperatureData\000"
 2031      65726174 
 2031      75726544 
 2031      61746100 
 2032              	.LASF16:
 2033 0090 666C6F61 		.ascii	"float\000"
 2033      7400
 2034              	.LASF34:
 2035 0096 4F757441 		.ascii	"OutArray\000"
 2035      72726179 
 2035      00
 2036              	.LASF1:
 2037 009f 756E7369 		.ascii	"unsigned char\000"
 2037      676E6564 
 2037      20636861 
 2037      7200
 2038              	.LASF47:
 2039 00ad 474E5520 		.ascii	"GNU C11 5.4.1 20160609 (release) [ARM/embedded-5-br"
 2039      43313120 
 2039      352E342E 
ARM GAS  C:\Users\Simone\AppData\Local\Temp\ccQRb1rQ.s 			page 44


 2039      31203230 
 2039      31363036 
 2040 00e0 616E6368 		.ascii	"anch revision 237715] -mcpu=cortex-m3 -mthumb -g -O"
 2040      20726576 
 2040      6973696F 
 2040      6E203233 
 2040      37373135 
 2041 0113 67202D66 		.ascii	"g -ffunction-sections -ffat-lto-objects\000"
 2041      66756E63 
 2041      74696F6E 
 2041      2D736563 
 2041      74696F6E 
 2042              	.LASF15:
 2043 013b 696E7431 		.ascii	"int16\000"
 2043      3600
 2044              	.LASF8:
 2045 0141 6C6F6E67 		.ascii	"long unsigned int\000"
 2045      20756E73 
 2045      69676E65 
 2045      6420696E 
 2045      7400
 2046              	.LASF5:
 2047 0153 73686F72 		.ascii	"short unsigned int\000"
 2047      7420756E 
 2047      7369676E 
 2047      65642069 
 2047      6E7400
 2048              	.LASF33:
 2049 0166 666F6F74 		.ascii	"footer\000"
 2049      657200
 2050              	.LASF49:
 2051 016d 433A5C55 		.ascii	"C:\\Users\\Simone\\Desktop\\PSOC_final-project\\Fin"
 2051      73657273 
 2051      5C53696D 
 2051      6F6E655C 
 2051      4465736B 
 2052 019b 616C5F50 		.ascii	"al_Project.cydsn\000"
 2052      726F6A65 
 2052      63742E63 
 2052      7964736E 
 2052      00
 2053              	.LASF17:
 2054 01ac 646F7562 		.ascii	"double\000"
 2054      6C6500
 2055              	.LASF45:
 2056 01b3 4932435F 		.ascii	"I2C_Peripheral_ReadRegisterMulti\000"
 2056      50657269 
 2056      70686572 
 2056      616C5F52 
 2056      65616452 
 2057              	.LASF44:
 2058 01d4 4932435F 		.ascii	"I2C_Peripheral_WriteRegister\000"
 2058      50657269 
 2058      70686572 
 2058      616C5F57 
 2058      72697465 
 2059              	.LASF50:
ARM GAS  C:\Users\Simone\AppData\Local\Temp\ccQRb1rQ.s 			page 45


 2060 01f1 6D61696E 		.ascii	"main\000"
 2060      00
 2061              	.LASF3:
 2062 01f6 5F5F696E 		.ascii	"__int16_t\000"
 2062      7431365F 
 2062      7400
 2063              	.LASF28:
 2064 0200 6374726C 		.ascii	"ctrl_reg1\000"
 2064      5F726567 
 2064      3100
 2065              	.LASF30:
 2066 020a 6374726C 		.ascii	"ctrl_reg4\000"
 2066      5F726567 
 2066      3400
 2067              	.LASF11:
 2068 0214 756E7369 		.ascii	"unsigned int\000"
 2068      676E6564 
 2068      20696E74 
 2068      00
 2069              	.LASF10:
 2070 0221 6C6F6E67 		.ascii	"long long unsigned int\000"
 2070      206C6F6E 
 2070      6720756E 
 2070      7369676E 
 2070      65642069 
 2071              	.LASF12:
 2072 0238 75696E74 		.ascii	"uint8_t\000"
 2072      385F7400 
 2073              	.LASF31:
 2074 0240 4F757454 		.ascii	"OutTemp\000"
 2074      656D7000 
 2075              	.LASF13:
 2076 0248 696E7431 		.ascii	"int16_t\000"
 2076      365F7400 
 2077              	.LASF51:
 2078 0250 49544D5F 		.ascii	"ITM_RxBuffer\000"
 2078      52784275 
 2078      66666572 
 2078      00
 2079              	.LASF29:
 2080 025d 746D705F 		.ascii	"tmp_cfg_reg\000"
 2080      6366675F 
 2080      72656700 
 2081              	.LASF27:
 2082 0269 73746174 		.ascii	"status_register\000"
 2082      75735F72 
 2082      65676973 
 2082      74657200 
 2083              	.LASF14:
 2084 0279 696E7433 		.ascii	"int32_t\000"
 2084      325F7400 
 2085              	.LASF20:
 2086 0281 73697A65 		.ascii	"sizetype\000"
 2086      74797065 
 2086      00
 2087              	.LASF26:
 2088 028a 6572726F 		.ascii	"error\000"
ARM GAS  C:\Users\Simone\AppData\Local\Temp\ccQRb1rQ.s 			page 46


 2088      7200
 2089              	.LASF9:
 2090 0290 6C6F6E67 		.ascii	"long long int\000"
 2090      206C6F6E 
 2090      6720696E 
 2090      7400
 2091              	.LASF41:
 2092 029e 55415254 		.ascii	"UART_Debug_Start\000"
 2092      5F446562 
 2092      75675F53 
 2092      74617274 
 2092      00
 2093              	.LASF48:
 2094 02af 6D61696E 		.ascii	"main.c\000"
 2094      2E6300
 2095              	.LASF18:
 2096 02b6 63686172 		.ascii	"char\000"
 2096      00
 2097              	.LASF43:
 2098 02bb 4932435F 		.ascii	"I2C_Peripheral_ReadRegister\000"
 2098      50657269 
 2098      70686572 
 2098      616C5F52 
 2098      65616452 
 2099              	.LASF36:
 2100 02d7 636F756E 		.ascii	"count\000"
 2100      7400
 2101              	.LASF4:
 2102 02dd 73686F72 		.ascii	"short int\000"
 2102      7420696E 
 2102      7400
 2103              	.LASF21:
 2104 02e7 4E4F5F45 		.ascii	"NO_ERROR\000"
 2104      52524F52 
 2104      00
 2105              	.LASF22:
 2106 02f0 4552524F 		.ascii	"ERROR\000"
 2106      5200
 2107              	.LASF19:
 2108 02f6 6C6F6E67 		.ascii	"long double\000"
 2108      20646F75 
 2108      626C6500 
 2109              	.LASF0:
 2110 0302 7369676E 		.ascii	"signed char\000"
 2110      65642063 
 2110      68617200 
 2111              	.LASF25:
 2112 030e 77686F5F 		.ascii	"who_am_i_reg\000"
 2112      616D5F69 
 2112      5F726567 
 2112      00
 2113              	.LASF38:
 2114 031b 73707269 		.ascii	"sprintf\000"
 2114      6E746600 
 2115              	.LASF42:
 2116 0323 43794465 		.ascii	"CyDelay\000"
 2116      6C617900 
ARM GAS  C:\Users\Simone\AppData\Local\Temp\ccQRb1rQ.s 			page 47


 2117              	.LASF40:
 2118 032b 4932435F 		.ascii	"I2C_Peripheral_Start\000"
 2118      50657269 
 2118      70686572 
 2118      616C5F53 
 2118      74617274 
 2119              		.ident	"GCC: (GNU Tools for ARM Embedded Processors) 5.4.1 20160609 (release) [ARM/embedded-5-bran
