ARM GAS  C:\Users\Riccardo\AppData\Local\Temp\cc2MaInk.s 			page 1


   1              		.syntax unified
   2              		.cpu cortex-m3
   3              		.fpu softvfp
   4              		.eabi_attribute 20, 1
   5              		.eabi_attribute 21, 1
   6              		.eabi_attribute 23, 3
   7              		.eabi_attribute 24, 1
   8              		.eabi_attribute 25, 1
   9              		.eabi_attribute 26, 1
  10              		.eabi_attribute 30, 1
  11              		.eabi_attribute 34, 1
  12              		.eabi_attribute 18, 4
  13              		.thumb
  14              		.syntax unified
  15              		.file	"SPI_Interface.c"
  16              		.text
  17              	.Ltext0:
  18              		.cfi_sections	.debug_frame
  19              		.section	.text.SPI_Interface_tradeByte,"ax",%progbits
  20              		.align	2
  21              		.global	SPI_Interface_tradeByte
  22              		.thumb
  23              		.thumb_func
  24              		.type	SPI_Interface_tradeByte, %function
  25              	SPI_Interface_tradeByte:
  26              	.LFB0:
  27              		.file 1 "SPI_Interface.c"
   1:SPI_Interface.c **** /**
   2:SPI_Interface.c ****  * @file SPI_Interface.c
   3:SPI_Interface.c ****  * @brief Functions required to interface with the SPI MASTER (SPIM).
   4:SPI_Interface.c ****  * 
   5:SPI_Interface.c ****  * This source code file contains macros and functions to interface
   6:SPI_Interface.c ****  * with the SPI Master (SPIM) of the PSoC.
   7:SPI_Interface.c ****  *
   8:SPI_Interface.c ****  * @author Mattia Pesenti
   9:SPI_Interface.c ****  * @date April 9, 2020
  10:SPI_Interface.c **** */
  11:SPI_Interface.c **** 
  12:SPI_Interface.c **** /*											 
  13:SPI_Interface.c ****  * NOTE: in the .h Lib of the SPI Slave     		   *
  14:SPI_Interface.c ****  *       you need to define SLAVE_CS_Write  		   *
  15:SPI_Interface.c ****  *       with the name of the Chip Select    		   * 
  16:SPI_Interface.c ****  *       pin (as defined in the Top Design)  		   *
  17:SPI_Interface.c ****  * E.g.: #define SLAVE_CS_Write CS_1_Write (default)   *
  18:SPI_Interface.c **** */
  19:SPI_Interface.c **** 
  20:SPI_Interface.c **** #include "SPI_Interface.h"
  21:SPI_Interface.c **** 
  22:SPI_Interface.c **** #ifndef SLAVE_CS_Write
  23:SPI_Interface.c ****     #define SLAVE_CS_Write CS_1_Write
  24:SPI_Interface.c **** #endif
  25:SPI_Interface.c **** 
  26:SPI_Interface.c **** /*
  27:SPI_Interface.c **** * @brief Full-Duplex, Single-Operation 1-Byte Trade
  28:SPI_Interface.c **** */
  29:SPI_Interface.c **** uint8_t SPI_Interface_tradeByte(uint8_t byte) {
  28              		.loc 1 29 0
ARM GAS  C:\Users\Riccardo\AppData\Local\Temp\cc2MaInk.s 			page 2


  29              		.cfi_startproc
  30              		@ args = 0, pretend = 0, frame = 0
  31              		@ frame_needed = 0, uses_anonymous_args = 0
  32              	.LVL0:
  33 0000 10B5     		push	{r4, lr}
  34              		.cfi_def_cfa_offset 8
  35              		.cfi_offset 4, -8
  36              		.cfi_offset 14, -4
  37 0002 0446     		mov	r4, r0
  30:SPI_Interface.c **** 	
  31:SPI_Interface.c **** 	/* Enable the Slave */
  32:SPI_Interface.c **** 	SLAVE_CS_Write(0);
  38              		.loc 1 32 0
  39 0004 0020     		movs	r0, #0
  40              	.LVL1:
  41 0006 FFF7FEFF 		bl	CS_1_Write
  42              	.LVL2:
  33:SPI_Interface.c **** 	
  34:SPI_Interface.c **** 	/* Load the TX Buffer */
  35:SPI_Interface.c **** 	SPIM_1_WriteTxData(byte);
  43              		.loc 1 35 0
  44 000a 2046     		mov	r0, r4
  45 000c FFF7FEFF 		bl	SPIM_1_WriteTxData
  46              	.LVL3:
  47              	.L2:
  36:SPI_Interface.c **** 	
  37:SPI_Interface.c **** 	/* Wait for TX */
  38:SPI_Interface.c ****     while( !(SPIM_1_ReadTxStatus() & SPIM_1_STS_BYTE_COMPLETE) );
  48              		.loc 1 38 0 discriminator 1
  49 0010 FFF7FEFF 		bl	SPIM_1_ReadTxStatus
  50              	.LVL4:
  51 0014 10F0080F 		tst	r0, #8
  52 0018 FAD0     		beq	.L2
  39:SPI_Interface.c **** 	
  40:SPI_Interface.c **** 	/* Read the RX Buffer */
  41:SPI_Interface.c **** 	uint8_t data = SPIM_1_ReadRxData();
  53              		.loc 1 41 0
  54 001a FFF7FEFF 		bl	SPIM_1_ReadRxData
  55              	.LVL5:
  56 001e 0446     		mov	r4, r0
  57              	.LVL6:
  42:SPI_Interface.c **** 	
  43:SPI_Interface.c **** 	/* Disable the Slave */
  44:SPI_Interface.c **** 	SLAVE_CS_Write(1);
  58              		.loc 1 44 0
  59 0020 0120     		movs	r0, #1
  60 0022 FFF7FEFF 		bl	CS_1_Write
  61              	.LVL7:
  45:SPI_Interface.c **** 	
  46:SPI_Interface.c **** 	return data;
  47:SPI_Interface.c ****     
  48:SPI_Interface.c **** }
  62              		.loc 1 48 0
  63 0026 2046     		mov	r0, r4
  64 0028 10BD     		pop	{r4, pc}
  65              		.cfi_endproc
  66              	.LFE0:
ARM GAS  C:\Users\Riccardo\AppData\Local\Temp\cc2MaInk.s 			page 3


  67              		.size	SPI_Interface_tradeByte, .-SPI_Interface_tradeByte
  68              		.section	.text.SPI_Interface_ReadByte,"ax",%progbits
  69              		.align	2
  70              		.global	SPI_Interface_ReadByte
  71              		.thumb
  72              		.thumb_func
  73              		.type	SPI_Interface_ReadByte, %function
  74              	SPI_Interface_ReadByte:
  75              	.LFB1:
  49:SPI_Interface.c **** 
  50:SPI_Interface.c **** 
  51:SPI_Interface.c **** /*
  52:SPI_Interface.c **** * @brief RX-only, Dual-Operation 1-Byte READ
  53:SPI_Interface.c **** */
  54:SPI_Interface.c **** uint8_t SPI_Interface_ReadByte(uint8_t byteTX) {
  76              		.loc 1 54 0
  77              		.cfi_startproc
  78              		@ args = 0, pretend = 0, frame = 0
  79              		@ frame_needed = 0, uses_anonymous_args = 0
  80              	.LVL8:
  81 0000 10B5     		push	{r4, lr}
  82              		.cfi_def_cfa_offset 8
  83              		.cfi_offset 4, -8
  84              		.cfi_offset 14, -4
  85 0002 0446     		mov	r4, r0
  55:SPI_Interface.c **** 	
  56:SPI_Interface.c **** 	/* Enable the Slave */
  57:SPI_Interface.c **** 	SLAVE_CS_Write(0);
  86              		.loc 1 57 0
  87 0004 0020     		movs	r0, #0
  88              	.LVL9:
  89 0006 FFF7FEFF 		bl	CS_1_Write
  90              	.LVL10:
  58:SPI_Interface.c **** 	
  59:SPI_Interface.c **** 	/* Load the TX Buffer */
  60:SPI_Interface.c **** 	SPIM_1_WriteTxData(byteTX);
  91              		.loc 1 60 0
  92 000a 2046     		mov	r0, r4
  93 000c FFF7FEFF 		bl	SPIM_1_WriteTxData
  94              	.LVL11:
  61:SPI_Interface.c **** 	
  62:SPI_Interface.c **** 	/* SPI Dummy Byte */
  63:SPI_Interface.c **** 	SPIM_1_WriteTxData(SPI_DUMMY_BYTE);
  95              		.loc 1 63 0
  96 0010 0020     		movs	r0, #0
  97 0012 FFF7FEFF 		bl	SPIM_1_WriteTxData
  98              	.LVL12:
  99              	.L5:
  64:SPI_Interface.c **** 	
  65:SPI_Interface.c **** 	/* Wait for TX/RX */
  66:SPI_Interface.c ****     while(!(SPIM_1_ReadTxStatus() & SPIM_1_STS_SPI_DONE));
 100              		.loc 1 66 0 discriminator 1
 101 0016 FFF7FEFF 		bl	SPIM_1_ReadTxStatus
 102              	.LVL13:
 103 001a 10F0010F 		tst	r0, #1
 104 001e FAD0     		beq	.L5
  67:SPI_Interface.c **** 	
ARM GAS  C:\Users\Riccardo\AppData\Local\Temp\cc2MaInk.s 			page 4


  68:SPI_Interface.c **** 	/* Read the RX Buffer */
  69:SPI_Interface.c **** 	SPIM_1_ReadRxData();
 105              		.loc 1 69 0
 106 0020 FFF7FEFF 		bl	SPIM_1_ReadRxData
 107              	.LVL14:
  70:SPI_Interface.c **** 	uint8_t byteRX = SPIM_1_ReadRxData();
 108              		.loc 1 70 0
 109 0024 FFF7FEFF 		bl	SPIM_1_ReadRxData
 110              	.LVL15:
 111 0028 0446     		mov	r4, r0
 112              	.LVL16:
  71:SPI_Interface.c **** 	
  72:SPI_Interface.c **** 	/* Disable the Slave */
  73:SPI_Interface.c **** 	SLAVE_CS_Write(1);
 113              		.loc 1 73 0
 114 002a 0120     		movs	r0, #1
 115 002c FFF7FEFF 		bl	CS_1_Write
 116              	.LVL17:
  74:SPI_Interface.c **** 	
  75:SPI_Interface.c **** 	return byteRX;	
  76:SPI_Interface.c **** 	
  77:SPI_Interface.c **** }
 117              		.loc 1 77 0
 118 0030 2046     		mov	r0, r4
 119 0032 10BD     		pop	{r4, pc}
 120              		.cfi_endproc
 121              	.LFE1:
 122              		.size	SPI_Interface_ReadByte, .-SPI_Interface_ReadByte
 123              		.section	.text.SPI_Interface_Multi_Trade,"ax",%progbits
 124              		.align	2
 125              		.global	SPI_Interface_Multi_Trade
 126              		.thumb
 127              		.thumb_func
 128              		.type	SPI_Interface_Multi_Trade, %function
 129              	SPI_Interface_Multi_Trade:
 130              	.LFB2:
  78:SPI_Interface.c **** 
  79:SPI_Interface.c **** 
  80:SPI_Interface.c **** /*
  81:SPI_Interface.c **** * @brief Full-Duplex, Multi-Byte Trade (RX/TX)
  82:SPI_Interface.c **** */
  83:SPI_Interface.c **** void SPI_Interface_Multi_Trade(uint8_t* dataTX, uint8_t* dataRX, uint8_t nBytes) {
 131              		.loc 1 83 0
 132              		.cfi_startproc
 133              		@ args = 0, pretend = 0, frame = 0
 134              		@ frame_needed = 0, uses_anonymous_args = 0
 135              		@ link register save eliminated.
 136              	.LVL18:
 137 0000 7047     		bx	lr
 138              		.cfi_endproc
 139              	.LFE2:
 140              		.size	SPI_Interface_Multi_Trade, .-SPI_Interface_Multi_Trade
 141 0002 00BF     		.section	.text.SPI_Interface_Multi_RW,"ax",%progbits
 142              		.align	2
 143              		.global	SPI_Interface_Multi_RW
 144              		.thumb
 145              		.thumb_func
ARM GAS  C:\Users\Riccardo\AppData\Local\Temp\cc2MaInk.s 			page 5


 146              		.type	SPI_Interface_Multi_RW, %function
 147              	SPI_Interface_Multi_RW:
 148              	.LFB3:
  84:SPI_Interface.c **** 	
  85:SPI_Interface.c ****     
  86:SPI_Interface.c **** 	
  87:SPI_Interface.c **** }
  88:SPI_Interface.c **** 
  89:SPI_Interface.c **** /*
  90:SPI_Interface.c **** * @brief RX-only, Dual-Operation Multi-Byte READ/WRITE
  91:SPI_Interface.c **** */
  92:SPI_Interface.c **** void SPI_Interface_Multi_RW(uint8_t* dataTX, uint8_t bytesTX, uint8_t* dataRX, uint8_t bytesRX) {
 149              		.loc 1 92 0
 150              		.cfi_startproc
 151              		@ args = 0, pretend = 0, frame = 8
 152              		@ frame_needed = 0, uses_anonymous_args = 0
 153              	.LVL19:
 154              		.loc 1 92 0
 155 0000 2DE9F043 		push	{r4, r5, r6, r7, r8, r9, lr}
 156              		.cfi_def_cfa_offset 28
 157              		.cfi_offset 4, -28
 158              		.cfi_offset 5, -24
 159              		.cfi_offset 6, -20
 160              		.cfi_offset 7, -16
 161              		.cfi_offset 8, -12
 162              		.cfi_offset 9, -8
 163              		.cfi_offset 14, -4
 164 0004 83B0     		sub	sp, sp, #12
 165              		.cfi_def_cfa_offset 40
 166 0006 0646     		mov	r6, r0
 167 0008 0C46     		mov	r4, r1
 168 000a 1746     		mov	r7, r2
 169 000c 9846     		mov	r8, r3
  93:SPI_Interface.c **** 	
  94:SPI_Interface.c **** 	/* Enable the Slave */
  95:SPI_Interface.c ****     SLAVE_CS_Write(0);
 170              		.loc 1 95 0
 171 000e 0020     		movs	r0, #0
 172              	.LVL20:
 173 0010 FFF7FEFF 		bl	CS_1_Write
 174              	.LVL21:
  96:SPI_Interface.c ****         
  97:SPI_Interface.c ****     int8_t count = bytesTX, index = 0;
 175              		.loc 1 97 0
 176 0014 64B2     		sxtb	r4, r4
 177              	.LVL22:
 178 0016 0025     		movs	r5, #0
  98:SPI_Interface.c ****     	
  99:SPI_Interface.c ****     /* Transmit Data */
 100:SPI_Interface.c ****     while ( count > 0 ) {
 179              		.loc 1 100 0
 180 0018 11E0     		b	.L9
 181              	.LVL23:
 182              	.L11:
 101:SPI_Interface.c ****             
 102:SPI_Interface.c ****     	/* Load the TX buffer with Data*/
 103:SPI_Interface.c ****         SPIM_1_PutArray(&dataTX[index*SPI_TxBufferSize], (count > SPI_TxBufferSize ? SPI_TxBufferSi
ARM GAS  C:\Users\Riccardo\AppData\Local\Temp\cc2MaInk.s 			page 6


 183              		.loc 1 103 0
 184 001a 2146     		mov	r1, r4
 185 001c 082C     		cmp	r4, #8
 186 001e A8BF     		it	ge
 187 0020 0821     		movge	r1, #8
 188 0022 C9B2     		uxtb	r1, r1
 189 0024 06EBC500 		add	r0, r6, r5, lsl #3
 190 0028 FFF7FEFF 		bl	SPIM_1_PutArray
 191              	.LVL24:
 192              	.L10:
 104:SPI_Interface.c ****         /* Wait for TX */
 105:SPI_Interface.c ****         while( !(SPIM_1_ReadTxStatus() & SPIM_1_STS_SPI_DONE) );
 193              		.loc 1 105 0 discriminator 1
 194 002c FFF7FEFF 		bl	SPIM_1_ReadTxStatus
 195              	.LVL25:
 196 0030 10F0010F 		tst	r0, #1
 197 0034 FAD0     		beq	.L10
 106:SPI_Interface.c ****         
 107:SPI_Interface.c ****         /* Update count */
 108:SPI_Interface.c ****         count -= SPI_TxBufferSize;
 198              		.loc 1 108 0
 199 0036 083C     		subs	r4, r4, #8
 200              	.LVL26:
 201 0038 64B2     		sxtb	r4, r4
 202              	.LVL27:
 109:SPI_Interface.c ****         index++;
 203              		.loc 1 109 0
 204 003a 0135     		adds	r5, r5, #1
 205              	.LVL28:
 206 003c 6DB2     		sxtb	r5, r5
 207              	.LVL29:
 208              	.L9:
 100:SPI_Interface.c ****             
 209              		.loc 1 100 0
 210 003e 002C     		cmp	r4, #0
 211 0040 EBDC     		bgt	.L11
 110:SPI_Interface.c ****            
 111:SPI_Interface.c ****     }
 112:SPI_Interface.c ****         
 113:SPI_Interface.c ****     /* Clear the RX Buffer */
 114:SPI_Interface.c ****     SPIM_1_ClearFIFO();
 212              		.loc 1 114 0
 213 0042 FFF7FEFF 		bl	SPIM_1_ClearFIFO
 214              	.LVL30:
 115:SPI_Interface.c ****     SPIM_1_ClearRxBuffer();
 215              		.loc 1 115 0
 216 0046 FFF7FEFF 		bl	SPIM_1_ClearRxBuffer
 217              	.LVL31:
 116:SPI_Interface.c ****         
 117:SPI_Interface.c ****     /* Init the Dummy TX Buffer */
 118:SPI_Interface.c ****     uint8_t dummyTX[SPI_RxBufferSize];
 119:SPI_Interface.c ****     memset(dummyTX, SPI_DUMMY_BYTE, SPI_RxBufferSize);
 218              		.loc 1 119 0
 219 004a 0026     		movs	r6, #0
 220              	.LVL32:
 221 004c 0096     		str	r6, [sp]
 222 004e 0196     		str	r6, [sp, #4]
ARM GAS  C:\Users\Riccardo\AppData\Local\Temp\cc2MaInk.s 			page 7


 120:SPI_Interface.c ****         
 121:SPI_Interface.c ****     /* Update count for RX */
 122:SPI_Interface.c ****     count = bytesRX;
 223              		.loc 1 122 0
 224 0050 4FFA88F8 		sxtb	r8, r8
 225              	.LVL33:
 123:SPI_Interface.c ****     index = 0;
 124:SPI_Interface.c ****         
 125:SPI_Interface.c ****     /* Get the RX Data */
 126:SPI_Interface.c ****     while ( count > 0 ) {
 226              		.loc 1 126 0
 227 0054 20E0     		b	.L12
 228              	.LVL34:
 229              	.L16:
 127:SPI_Interface.c ****          
 128:SPI_Interface.c ****         /* Load the TX buffer with Dummy Bytes*/
 129:SPI_Interface.c ****         SPIM_1_PutArray(dummyTX, (count > SPI_TxBufferSize ? SPI_TxBufferSize : count));
 230              		.loc 1 129 0
 231 0056 C146     		mov	r9, r8
 232 0058 B8F1080F 		cmp	r8, #8
 233 005c A8BF     		it	ge
 234 005e 4FF00809 		movge	r9, #8
 235 0062 5FFA89F1 		uxtb	r1, r9
 236 0066 6846     		mov	r0, sp
 237 0068 FFF7FEFF 		bl	SPIM_1_PutArray
 238              	.LVL35:
 239              	.L13:
 130:SPI_Interface.c ****         /* Wait for TX */
 131:SPI_Interface.c ****         while( !(SPIM_1_ReadTxStatus() & SPIM_1_STS_SPI_DONE) );
 240              		.loc 1 131 0 discriminator 1
 241 006c FFF7FEFF 		bl	SPIM_1_ReadTxStatus
 242              	.LVL36:
 243 0070 10F0010F 		tst	r0, #1
 244 0074 FAD0     		beq	.L13
 245 0076 0024     		movs	r4, #0
 246 0078 06E0     		b	.L14
 247              	.LVL37:
 248              	.L15:
 249              	.LBB2:
 132:SPI_Interface.c ****         /* Read the RX Buffer */
 133:SPI_Interface.c ****         for( uint8_t j = 0; j < (count > SPI_TxBufferSize ? SPI_TxBufferSize : count); j++ ) {
 134:SPI_Interface.c ****             dataRX[j + index*SPI_RxBufferSize] = SPIM_1_ReadRxData();   
 250              		.loc 1 134 0 discriminator 3
 251 007a 04EBC605 		add	r5, r4, r6, lsl #3
 252 007e FFF7FEFF 		bl	SPIM_1_ReadRxData
 253              	.LVL38:
 254 0082 7855     		strb	r0, [r7, r5]
 133:SPI_Interface.c ****             dataRX[j + index*SPI_RxBufferSize] = SPIM_1_ReadRxData();   
 255              		.loc 1 133 0 discriminator 3
 256 0084 0134     		adds	r4, r4, #1
 257              	.LVL39:
 258 0086 E4B2     		uxtb	r4, r4
 259              	.LVL40:
 260              	.L14:
 133:SPI_Interface.c ****             dataRX[j + index*SPI_RxBufferSize] = SPIM_1_ReadRxData();   
 261              		.loc 1 133 0 is_stmt 0 discriminator 1
 262 0088 4C45     		cmp	r4, r9
ARM GAS  C:\Users\Riccardo\AppData\Local\Temp\cc2MaInk.s 			page 8


 263 008a F6DB     		blt	.L15
 264              	.LBE2:
 135:SPI_Interface.c ****         }
 136:SPI_Interface.c ****         
 137:SPI_Interface.c ****         count -= SPI_RxBufferSize;
 265              		.loc 1 137 0 is_stmt 1
 266 008c A8F10808 		sub	r8, r8, #8
 267              	.LVL41:
 268 0090 4FFA88F8 		sxtb	r8, r8
 269              	.LVL42:
 138:SPI_Interface.c ****         index++;
 270              		.loc 1 138 0
 271 0094 0136     		adds	r6, r6, #1
 272              	.LVL43:
 273 0096 76B2     		sxtb	r6, r6
 274              	.LVL44:
 275              	.L12:
 126:SPI_Interface.c ****          
 276              		.loc 1 126 0
 277 0098 B8F1000F 		cmp	r8, #0
 278 009c DBDC     		bgt	.L16
 139:SPI_Interface.c ****         
 140:SPI_Interface.c ****     }
 141:SPI_Interface.c ****         
 142:SPI_Interface.c ****     /* Disable the Slave */
 143:SPI_Interface.c ****     SLAVE_CS_Write(1);
 279              		.loc 1 143 0
 280 009e 0120     		movs	r0, #1
 281 00a0 FFF7FEFF 		bl	CS_1_Write
 282              	.LVL45:
 144:SPI_Interface.c ****     	
 145:SPI_Interface.c ****     /* Clear */
 146:SPI_Interface.c ****     SPIM_1_ClearFIFO();
 283              		.loc 1 146 0
 284 00a4 FFF7FEFF 		bl	SPIM_1_ClearFIFO
 285              	.LVL46:
 147:SPI_Interface.c ****     SPIM_1_ClearRxBuffer();
 286              		.loc 1 147 0
 287 00a8 FFF7FEFF 		bl	SPIM_1_ClearRxBuffer
 288              	.LVL47:
 148:SPI_Interface.c ****     SPIM_1_ClearTxBuffer();
 289              		.loc 1 148 0
 290 00ac FFF7FEFF 		bl	SPIM_1_ClearTxBuffer
 291              	.LVL48:
 149:SPI_Interface.c **** 
 150:SPI_Interface.c **** }
 292              		.loc 1 150 0
 293 00b0 03B0     		add	sp, sp, #12
 294              		.cfi_def_cfa_offset 28
 295              		@ sp needed
 296 00b2 BDE8F083 		pop	{r4, r5, r6, r7, r8, r9, pc}
 297              		.cfi_endproc
 298              	.LFE3:
 299              		.size	SPI_Interface_Multi_RW, .-SPI_Interface_Multi_RW
 300 00b6 00BF     		.text
 301              	.Letext0:
 302              		.file 2 "c:\\program files (x86)\\cypress\\psoc creator\\4.3\\psoc creator\\import\\gnu\\arm\\5.4.
ARM GAS  C:\Users\Riccardo\AppData\Local\Temp\cc2MaInk.s 			page 9


 303              		.file 3 "c:\\program files (x86)\\cypress\\psoc creator\\4.3\\psoc creator\\import\\gnu\\arm\\5.4.
 304              		.file 4 "Generated_Source\\PSoC5/cytypes.h"
 305              		.file 5 "Generated_Source\\PSoC5/CS_1.h"
 306              		.file 6 "Generated_Source\\PSoC5/SPIM_1.h"
 307              		.section	.debug_info,"",%progbits
 308              	.Ldebug_info0:
 309 0000 D0030000 		.4byte	0x3d0
 310 0004 0400     		.2byte	0x4
 311 0006 00000000 		.4byte	.Ldebug_abbrev0
 312 000a 04       		.byte	0x4
 313 000b 01       		.uleb128 0x1
 314 000c 05010000 		.4byte	.LASF43
 315 0010 0C       		.byte	0xc
 316 0011 93010000 		.4byte	.LASF44
 317 0015 13000000 		.4byte	.LASF45
 318 0019 00000000 		.4byte	.Ldebug_ranges0+0
 319 001d 00000000 		.4byte	0
 320 0021 00000000 		.4byte	.Ldebug_line0
 321 0025 02       		.uleb128 0x2
 322 0026 00000000 		.4byte	.LASF0
 323 002a 02       		.byte	0x2
 324 002b 1B       		.byte	0x1b
 325 002c 30000000 		.4byte	0x30
 326 0030 03       		.uleb128 0x3
 327 0031 01       		.byte	0x1
 328 0032 06       		.byte	0x6
 329 0033 E8020000 		.4byte	.LASF2
 330 0037 02       		.uleb128 0x2
 331 0038 09000000 		.4byte	.LASF1
 332 003c 02       		.byte	0x2
 333 003d 1D       		.byte	0x1d
 334 003e 42000000 		.4byte	0x42
 335 0042 03       		.uleb128 0x3
 336 0043 01       		.byte	0x1
 337 0044 08       		.byte	0x8
 338 0045 F7000000 		.4byte	.LASF3
 339 0049 03       		.uleb128 0x3
 340 004a 02       		.byte	0x2
 341 004b 05       		.byte	0x5
 342 004c B4020000 		.4byte	.LASF4
 343 0050 03       		.uleb128 0x3
 344 0051 02       		.byte	0x2
 345 0052 07       		.byte	0x7
 346 0053 6A000000 		.4byte	.LASF5
 347 0057 03       		.uleb128 0x3
 348 0058 04       		.byte	0x4
 349 0059 05       		.byte	0x5
 350 005a D3020000 		.4byte	.LASF6
 351 005e 03       		.uleb128 0x3
 352 005f 04       		.byte	0x4
 353 0060 07       		.byte	0x7
 354 0061 A3010000 		.4byte	.LASF7
 355 0065 03       		.uleb128 0x3
 356 0066 08       		.byte	0x8
 357 0067 05       		.byte	0x5
 358 0068 89020000 		.4byte	.LASF8
 359 006c 03       		.uleb128 0x3
ARM GAS  C:\Users\Riccardo\AppData\Local\Temp\cc2MaInk.s 			page 10


 360 006d 08       		.byte	0x8
 361 006e 07       		.byte	0x7
 362 006f 2F020000 		.4byte	.LASF9
 363 0073 04       		.uleb128 0x4
 364 0074 04       		.byte	0x4
 365 0075 05       		.byte	0x5
 366 0076 696E7400 		.ascii	"int\000"
 367 007a 03       		.uleb128 0x3
 368 007b 04       		.byte	0x4
 369 007c 07       		.byte	0x7
 370 007d 17020000 		.4byte	.LASF10
 371 0081 02       		.uleb128 0x2
 372 0082 B3000000 		.4byte	.LASF11
 373 0086 03       		.byte	0x3
 374 0087 14       		.byte	0x14
 375 0088 25000000 		.4byte	0x25
 376 008c 02       		.uleb128 0x2
 377 008d 46020000 		.4byte	.LASF12
 378 0091 03       		.byte	0x3
 379 0092 18       		.byte	0x18
 380 0093 37000000 		.4byte	0x37
 381 0097 05       		.uleb128 0x5
 382 0098 B5010000 		.4byte	.LASF13
 383 009c 04       		.byte	0x4
 384 009d E401     		.2byte	0x1e4
 385 009f 42000000 		.4byte	0x42
 386 00a3 03       		.uleb128 0x3
 387 00a4 04       		.byte	0x4
 388 00a5 04       		.byte	0x4
 389 00a6 D5000000 		.4byte	.LASF14
 390 00aa 03       		.uleb128 0x3
 391 00ab 08       		.byte	0x8
 392 00ac 04       		.byte	0x4
 393 00ad D0010000 		.4byte	.LASF15
 394 00b1 03       		.uleb128 0x3
 395 00b2 01       		.byte	0x1
 396 00b3 08       		.byte	0x8
 397 00b4 97020000 		.4byte	.LASF16
 398 00b8 03       		.uleb128 0x3
 399 00b9 08       		.byte	0x8
 400 00ba 04       		.byte	0x4
 401 00bb DC020000 		.4byte	.LASF17
 402 00bf 03       		.uleb128 0x3
 403 00c0 04       		.byte	0x4
 404 00c1 07       		.byte	0x7
 405 00c2 80020000 		.4byte	.LASF18
 406 00c6 06       		.uleb128 0x6
 407 00c7 D7010000 		.4byte	.LASF19
 408 00cb 01       		.byte	0x1
 409 00cc 1D       		.byte	0x1d
 410 00cd 8C000000 		.4byte	0x8c
 411 00d1 00000000 		.4byte	.LFB0
 412 00d5 2A000000 		.4byte	.LFE0-.LFB0
 413 00d9 01       		.uleb128 0x1
 414 00da 9C       		.byte	0x9c
 415 00db 44010000 		.4byte	0x144
 416 00df 07       		.uleb128 0x7
ARM GAS  C:\Users\Riccardo\AppData\Local\Temp\cc2MaInk.s 			page 11


 417 00e0 7D000000 		.4byte	.LASF21
 418 00e4 01       		.byte	0x1
 419 00e5 1D       		.byte	0x1d
 420 00e6 8C000000 		.4byte	0x8c
 421 00ea 00000000 		.4byte	.LLST0
 422 00ee 08       		.uleb128 0x8
 423 00ef DB000000 		.4byte	.LASF23
 424 00f3 01       		.byte	0x1
 425 00f4 29       		.byte	0x29
 426 00f5 8C000000 		.4byte	0x8c
 427 00f9 01       		.uleb128 0x1
 428 00fa 54       		.byte	0x54
 429 00fb 09       		.uleb128 0x9
 430 00fc 0A000000 		.4byte	.LVL2
 431 0100 7B030000 		.4byte	0x37b
 432 0104 0E010000 		.4byte	0x10e
 433 0108 0A       		.uleb128 0xa
 434 0109 01       		.uleb128 0x1
 435 010a 50       		.byte	0x50
 436 010b 01       		.uleb128 0x1
 437 010c 30       		.byte	0x30
 438 010d 00       		.byte	0
 439 010e 09       		.uleb128 0x9
 440 010f 10000000 		.4byte	.LVL3
 441 0113 86030000 		.4byte	0x386
 442 0117 22010000 		.4byte	0x122
 443 011b 0A       		.uleb128 0xa
 444 011c 01       		.uleb128 0x1
 445 011d 50       		.byte	0x50
 446 011e 02       		.uleb128 0x2
 447 011f 74       		.byte	0x74
 448 0120 00       		.sleb128 0
 449 0121 00       		.byte	0
 450 0122 0B       		.uleb128 0xb
 451 0123 14000000 		.4byte	.LVL4
 452 0127 91030000 		.4byte	0x391
 453 012b 0B       		.uleb128 0xb
 454 012c 1E000000 		.4byte	.LVL5
 455 0130 9C030000 		.4byte	0x39c
 456 0134 0C       		.uleb128 0xc
 457 0135 26000000 		.4byte	.LVL7
 458 0139 7B030000 		.4byte	0x37b
 459 013d 0A       		.uleb128 0xa
 460 013e 01       		.uleb128 0x1
 461 013f 50       		.byte	0x50
 462 0140 01       		.uleb128 0x1
 463 0141 31       		.byte	0x31
 464 0142 00       		.byte	0
 465 0143 00       		.byte	0
 466 0144 06       		.uleb128 0x6
 467 0145 E0000000 		.4byte	.LASF20
 468 0149 01       		.byte	0x1
 469 014a 36       		.byte	0x36
 470 014b 8C000000 		.4byte	0x8c
 471 014f 00000000 		.4byte	.LFB1
 472 0153 34000000 		.4byte	.LFE1-.LFB1
 473 0157 01       		.uleb128 0x1
ARM GAS  C:\Users\Riccardo\AppData\Local\Temp\cc2MaInk.s 			page 12


 474 0158 9C       		.byte	0x9c
 475 0159 DE010000 		.4byte	0x1de
 476 015d 07       		.uleb128 0x7
 477 015e CE000000 		.4byte	.LASF22
 478 0162 01       		.byte	0x1
 479 0163 36       		.byte	0x36
 480 0164 8C000000 		.4byte	0x8c
 481 0168 21000000 		.4byte	.LLST1
 482 016c 08       		.uleb128 0x8
 483 016d 00020000 		.4byte	.LASF24
 484 0171 01       		.byte	0x1
 485 0172 46       		.byte	0x46
 486 0173 8C000000 		.4byte	0x8c
 487 0177 01       		.uleb128 0x1
 488 0178 54       		.byte	0x54
 489 0179 09       		.uleb128 0x9
 490 017a 0A000000 		.4byte	.LVL10
 491 017e 7B030000 		.4byte	0x37b
 492 0182 8C010000 		.4byte	0x18c
 493 0186 0A       		.uleb128 0xa
 494 0187 01       		.uleb128 0x1
 495 0188 50       		.byte	0x50
 496 0189 01       		.uleb128 0x1
 497 018a 30       		.byte	0x30
 498 018b 00       		.byte	0
 499 018c 09       		.uleb128 0x9
 500 018d 10000000 		.4byte	.LVL11
 501 0191 86030000 		.4byte	0x386
 502 0195 A0010000 		.4byte	0x1a0
 503 0199 0A       		.uleb128 0xa
 504 019a 01       		.uleb128 0x1
 505 019b 50       		.byte	0x50
 506 019c 02       		.uleb128 0x2
 507 019d 74       		.byte	0x74
 508 019e 00       		.sleb128 0
 509 019f 00       		.byte	0
 510 01a0 09       		.uleb128 0x9
 511 01a1 16000000 		.4byte	.LVL12
 512 01a5 86030000 		.4byte	0x386
 513 01a9 B3010000 		.4byte	0x1b3
 514 01ad 0A       		.uleb128 0xa
 515 01ae 01       		.uleb128 0x1
 516 01af 50       		.byte	0x50
 517 01b0 01       		.uleb128 0x1
 518 01b1 30       		.byte	0x30
 519 01b2 00       		.byte	0
 520 01b3 0B       		.uleb128 0xb
 521 01b4 1A000000 		.4byte	.LVL13
 522 01b8 91030000 		.4byte	0x391
 523 01bc 0B       		.uleb128 0xb
 524 01bd 24000000 		.4byte	.LVL14
 525 01c1 9C030000 		.4byte	0x39c
 526 01c5 0B       		.uleb128 0xb
 527 01c6 28000000 		.4byte	.LVL15
 528 01ca 9C030000 		.4byte	0x39c
 529 01ce 0C       		.uleb128 0xc
 530 01cf 30000000 		.4byte	.LVL17
ARM GAS  C:\Users\Riccardo\AppData\Local\Temp\cc2MaInk.s 			page 13


 531 01d3 7B030000 		.4byte	0x37b
 532 01d7 0A       		.uleb128 0xa
 533 01d8 01       		.uleb128 0x1
 534 01d9 50       		.byte	0x50
 535 01da 01       		.uleb128 0x1
 536 01db 31       		.byte	0x31
 537 01dc 00       		.byte	0
 538 01dd 00       		.byte	0
 539 01de 0D       		.uleb128 0xd
 540 01df 82000000 		.4byte	.LASF28
 541 01e3 01       		.byte	0x1
 542 01e4 53       		.byte	0x53
 543 01e5 00000000 		.4byte	.LFB2
 544 01e9 02000000 		.4byte	.LFE2-.LFB2
 545 01ed 01       		.uleb128 0x1
 546 01ee 9C       		.byte	0x9c
 547 01ef 1B020000 		.4byte	0x21b
 548 01f3 0E       		.uleb128 0xe
 549 01f4 F4020000 		.4byte	.LASF25
 550 01f8 01       		.byte	0x1
 551 01f9 53       		.byte	0x53
 552 01fa 1B020000 		.4byte	0x21b
 553 01fe 01       		.uleb128 0x1
 554 01ff 50       		.byte	0x50
 555 0200 0E       		.uleb128 0xe
 556 0201 71020000 		.4byte	.LASF26
 557 0205 01       		.byte	0x1
 558 0206 53       		.byte	0x53
 559 0207 1B020000 		.4byte	0x21b
 560 020b 01       		.uleb128 0x1
 561 020c 51       		.byte	0x51
 562 020d 0E       		.uleb128 0xe
 563 020e 63000000 		.4byte	.LASF27
 564 0212 01       		.byte	0x1
 565 0213 53       		.byte	0x53
 566 0214 8C000000 		.4byte	0x8c
 567 0218 01       		.uleb128 0x1
 568 0219 52       		.byte	0x52
 569 021a 00       		.byte	0
 570 021b 0F       		.uleb128 0xf
 571 021c 04       		.byte	0x4
 572 021d 8C000000 		.4byte	0x8c
 573 0221 0D       		.uleb128 0xd
 574 0222 9C000000 		.4byte	.LASF29
 575 0226 01       		.byte	0x1
 576 0227 5C       		.byte	0x5c
 577 0228 00000000 		.4byte	.LFB3
 578 022c B6000000 		.4byte	.LFE3-.LFB3
 579 0230 01       		.uleb128 0x1
 580 0231 9C       		.byte	0x9c
 581 0232 6B030000 		.4byte	0x36b
 582 0236 07       		.uleb128 0x7
 583 0237 F4020000 		.4byte	.LASF25
 584 023b 01       		.byte	0x1
 585 023c 5C       		.byte	0x5c
 586 023d 1B020000 		.4byte	0x21b
 587 0241 42000000 		.4byte	.LLST2
ARM GAS  C:\Users\Riccardo\AppData\Local\Temp\cc2MaInk.s 			page 14


 588 0245 07       		.uleb128 0x7
 589 0246 78020000 		.4byte	.LASF30
 590 024a 01       		.byte	0x1
 591 024b 5C       		.byte	0x5c
 592 024c 8C000000 		.4byte	0x8c
 593 0250 6E000000 		.4byte	.LLST3
 594 0254 07       		.uleb128 0x7
 595 0255 71020000 		.4byte	.LASF26
 596 0259 01       		.byte	0x1
 597 025a 5C       		.byte	0x5c
 598 025b 1B020000 		.4byte	0x21b
 599 025f 8F000000 		.4byte	.LLST4
 600 0263 07       		.uleb128 0x7
 601 0264 4E020000 		.4byte	.LASF31
 602 0268 01       		.byte	0x1
 603 0269 5C       		.byte	0x5c
 604 026a 8C000000 		.4byte	0x8c
 605 026e AD000000 		.4byte	.LLST5
 606 0272 10       		.uleb128 0x10
 607 0273 5D000000 		.4byte	.LASF32
 608 0277 01       		.byte	0x1
 609 0278 61       		.byte	0x61
 610 0279 81000000 		.4byte	0x81
 611 027d CE000000 		.4byte	.LLST6
 612 0281 10       		.uleb128 0x10
 613 0282 9C020000 		.4byte	.LASF33
 614 0286 01       		.byte	0x1
 615 0287 61       		.byte	0x61
 616 0288 81000000 		.4byte	0x81
 617 028c 02010000 		.4byte	.LLST7
 618 0290 08       		.uleb128 0x8
 619 0291 56020000 		.4byte	.LASF34
 620 0295 01       		.byte	0x1
 621 0296 76       		.byte	0x76
 622 0297 6B030000 		.4byte	0x36b
 623 029b 02       		.uleb128 0x2
 624 029c 91       		.byte	0x91
 625 029d 58       		.sleb128 -40
 626 029e 11       		.uleb128 0x11
 627 029f 7A000000 		.4byte	.LBB2
 628 02a3 12000000 		.4byte	.LBE2-.LBB2
 629 02a7 C2020000 		.4byte	0x2c2
 630 02ab 12       		.uleb128 0x12
 631 02ac 6A00     		.ascii	"j\000"
 632 02ae 01       		.byte	0x1
 633 02af 85       		.byte	0x85
 634 02b0 8C000000 		.4byte	0x8c
 635 02b4 4E010000 		.4byte	.LLST8
 636 02b8 0B       		.uleb128 0xb
 637 02b9 82000000 		.4byte	.LVL38
 638 02bd 9C030000 		.4byte	0x39c
 639 02c1 00       		.byte	0
 640 02c2 09       		.uleb128 0x9
 641 02c3 14000000 		.4byte	.LVL21
 642 02c7 7B030000 		.4byte	0x37b
 643 02cb D5020000 		.4byte	0x2d5
 644 02cf 0A       		.uleb128 0xa
ARM GAS  C:\Users\Riccardo\AppData\Local\Temp\cc2MaInk.s 			page 15


 645 02d0 01       		.uleb128 0x1
 646 02d1 50       		.byte	0x50
 647 02d2 01       		.uleb128 0x1
 648 02d3 30       		.byte	0x30
 649 02d4 00       		.byte	0
 650 02d5 09       		.uleb128 0x9
 651 02d6 2C000000 		.4byte	.LVL24
 652 02da A7030000 		.4byte	0x3a7
 653 02de FE020000 		.4byte	0x2fe
 654 02e2 0A       		.uleb128 0xa
 655 02e3 01       		.uleb128 0x1
 656 02e4 50       		.byte	0x50
 657 02e5 07       		.uleb128 0x7
 658 02e6 75       		.byte	0x75
 659 02e7 00       		.sleb128 0
 660 02e8 33       		.byte	0x33
 661 02e9 24       		.byte	0x24
 662 02ea 76       		.byte	0x76
 663 02eb 00       		.sleb128 0
 664 02ec 22       		.byte	0x22
 665 02ed 0A       		.uleb128 0xa
 666 02ee 01       		.uleb128 0x1
 667 02ef 51       		.byte	0x51
 668 02f0 0C       		.uleb128 0xc
 669 02f1 38       		.byte	0x38
 670 02f2 74       		.byte	0x74
 671 02f3 00       		.sleb128 0
 672 02f4 74       		.byte	0x74
 673 02f5 00       		.sleb128 0
 674 02f6 38       		.byte	0x38
 675 02f7 2A       		.byte	0x2a
 676 02f8 28       		.byte	0x28
 677 02f9 0100     		.2byte	0x1
 678 02fb 16       		.byte	0x16
 679 02fc 13       		.byte	0x13
 680 02fd 00       		.byte	0
 681 02fe 0B       		.uleb128 0xb
 682 02ff 30000000 		.4byte	.LVL25
 683 0303 91030000 		.4byte	0x391
 684 0307 0B       		.uleb128 0xb
 685 0308 46000000 		.4byte	.LVL30
 686 030c B2030000 		.4byte	0x3b2
 687 0310 0B       		.uleb128 0xb
 688 0311 4A000000 		.4byte	.LVL31
 689 0315 BD030000 		.4byte	0x3bd
 690 0319 09       		.uleb128 0x9
 691 031a 6C000000 		.4byte	.LVL35
 692 031e A7030000 		.4byte	0x3a7
 693 0322 33030000 		.4byte	0x333
 694 0326 0A       		.uleb128 0xa
 695 0327 01       		.uleb128 0x1
 696 0328 50       		.byte	0x50
 697 0329 02       		.uleb128 0x2
 698 032a 7D       		.byte	0x7d
 699 032b 00       		.sleb128 0
 700 032c 0A       		.uleb128 0xa
 701 032d 01       		.uleb128 0x1
ARM GAS  C:\Users\Riccardo\AppData\Local\Temp\cc2MaInk.s 			page 16


 702 032e 51       		.byte	0x51
 703 032f 02       		.uleb128 0x2
 704 0330 79       		.byte	0x79
 705 0331 00       		.sleb128 0
 706 0332 00       		.byte	0
 707 0333 0B       		.uleb128 0xb
 708 0334 70000000 		.4byte	.LVL36
 709 0338 91030000 		.4byte	0x391
 710 033c 09       		.uleb128 0x9
 711 033d A4000000 		.4byte	.LVL45
 712 0341 7B030000 		.4byte	0x37b
 713 0345 4F030000 		.4byte	0x34f
 714 0349 0A       		.uleb128 0xa
 715 034a 01       		.uleb128 0x1
 716 034b 50       		.byte	0x50
 717 034c 01       		.uleb128 0x1
 718 034d 31       		.byte	0x31
 719 034e 00       		.byte	0
 720 034f 0B       		.uleb128 0xb
 721 0350 A8000000 		.4byte	.LVL46
 722 0354 B2030000 		.4byte	0x3b2
 723 0358 0B       		.uleb128 0xb
 724 0359 AC000000 		.4byte	.LVL47
 725 035d BD030000 		.4byte	0x3bd
 726 0361 0B       		.uleb128 0xb
 727 0362 B0000000 		.4byte	.LVL48
 728 0366 C8030000 		.4byte	0x3c8
 729 036a 00       		.byte	0
 730 036b 13       		.uleb128 0x13
 731 036c 8C000000 		.4byte	0x8c
 732 0370 7B030000 		.4byte	0x37b
 733 0374 14       		.uleb128 0x14
 734 0375 BF000000 		.4byte	0xbf
 735 0379 07       		.byte	0x7
 736 037a 00       		.byte	0
 737 037b 15       		.uleb128 0x15
 738 037c 24020000 		.4byte	.LASF35
 739 0380 24020000 		.4byte	.LASF35
 740 0384 05       		.byte	0x5
 741 0385 26       		.byte	0x26
 742 0386 15       		.uleb128 0x15
 743 0387 5E020000 		.4byte	.LASF36
 744 038b 5E020000 		.4byte	.LASF36
 745 038f 06       		.byte	0x6
 746 0390 5E       		.byte	0x5e
 747 0391 15       		.uleb128 0x15
 748 0392 BA000000 		.4byte	.LASF37
 749 0396 BA000000 		.4byte	.LASF37
 750 039a 06       		.byte	0x6
 751 039b 5C       		.byte	0x5c
 752 039c 15       		.uleb128 0x15
 753 039d A2020000 		.4byte	.LASF38
 754 03a1 A2020000 		.4byte	.LASF38
 755 03a5 06       		.byte	0x6
 756 03a6 60       		.byte	0x60
 757 03a7 15       		.uleb128 0x15
 758 03a8 07020000 		.4byte	.LASF39
ARM GAS  C:\Users\Riccardo\AppData\Local\Temp\cc2MaInk.s 			page 17


 759 03ac 07020000 		.4byte	.LASF39
 760 03b0 06       		.byte	0x6
 761 03b1 67       		.byte	0x67
 762 03b2 15       		.uleb128 0x15
 763 03b3 EF010000 		.4byte	.LASF40
 764 03b7 EF010000 		.4byte	.LASF40
 765 03bb 06       		.byte	0x6
 766 03bc 66       		.byte	0x66
 767 03bd 15       		.uleb128 0x15
 768 03be BE020000 		.4byte	.LASF41
 769 03c2 BE020000 		.4byte	.LASF41
 770 03c6 06       		.byte	0x6
 771 03c7 64       		.byte	0x64
 772 03c8 15       		.uleb128 0x15
 773 03c9 BB010000 		.4byte	.LASF42
 774 03cd BB010000 		.4byte	.LASF42
 775 03d1 06       		.byte	0x6
 776 03d2 65       		.byte	0x65
 777 03d3 00       		.byte	0
 778              		.section	.debug_abbrev,"",%progbits
 779              	.Ldebug_abbrev0:
 780 0000 01       		.uleb128 0x1
 781 0001 11       		.uleb128 0x11
 782 0002 01       		.byte	0x1
 783 0003 25       		.uleb128 0x25
 784 0004 0E       		.uleb128 0xe
 785 0005 13       		.uleb128 0x13
 786 0006 0B       		.uleb128 0xb
 787 0007 03       		.uleb128 0x3
 788 0008 0E       		.uleb128 0xe
 789 0009 1B       		.uleb128 0x1b
 790 000a 0E       		.uleb128 0xe
 791 000b 55       		.uleb128 0x55
 792 000c 17       		.uleb128 0x17
 793 000d 11       		.uleb128 0x11
 794 000e 01       		.uleb128 0x1
 795 000f 10       		.uleb128 0x10
 796 0010 17       		.uleb128 0x17
 797 0011 00       		.byte	0
 798 0012 00       		.byte	0
 799 0013 02       		.uleb128 0x2
 800 0014 16       		.uleb128 0x16
 801 0015 00       		.byte	0
 802 0016 03       		.uleb128 0x3
 803 0017 0E       		.uleb128 0xe
 804 0018 3A       		.uleb128 0x3a
 805 0019 0B       		.uleb128 0xb
 806 001a 3B       		.uleb128 0x3b
 807 001b 0B       		.uleb128 0xb
 808 001c 49       		.uleb128 0x49
 809 001d 13       		.uleb128 0x13
 810 001e 00       		.byte	0
 811 001f 00       		.byte	0
 812 0020 03       		.uleb128 0x3
 813 0021 24       		.uleb128 0x24
 814 0022 00       		.byte	0
 815 0023 0B       		.uleb128 0xb
ARM GAS  C:\Users\Riccardo\AppData\Local\Temp\cc2MaInk.s 			page 18


 816 0024 0B       		.uleb128 0xb
 817 0025 3E       		.uleb128 0x3e
 818 0026 0B       		.uleb128 0xb
 819 0027 03       		.uleb128 0x3
 820 0028 0E       		.uleb128 0xe
 821 0029 00       		.byte	0
 822 002a 00       		.byte	0
 823 002b 04       		.uleb128 0x4
 824 002c 24       		.uleb128 0x24
 825 002d 00       		.byte	0
 826 002e 0B       		.uleb128 0xb
 827 002f 0B       		.uleb128 0xb
 828 0030 3E       		.uleb128 0x3e
 829 0031 0B       		.uleb128 0xb
 830 0032 03       		.uleb128 0x3
 831 0033 08       		.uleb128 0x8
 832 0034 00       		.byte	0
 833 0035 00       		.byte	0
 834 0036 05       		.uleb128 0x5
 835 0037 16       		.uleb128 0x16
 836 0038 00       		.byte	0
 837 0039 03       		.uleb128 0x3
 838 003a 0E       		.uleb128 0xe
 839 003b 3A       		.uleb128 0x3a
 840 003c 0B       		.uleb128 0xb
 841 003d 3B       		.uleb128 0x3b
 842 003e 05       		.uleb128 0x5
 843 003f 49       		.uleb128 0x49
 844 0040 13       		.uleb128 0x13
 845 0041 00       		.byte	0
 846 0042 00       		.byte	0
 847 0043 06       		.uleb128 0x6
 848 0044 2E       		.uleb128 0x2e
 849 0045 01       		.byte	0x1
 850 0046 3F       		.uleb128 0x3f
 851 0047 19       		.uleb128 0x19
 852 0048 03       		.uleb128 0x3
 853 0049 0E       		.uleb128 0xe
 854 004a 3A       		.uleb128 0x3a
 855 004b 0B       		.uleb128 0xb
 856 004c 3B       		.uleb128 0x3b
 857 004d 0B       		.uleb128 0xb
 858 004e 27       		.uleb128 0x27
 859 004f 19       		.uleb128 0x19
 860 0050 49       		.uleb128 0x49
 861 0051 13       		.uleb128 0x13
 862 0052 11       		.uleb128 0x11
 863 0053 01       		.uleb128 0x1
 864 0054 12       		.uleb128 0x12
 865 0055 06       		.uleb128 0x6
 866 0056 40       		.uleb128 0x40
 867 0057 18       		.uleb128 0x18
 868 0058 9742     		.uleb128 0x2117
 869 005a 19       		.uleb128 0x19
 870 005b 01       		.uleb128 0x1
 871 005c 13       		.uleb128 0x13
 872 005d 00       		.byte	0
ARM GAS  C:\Users\Riccardo\AppData\Local\Temp\cc2MaInk.s 			page 19


 873 005e 00       		.byte	0
 874 005f 07       		.uleb128 0x7
 875 0060 05       		.uleb128 0x5
 876 0061 00       		.byte	0
 877 0062 03       		.uleb128 0x3
 878 0063 0E       		.uleb128 0xe
 879 0064 3A       		.uleb128 0x3a
 880 0065 0B       		.uleb128 0xb
 881 0066 3B       		.uleb128 0x3b
 882 0067 0B       		.uleb128 0xb
 883 0068 49       		.uleb128 0x49
 884 0069 13       		.uleb128 0x13
 885 006a 02       		.uleb128 0x2
 886 006b 17       		.uleb128 0x17
 887 006c 00       		.byte	0
 888 006d 00       		.byte	0
 889 006e 08       		.uleb128 0x8
 890 006f 34       		.uleb128 0x34
 891 0070 00       		.byte	0
 892 0071 03       		.uleb128 0x3
 893 0072 0E       		.uleb128 0xe
 894 0073 3A       		.uleb128 0x3a
 895 0074 0B       		.uleb128 0xb
 896 0075 3B       		.uleb128 0x3b
 897 0076 0B       		.uleb128 0xb
 898 0077 49       		.uleb128 0x49
 899 0078 13       		.uleb128 0x13
 900 0079 02       		.uleb128 0x2
 901 007a 18       		.uleb128 0x18
 902 007b 00       		.byte	0
 903 007c 00       		.byte	0
 904 007d 09       		.uleb128 0x9
 905 007e 898201   		.uleb128 0x4109
 906 0081 01       		.byte	0x1
 907 0082 11       		.uleb128 0x11
 908 0083 01       		.uleb128 0x1
 909 0084 31       		.uleb128 0x31
 910 0085 13       		.uleb128 0x13
 911 0086 01       		.uleb128 0x1
 912 0087 13       		.uleb128 0x13
 913 0088 00       		.byte	0
 914 0089 00       		.byte	0
 915 008a 0A       		.uleb128 0xa
 916 008b 8A8201   		.uleb128 0x410a
 917 008e 00       		.byte	0
 918 008f 02       		.uleb128 0x2
 919 0090 18       		.uleb128 0x18
 920 0091 9142     		.uleb128 0x2111
 921 0093 18       		.uleb128 0x18
 922 0094 00       		.byte	0
 923 0095 00       		.byte	0
 924 0096 0B       		.uleb128 0xb
 925 0097 898201   		.uleb128 0x4109
 926 009a 00       		.byte	0
 927 009b 11       		.uleb128 0x11
 928 009c 01       		.uleb128 0x1
 929 009d 31       		.uleb128 0x31
ARM GAS  C:\Users\Riccardo\AppData\Local\Temp\cc2MaInk.s 			page 20


 930 009e 13       		.uleb128 0x13
 931 009f 00       		.byte	0
 932 00a0 00       		.byte	0
 933 00a1 0C       		.uleb128 0xc
 934 00a2 898201   		.uleb128 0x4109
 935 00a5 01       		.byte	0x1
 936 00a6 11       		.uleb128 0x11
 937 00a7 01       		.uleb128 0x1
 938 00a8 31       		.uleb128 0x31
 939 00a9 13       		.uleb128 0x13
 940 00aa 00       		.byte	0
 941 00ab 00       		.byte	0
 942 00ac 0D       		.uleb128 0xd
 943 00ad 2E       		.uleb128 0x2e
 944 00ae 01       		.byte	0x1
 945 00af 3F       		.uleb128 0x3f
 946 00b0 19       		.uleb128 0x19
 947 00b1 03       		.uleb128 0x3
 948 00b2 0E       		.uleb128 0xe
 949 00b3 3A       		.uleb128 0x3a
 950 00b4 0B       		.uleb128 0xb
 951 00b5 3B       		.uleb128 0x3b
 952 00b6 0B       		.uleb128 0xb
 953 00b7 27       		.uleb128 0x27
 954 00b8 19       		.uleb128 0x19
 955 00b9 11       		.uleb128 0x11
 956 00ba 01       		.uleb128 0x1
 957 00bb 12       		.uleb128 0x12
 958 00bc 06       		.uleb128 0x6
 959 00bd 40       		.uleb128 0x40
 960 00be 18       		.uleb128 0x18
 961 00bf 9742     		.uleb128 0x2117
 962 00c1 19       		.uleb128 0x19
 963 00c2 01       		.uleb128 0x1
 964 00c3 13       		.uleb128 0x13
 965 00c4 00       		.byte	0
 966 00c5 00       		.byte	0
 967 00c6 0E       		.uleb128 0xe
 968 00c7 05       		.uleb128 0x5
 969 00c8 00       		.byte	0
 970 00c9 03       		.uleb128 0x3
 971 00ca 0E       		.uleb128 0xe
 972 00cb 3A       		.uleb128 0x3a
 973 00cc 0B       		.uleb128 0xb
 974 00cd 3B       		.uleb128 0x3b
 975 00ce 0B       		.uleb128 0xb
 976 00cf 49       		.uleb128 0x49
 977 00d0 13       		.uleb128 0x13
 978 00d1 02       		.uleb128 0x2
 979 00d2 18       		.uleb128 0x18
 980 00d3 00       		.byte	0
 981 00d4 00       		.byte	0
 982 00d5 0F       		.uleb128 0xf
 983 00d6 0F       		.uleb128 0xf
 984 00d7 00       		.byte	0
 985 00d8 0B       		.uleb128 0xb
 986 00d9 0B       		.uleb128 0xb
ARM GAS  C:\Users\Riccardo\AppData\Local\Temp\cc2MaInk.s 			page 21


 987 00da 49       		.uleb128 0x49
 988 00db 13       		.uleb128 0x13
 989 00dc 00       		.byte	0
 990 00dd 00       		.byte	0
 991 00de 10       		.uleb128 0x10
 992 00df 34       		.uleb128 0x34
 993 00e0 00       		.byte	0
 994 00e1 03       		.uleb128 0x3
 995 00e2 0E       		.uleb128 0xe
 996 00e3 3A       		.uleb128 0x3a
 997 00e4 0B       		.uleb128 0xb
 998 00e5 3B       		.uleb128 0x3b
 999 00e6 0B       		.uleb128 0xb
 1000 00e7 49       		.uleb128 0x49
 1001 00e8 13       		.uleb128 0x13
 1002 00e9 02       		.uleb128 0x2
 1003 00ea 17       		.uleb128 0x17
 1004 00eb 00       		.byte	0
 1005 00ec 00       		.byte	0
 1006 00ed 11       		.uleb128 0x11
 1007 00ee 0B       		.uleb128 0xb
 1008 00ef 01       		.byte	0x1
 1009 00f0 11       		.uleb128 0x11
 1010 00f1 01       		.uleb128 0x1
 1011 00f2 12       		.uleb128 0x12
 1012 00f3 06       		.uleb128 0x6
 1013 00f4 01       		.uleb128 0x1
 1014 00f5 13       		.uleb128 0x13
 1015 00f6 00       		.byte	0
 1016 00f7 00       		.byte	0
 1017 00f8 12       		.uleb128 0x12
 1018 00f9 34       		.uleb128 0x34
 1019 00fa 00       		.byte	0
 1020 00fb 03       		.uleb128 0x3
 1021 00fc 08       		.uleb128 0x8
 1022 00fd 3A       		.uleb128 0x3a
 1023 00fe 0B       		.uleb128 0xb
 1024 00ff 3B       		.uleb128 0x3b
 1025 0100 0B       		.uleb128 0xb
 1026 0101 49       		.uleb128 0x49
 1027 0102 13       		.uleb128 0x13
 1028 0103 02       		.uleb128 0x2
 1029 0104 17       		.uleb128 0x17
 1030 0105 00       		.byte	0
 1031 0106 00       		.byte	0
 1032 0107 13       		.uleb128 0x13
 1033 0108 01       		.uleb128 0x1
 1034 0109 01       		.byte	0x1
 1035 010a 49       		.uleb128 0x49
 1036 010b 13       		.uleb128 0x13
 1037 010c 01       		.uleb128 0x1
 1038 010d 13       		.uleb128 0x13
 1039 010e 00       		.byte	0
 1040 010f 00       		.byte	0
 1041 0110 14       		.uleb128 0x14
 1042 0111 21       		.uleb128 0x21
 1043 0112 00       		.byte	0
ARM GAS  C:\Users\Riccardo\AppData\Local\Temp\cc2MaInk.s 			page 22


 1044 0113 49       		.uleb128 0x49
 1045 0114 13       		.uleb128 0x13
 1046 0115 2F       		.uleb128 0x2f
 1047 0116 0B       		.uleb128 0xb
 1048 0117 00       		.byte	0
 1049 0118 00       		.byte	0
 1050 0119 15       		.uleb128 0x15
 1051 011a 2E       		.uleb128 0x2e
 1052 011b 00       		.byte	0
 1053 011c 3F       		.uleb128 0x3f
 1054 011d 19       		.uleb128 0x19
 1055 011e 3C       		.uleb128 0x3c
 1056 011f 19       		.uleb128 0x19
 1057 0120 6E       		.uleb128 0x6e
 1058 0121 0E       		.uleb128 0xe
 1059 0122 03       		.uleb128 0x3
 1060 0123 0E       		.uleb128 0xe
 1061 0124 3A       		.uleb128 0x3a
 1062 0125 0B       		.uleb128 0xb
 1063 0126 3B       		.uleb128 0x3b
 1064 0127 0B       		.uleb128 0xb
 1065 0128 00       		.byte	0
 1066 0129 00       		.byte	0
 1067 012a 00       		.byte	0
 1068              		.section	.debug_loc,"",%progbits
 1069              	.Ldebug_loc0:
 1070              	.LLST0:
 1071 0000 00000000 		.4byte	.LVL0
 1072 0004 06000000 		.4byte	.LVL1
 1073 0008 0100     		.2byte	0x1
 1074 000a 50       		.byte	0x50
 1075 000b 06000000 		.4byte	.LVL1
 1076 000f 2A000000 		.4byte	.LFE0
 1077 0013 0400     		.2byte	0x4
 1078 0015 F3       		.byte	0xf3
 1079 0016 01       		.uleb128 0x1
 1080 0017 50       		.byte	0x50
 1081 0018 9F       		.byte	0x9f
 1082 0019 00000000 		.4byte	0
 1083 001d 00000000 		.4byte	0
 1084              	.LLST1:
 1085 0021 00000000 		.4byte	.LVL8
 1086 0025 06000000 		.4byte	.LVL9
 1087 0029 0100     		.2byte	0x1
 1088 002b 50       		.byte	0x50
 1089 002c 06000000 		.4byte	.LVL9
 1090 0030 34000000 		.4byte	.LFE1
 1091 0034 0400     		.2byte	0x4
 1092 0036 F3       		.byte	0xf3
 1093 0037 01       		.uleb128 0x1
 1094 0038 50       		.byte	0x50
 1095 0039 9F       		.byte	0x9f
 1096 003a 00000000 		.4byte	0
 1097 003e 00000000 		.4byte	0
 1098              	.LLST2:
 1099 0042 00000000 		.4byte	.LVL19
 1100 0046 10000000 		.4byte	.LVL20
ARM GAS  C:\Users\Riccardo\AppData\Local\Temp\cc2MaInk.s 			page 23


 1101 004a 0100     		.2byte	0x1
 1102 004c 50       		.byte	0x50
 1103 004d 10000000 		.4byte	.LVL20
 1104 0051 4C000000 		.4byte	.LVL32
 1105 0055 0100     		.2byte	0x1
 1106 0057 56       		.byte	0x56
 1107 0058 4C000000 		.4byte	.LVL32
 1108 005c B6000000 		.4byte	.LFE3
 1109 0060 0400     		.2byte	0x4
 1110 0062 F3       		.byte	0xf3
 1111 0063 01       		.uleb128 0x1
 1112 0064 50       		.byte	0x50
 1113 0065 9F       		.byte	0x9f
 1114 0066 00000000 		.4byte	0
 1115 006a 00000000 		.4byte	0
 1116              	.LLST3:
 1117 006e 00000000 		.4byte	.LVL19
 1118 0072 13000000 		.4byte	.LVL21-1
 1119 0076 0100     		.2byte	0x1
 1120 0078 51       		.byte	0x51
 1121 0079 13000000 		.4byte	.LVL21-1
 1122 007d B6000000 		.4byte	.LFE3
 1123 0081 0400     		.2byte	0x4
 1124 0083 F3       		.byte	0xf3
 1125 0084 01       		.uleb128 0x1
 1126 0085 51       		.byte	0x51
 1127 0086 9F       		.byte	0x9f
 1128 0087 00000000 		.4byte	0
 1129 008b 00000000 		.4byte	0
 1130              	.LLST4:
 1131 008f 00000000 		.4byte	.LVL19
 1132 0093 13000000 		.4byte	.LVL21-1
 1133 0097 0100     		.2byte	0x1
 1134 0099 52       		.byte	0x52
 1135 009a 13000000 		.4byte	.LVL21-1
 1136 009e B6000000 		.4byte	.LFE3
 1137 00a2 0100     		.2byte	0x1
 1138 00a4 57       		.byte	0x57
 1139 00a5 00000000 		.4byte	0
 1140 00a9 00000000 		.4byte	0
 1141              	.LLST5:
 1142 00ad 00000000 		.4byte	.LVL19
 1143 00b1 13000000 		.4byte	.LVL21-1
 1144 00b5 0100     		.2byte	0x1
 1145 00b7 53       		.byte	0x53
 1146 00b8 13000000 		.4byte	.LVL21-1
 1147 00bc B6000000 		.4byte	.LFE3
 1148 00c0 0400     		.2byte	0x4
 1149 00c2 F3       		.byte	0xf3
 1150 00c3 01       		.uleb128 0x1
 1151 00c4 53       		.byte	0x53
 1152 00c5 9F       		.byte	0x9f
 1153 00c6 00000000 		.4byte	0
 1154 00ca 00000000 		.4byte	0
 1155              	.LLST6:
 1156 00ce 16000000 		.4byte	.LVL22
 1157 00d2 38000000 		.4byte	.LVL26
ARM GAS  C:\Users\Riccardo\AppData\Local\Temp\cc2MaInk.s 			page 24


 1158 00d6 0100     		.2byte	0x1
 1159 00d8 54       		.byte	0x54
 1160 00d9 3A000000 		.4byte	.LVL27
 1161 00dd 54000000 		.4byte	.LVL33
 1162 00e1 0100     		.2byte	0x1
 1163 00e3 54       		.byte	0x54
 1164 00e4 54000000 		.4byte	.LVL33
 1165 00e8 90000000 		.4byte	.LVL41
 1166 00ec 0100     		.2byte	0x1
 1167 00ee 58       		.byte	0x58
 1168 00ef 94000000 		.4byte	.LVL42
 1169 00f3 B6000000 		.4byte	.LFE3
 1170 00f7 0100     		.2byte	0x1
 1171 00f9 58       		.byte	0x58
 1172 00fa 00000000 		.4byte	0
 1173 00fe 00000000 		.4byte	0
 1174              	.LLST7:
 1175 0102 16000000 		.4byte	.LVL22
 1176 0106 1A000000 		.4byte	.LVL23
 1177 010a 0200     		.2byte	0x2
 1178 010c 30       		.byte	0x30
 1179 010d 9F       		.byte	0x9f
 1180 010e 1A000000 		.4byte	.LVL23
 1181 0112 3C000000 		.4byte	.LVL28
 1182 0116 0100     		.2byte	0x1
 1183 0118 55       		.byte	0x55
 1184 0119 3E000000 		.4byte	.LVL29
 1185 011d 54000000 		.4byte	.LVL33
 1186 0121 0100     		.2byte	0x1
 1187 0123 55       		.byte	0x55
 1188 0124 54000000 		.4byte	.LVL33
 1189 0128 56000000 		.4byte	.LVL34
 1190 012c 0200     		.2byte	0x2
 1191 012e 30       		.byte	0x30
 1192 012f 9F       		.byte	0x9f
 1193 0130 56000000 		.4byte	.LVL34
 1194 0134 96000000 		.4byte	.LVL43
 1195 0138 0100     		.2byte	0x1
 1196 013a 56       		.byte	0x56
 1197 013b 98000000 		.4byte	.LVL44
 1198 013f B6000000 		.4byte	.LFE3
 1199 0143 0100     		.2byte	0x1
 1200 0145 56       		.byte	0x56
 1201 0146 00000000 		.4byte	0
 1202 014a 00000000 		.4byte	0
 1203              	.LLST8:
 1204 014e 7A000000 		.4byte	.LVL37
 1205 0152 86000000 		.4byte	.LVL39
 1206 0156 0100     		.2byte	0x1
 1207 0158 54       		.byte	0x54
 1208 0159 88000000 		.4byte	.LVL40
 1209 015d 98000000 		.4byte	.LVL44
 1210 0161 0100     		.2byte	0x1
 1211 0163 54       		.byte	0x54
 1212 0164 00000000 		.4byte	0
 1213 0168 00000000 		.4byte	0
 1214              		.section	.debug_aranges,"",%progbits
ARM GAS  C:\Users\Riccardo\AppData\Local\Temp\cc2MaInk.s 			page 25


 1215 0000 34000000 		.4byte	0x34
 1216 0004 0200     		.2byte	0x2
 1217 0006 00000000 		.4byte	.Ldebug_info0
 1218 000a 04       		.byte	0x4
 1219 000b 00       		.byte	0
 1220 000c 0000     		.2byte	0
 1221 000e 0000     		.2byte	0
 1222 0010 00000000 		.4byte	.LFB0
 1223 0014 2A000000 		.4byte	.LFE0-.LFB0
 1224 0018 00000000 		.4byte	.LFB1
 1225 001c 34000000 		.4byte	.LFE1-.LFB1
 1226 0020 00000000 		.4byte	.LFB2
 1227 0024 02000000 		.4byte	.LFE2-.LFB2
 1228 0028 00000000 		.4byte	.LFB3
 1229 002c B6000000 		.4byte	.LFE3-.LFB3
 1230 0030 00000000 		.4byte	0
 1231 0034 00000000 		.4byte	0
 1232              		.section	.debug_ranges,"",%progbits
 1233              	.Ldebug_ranges0:
 1234 0000 00000000 		.4byte	.LFB0
 1235 0004 2A000000 		.4byte	.LFE0
 1236 0008 00000000 		.4byte	.LFB1
 1237 000c 34000000 		.4byte	.LFE1
 1238 0010 00000000 		.4byte	.LFB2
 1239 0014 02000000 		.4byte	.LFE2
 1240 0018 00000000 		.4byte	.LFB3
 1241 001c B6000000 		.4byte	.LFE3
 1242 0020 00000000 		.4byte	0
 1243 0024 00000000 		.4byte	0
 1244              		.section	.debug_line,"",%progbits
 1245              	.Ldebug_line0:
 1246 0000 F0010000 		.section	.debug_str,"MS",%progbits,1
 1246      02005D01 
 1246      00000201 
 1246      FB0E0D00 
 1246      01010101 
 1247              	.LASF0:
 1248 0000 5F5F696E 		.ascii	"__int8_t\000"
 1248      74385F74 
 1248      00
 1249              	.LASF1:
 1250 0009 5F5F7569 		.ascii	"__uint8_t\000"
 1250      6E74385F 
 1250      7400
 1251              	.LASF45:
 1252 0013 433A5C55 		.ascii	"C:\\Users\\Riccardo\\Desktop\\Final Project\\Final_"
 1252      73657273 
 1252      5C526963 
 1252      63617264 
 1252      6F5C4465 
 1253 0041 50726F6A 		.ascii	"Project\\Final_Project.cydsn\000"
 1253      6563745C 
 1253      46696E61 
 1253      6C5F5072 
 1253      6F6A6563 
 1254              	.LASF32:
 1255 005d 636F756E 		.ascii	"count\000"
ARM GAS  C:\Users\Riccardo\AppData\Local\Temp\cc2MaInk.s 			page 26


 1255      7400
 1256              	.LASF27:
 1257 0063 6E427974 		.ascii	"nBytes\000"
 1257      657300
 1258              	.LASF5:
 1259 006a 73686F72 		.ascii	"short unsigned int\000"
 1259      7420756E 
 1259      7369676E 
 1259      65642069 
 1259      6E7400
 1260              	.LASF21:
 1261 007d 62797465 		.ascii	"byte\000"
 1261      00
 1262              	.LASF28:
 1263 0082 5350495F 		.ascii	"SPI_Interface_Multi_Trade\000"
 1263      496E7465 
 1263      72666163 
 1263      655F4D75 
 1263      6C74695F 
 1264              	.LASF29:
 1265 009c 5350495F 		.ascii	"SPI_Interface_Multi_RW\000"
 1265      496E7465 
 1265      72666163 
 1265      655F4D75 
 1265      6C74695F 
 1266              	.LASF11:
 1267 00b3 696E7438 		.ascii	"int8_t\000"
 1267      5F7400
 1268              	.LASF37:
 1269 00ba 5350494D 		.ascii	"SPIM_1_ReadTxStatus\000"
 1269      5F315F52 
 1269      65616454 
 1269      78537461 
 1269      74757300 
 1270              	.LASF22:
 1271 00ce 62797465 		.ascii	"byteTX\000"
 1271      545800
 1272              	.LASF14:
 1273 00d5 666C6F61 		.ascii	"float\000"
 1273      7400
 1274              	.LASF23:
 1275 00db 64617461 		.ascii	"data\000"
 1275      00
 1276              	.LASF20:
 1277 00e0 5350495F 		.ascii	"SPI_Interface_ReadByte\000"
 1277      496E7465 
 1277      72666163 
 1277      655F5265 
 1277      61644279 
 1278              	.LASF3:
 1279 00f7 756E7369 		.ascii	"unsigned char\000"
 1279      676E6564 
 1279      20636861 
 1279      7200
 1280              	.LASF43:
 1281 0105 474E5520 		.ascii	"GNU C11 5.4.1 20160609 (release) [ARM/embedded-5-br"
 1281      43313120 
ARM GAS  C:\Users\Riccardo\AppData\Local\Temp\cc2MaInk.s 			page 27


 1281      352E342E 
 1281      31203230 
 1281      31363036 
 1282 0138 616E6368 		.ascii	"anch revision 237715] -mcpu=cortex-m3 -mthumb -g -O"
 1282      20726576 
 1282      6973696F 
 1282      6E203233 
 1282      37373135 
 1283 016b 67202D66 		.ascii	"g -ffunction-sections -ffat-lto-objects\000"
 1283      66756E63 
 1283      74696F6E 
 1283      2D736563 
 1283      74696F6E 
 1284              	.LASF44:
 1285 0193 5350495F 		.ascii	"SPI_Interface.c\000"
 1285      496E7465 
 1285      72666163 
 1285      652E6300 
 1286              	.LASF7:
 1287 01a3 6C6F6E67 		.ascii	"long unsigned int\000"
 1287      20756E73 
 1287      69676E65 
 1287      6420696E 
 1287      7400
 1288              	.LASF13:
 1289 01b5 75696E74 		.ascii	"uint8\000"
 1289      3800
 1290              	.LASF42:
 1291 01bb 5350494D 		.ascii	"SPIM_1_ClearTxBuffer\000"
 1291      5F315F43 
 1291      6C656172 
 1291      54784275 
 1291      66666572 
 1292              	.LASF15:
 1293 01d0 646F7562 		.ascii	"double\000"
 1293      6C6500
 1294              	.LASF19:
 1295 01d7 5350495F 		.ascii	"SPI_Interface_tradeByte\000"
 1295      496E7465 
 1295      72666163 
 1295      655F7472 
 1295      61646542 
 1296              	.LASF40:
 1297 01ef 5350494D 		.ascii	"SPIM_1_ClearFIFO\000"
 1297      5F315F43 
 1297      6C656172 
 1297      4649464F 
 1297      00
 1298              	.LASF24:
 1299 0200 62797465 		.ascii	"byteRX\000"
 1299      525800
 1300              	.LASF39:
 1301 0207 5350494D 		.ascii	"SPIM_1_PutArray\000"
 1301      5F315F50 
 1301      75744172 
 1301      72617900 
 1302              	.LASF10:
ARM GAS  C:\Users\Riccardo\AppData\Local\Temp\cc2MaInk.s 			page 28


 1303 0217 756E7369 		.ascii	"unsigned int\000"
 1303      676E6564 
 1303      20696E74 
 1303      00
 1304              	.LASF35:
 1305 0224 43535F31 		.ascii	"CS_1_Write\000"
 1305      5F577269 
 1305      746500
 1306              	.LASF9:
 1307 022f 6C6F6E67 		.ascii	"long long unsigned int\000"
 1307      206C6F6E 
 1307      6720756E 
 1307      7369676E 
 1307      65642069 
 1308              	.LASF12:
 1309 0246 75696E74 		.ascii	"uint8_t\000"
 1309      385F7400 
 1310              	.LASF31:
 1311 024e 62797465 		.ascii	"bytesRX\000"
 1311      73525800 
 1312              	.LASF34:
 1313 0256 64756D6D 		.ascii	"dummyTX\000"
 1313      79545800 
 1314              	.LASF36:
 1315 025e 5350494D 		.ascii	"SPIM_1_WriteTxData\000"
 1315      5F315F57 
 1315      72697465 
 1315      54784461 
 1315      746100
 1316              	.LASF26:
 1317 0271 64617461 		.ascii	"dataRX\000"
 1317      525800
 1318              	.LASF30:
 1319 0278 62797465 		.ascii	"bytesTX\000"
 1319      73545800 
 1320              	.LASF18:
 1321 0280 73697A65 		.ascii	"sizetype\000"
 1321      74797065 
 1321      00
 1322              	.LASF8:
 1323 0289 6C6F6E67 		.ascii	"long long int\000"
 1323      206C6F6E 
 1323      6720696E 
 1323      7400
 1324              	.LASF16:
 1325 0297 63686172 		.ascii	"char\000"
 1325      00
 1326              	.LASF33:
 1327 029c 696E6465 		.ascii	"index\000"
 1327      7800
 1328              	.LASF38:
 1329 02a2 5350494D 		.ascii	"SPIM_1_ReadRxData\000"
 1329      5F315F52 
 1329      65616452 
 1329      78446174 
 1329      6100
 1330              	.LASF4:
ARM GAS  C:\Users\Riccardo\AppData\Local\Temp\cc2MaInk.s 			page 29


 1331 02b4 73686F72 		.ascii	"short int\000"
 1331      7420696E 
 1331      7400
 1332              	.LASF41:
 1333 02be 5350494D 		.ascii	"SPIM_1_ClearRxBuffer\000"
 1333      5F315F43 
 1333      6C656172 
 1333      52784275 
 1333      66666572 
 1334              	.LASF6:
 1335 02d3 6C6F6E67 		.ascii	"long int\000"
 1335      20696E74 
 1335      00
 1336              	.LASF17:
 1337 02dc 6C6F6E67 		.ascii	"long double\000"
 1337      20646F75 
 1337      626C6500 
 1338              	.LASF2:
 1339 02e8 7369676E 		.ascii	"signed char\000"
 1339      65642063 
 1339      68617200 
 1340              	.LASF25:
 1341 02f4 64617461 		.ascii	"dataTX\000"
 1341      545800
 1342              		.ident	"GCC: (GNU Tools for ARM Embedded Processors) 5.4.1 20160609 (release) [ARM/embedded-5-bran
