--------------- Build Started: 05/23/2020 09:59:55 Project: Final_Project, Configuration: ARM GCC 5.4-2016-q2-update Debug ---------------
cydsfit.exe -.appdatapath "C:\Users\Riccardo\AppData\Local\Cypress Semiconductor\PSoC Creator\4.3" -.fdsnotice -.fdswarpdepfile=warp_dependencies.txt -.fdselabdepfile=elab_dependencies.txt -.fdsbldfile=generated_files.txt -.fdsreffile=referenced_files.txt -p "C:\Users\Riccardo\Desktop\Final Project\Final_Project\Final_Project.cydsn\Final_Project.cyprj" -d CY8C5888LTI-LP097 -s "C:\Users\Riccardo\Desktop\Final Project\Final_Project\Final_Project.cydsn\Generated_Source\PSoC5" -- -yv2 -q10 -ygs -o2 -v3 -.fftcfgtype=LE
Elaborating Design...
HDL Generation...
Synthesis...
Tech Mapping...
Info: plm.M0038: The pin named INT_LIS3DH(0) at location P12[4] prevents usage of special purposes: I2C:SCL. (App=cydsfit)
Analog Placement...
Info: apr.M0002: Analog signal "\ADC_DelSig:Net_35\" is connected to one terminal only. (App=cydsfit)
Analog Routing...
Analog Code Generation...
Digital Placement...
Digital Routing...
Bitstream Generation...
Bitstream Verification...
Static timing analysis...
API Generation...
Dependency Generation...
Cleanup...
--------------- Build Skipped: 05/23/2020 10:00:09 ---------------
